[shovill] Hello stranger
[shovill] You ran: /shovill/shovill-1.1.0/bin/shovill --R1 2147119_S9_L001_R1_001.fastq.gz --R2 2147119_S9_L001_R2_001.fastq.gz --minlen 500 --gsize 1800000 --mincov 10.0 --assembler skesa --cpus 6 --ram 36 --outdir ./SRR38287102_shovill_output --force
[shovill] This is shovill 1.1.0
[shovill] Written by Torsten Seemann
[shovill] Homepage is https://github.com/tseemann/shovill
[shovill] Operating system is linux
[shovill] Perl version is v5.22.1
[shovill] Machine has 112 CPU cores and 503.32 GB RAM
[shovill] Using bwa - /bwa/bwa-0.7.17/bwa | Version: 0.7.17-r1188
[shovill] Using flash - /flash/FLASH-1.2.11/flash | FLASH v1.2.11
[shovill] Using java - /usr/bin/java | openjdk version "9-internal"
[shovill] Using kmc - /kmc/kmc | K-Mer Counter (KMC) ver. 3.1.1 (2019-05-19)
[shovill] Using lighter - /Lighter-1.1.1/lighter | Lighter v1.1.1
[shovill] Using megahit - /megahit/megahit_v1.1.4_LINUX_CPUONLY_x86_64-bin/megahit | MEGAHIT v1.1.3
[shovill] Using megahit_toolkit - /megahit/megahit_v1.1.4_LINUX_CPUONLY_x86_64-bin/megahit_toolkit | v1.1.3
[shovill] Using pigz - /usr/bin/pigz | pigz 2.3.1
[shovill] Using pilon - /pilon/pilon | Pilon version 1.22 Wed Mar 15 16:38:30 2017 -0400
[shovill] Using samclip - /samclip/samclip | samclip 0.4.0
[shovill] Using samtools - /usr/local/bin/samtools | Version: 1.10 (using htslib 1.10)
[shovill] Using seqtk - /usr/local/bin/seqtk | Version: 1.3-r106
[shovill] Using skesa - /skesa/skesa | SKESA v.2.3.0
[shovill] Using spades.py - /SPAdes-3.14.1-Linux/bin/spades.py | SPAdes genome assembler v3.14.1
[shovill] Using trimmomatic - /trimmomatic/trimmomatic | 0.38
[shovill] Using velvetg - /velvet/velvet-1.2.10/velvetg | Version 1.2.10
[shovill] Using velveth - /velvet/velvet-1.2.10/velveth | Version 1.2.10
[shovill] Found spades version: 003014000
[shovill] Using tempdir: /tmp/mKIfhXUP4A
[shovill] Changing into folder: /Volumes/NGS_2/Bioinformatics/eriny/aphl_hackathon_2026/work/80/1ba5fea7e5c0393fb5a61ddad00448/SRR38287102_shovill_output
[shovill] Collecting raw read statistics with 'seqtk'
[shovill] Running: seqtk fqchk -q3 \/Volumes\/NGS_2\/pulsenet_and_arln\/UT\-SH00792\-260422\/reads\/2147119_S9_L001_R1_001\.fastq\.gz >/tmp/bg17Ghg7Wp 2>&1 | sed 's/^/[seqtk] /' | tee -a shovill.log
[shovill] Read stats: total_bp = 232853312
[shovill] Read stats: max_len = 151
[shovill] Read stats: avg_len = 139
[shovill] Read stats: min_len = 35
[shovill] Using genome size 1800000 bp
[shovill] Estimated sequencing depth: 129 x
[shovill] No read depth reduction requested or necessary.
[shovill] Appending -Xmx36g to _JAVA_OPTIONS
[shovill] Running: ln -sf \/Volumes\/NGS_2\/pulsenet_and_arln\/UT\-SH00792\-260422\/reads\/2147119_S9_L001_R1_001\.fastq\.gz R1.fq.gz 2>&1 | sed 's/^/[ln] /' | tee -a shovill.log
[shovill] Running: ln -sf \/Volumes\/NGS_2\/pulsenet_and_arln\/UT\-SH00792\-260422\/reads\/2147119_S9_L001_R2_001\.fastq\.gz R2.fq.gz 2>&1 | sed 's/^/[ln] /' | tee -a shovill.log
[shovill] Average read length looks like 139 bp
[shovill] Setting k-mer range to (31 .. 104)
[shovill] Estimated K-mers: 31 49 67 85 103 [kn=5, ks=18, kmin=31, kmax=104]
[shovill] Using kmers: 31,49,67,85,103
[shovill] Correcting reads with 'Lighter'
[shovill] Running: lighter -od . -r R1.fq.gz -r R2.fq.gz -K 32 1800000 -t 6 -maxcor 1 2>&1 | sed 's/^/[lighter] /' | tee -a shovill.log
[lighter] [2026-05-01 18:29:40] =============Start====================
[lighter] [2026-05-01 18:29:40] Scanning the input files to infer alpha(sampling rate)
[lighter] [2026-05-01 18:29:42] Average coverage is 129.373 and alpha is 0.054
[lighter] [2026-05-01 18:29:43] Bad quality threshold is "8"
[lighter] [2026-05-01 18:29:46] Finish sampling kmers
[lighter] [2026-05-01 18:29:46] Bloom filter A's false positive rate: 0.003140
[lighter] [2026-05-01 18:29:52] Finish storing trusted kmers
[lighter] [2026-05-01 18:29:59] Finish error correction
[lighter] Processed 1674080 reads:
[lighter] 	1572225 are error-free
[lighter] 	Corrected 120791 bases(1.185911 corrections for reads with errors)
[lighter] 	Trimmed 0 reads with average trimmed bases 0.000000
[lighter] 	Discard 0 reads
[shovill] Overlapping/stitching PE reads with 'FLASH'
[shovill] Running: flash -m 20 -M 151 -d . -o flash -z -t 6 R1.cor.fq.gz R2.cor.fq.gz 2>&1 | sed 's/^//' | tee -a shovill.log
[FLASH] Starting FLASH v1.2.11
[FLASH] Fast Length Adjustment of SHort reads
[FLASH]  
[FLASH] Input files:
[FLASH]     R1.cor.fq.gz
[FLASH]     R2.cor.fq.gz
[FLASH]  
[FLASH] Output files:
[FLASH]     ./flash.extendedFrags.fastq.gz
[FLASH]     ./flash.notCombined_1.fastq.gz
[FLASH]     ./flash.notCombined_2.fastq.gz
[FLASH]     ./flash.hist
[FLASH]     ./flash.histogram
[FLASH]  
[FLASH] Parameters:
[FLASH]     Min overlap:           20
[FLASH]     Max overlap:           151
[FLASH]     Max mismatch density:  0.250000
[FLASH]     Allow "outie" pairs:   false
[FLASH]     Cap mismatch quals:    false
[FLASH]     Combiner threads:      6
[FLASH]     Input format:          FASTQ, phred_offset=33
[FLASH]     Output format:         FASTQ, phred_offset=33, gzip
[FLASH]  
[FLASH] Starting reader and writer threads
[FLASH] Starting 6 combiner threads
[FLASH] Processed 25000 read pairs
[FLASH] Processed 50000 read pairs
[FLASH] Processed 75000 read pairs
[FLASH] Processed 100000 read pairs
[FLASH] Processed 125000 read pairs
[FLASH] Processed 150000 read pairs
[FLASH] Processed 175000 read pairs
[FLASH] Processed 200000 read pairs
[FLASH] Processed 225000 read pairs
[FLASH] Processed 250000 read pairs
[FLASH] Processed 275000 read pairs
[FLASH] Processed 300000 read pairs
[FLASH] Processed 325000 read pairs
[FLASH] Processed 350000 read pairs
[FLASH] Processed 375000 read pairs
[FLASH] Processed 400000 read pairs
[FLASH] Processed 425000 read pairs
[FLASH] Processed 450000 read pairs
[FLASH] Processed 475000 read pairs
[FLASH] Processed 500000 read pairs
[FLASH] Processed 525000 read pairs
[FLASH] Processed 550000 read pairs
[FLASH] Processed 575000 read pairs
[FLASH] Processed 600000 read pairs
[FLASH] Processed 625000 read pairs
[FLASH] Processed 650000 read pairs
[FLASH] Processed 675000 read pairs
[FLASH] Processed 700000 read pairs
[FLASH] Processed 725000 read pairs
[FLASH] Processed 750000 read pairs
[FLASH] Processed 775000 read pairs
[FLASH] Processed 800000 read pairs
[FLASH] Processed 825000 read pairs
[FLASH] Processed 837040 read pairs
[FLASH]  
[FLASH] Read combination statistics:
[FLASH]     Total pairs:      837040
[FLASH]     Combined pairs:   345695
[FLASH]     Uncombined pairs: 491345
[FLASH]     Percent combined: 41.30%
[FLASH]  
[FLASH] Writing histogram files.
[FLASH]  
[FLASH] FLASH v1.2.11 complete!
[FLASH] 14.718 seconds elapsed
[shovill] Assembling reads with 'skesa'
[shovill] Running: skesa --gz  --fastq flash.extendedFrags.fastq.gz --fastq flash.notCombined_1.fastq.gz,flash.notCombined_2.fastq.gz --use_paired_ends --contigs_out skesa.fasta --min_contig 1 --memory 36 --cores 6 --vector_percent 1 2>&1 | sed 's/^/[skesa] /' | tee -a shovill.log
[skesa] skesa --gz --fastq flash.extendedFrags.fastq.gz --fastq flash.notCombined_1.fastq.gz,flash.notCombined_2.fastq.gz --use_paired_ends --contigs_out skesa.fasta --min_contig 1 --memory 36 --cores 6 --vector_percent 1 
[skesa] 
[skesa] WARNING: option --gz is deprecated - gzipped files are now recognized automatically
[skesa] Total mates: 1328385 Paired reads: 491345
[skesa] Reads acquired in  9.566469s wall, 9.260000s user + 0.070000s system = 9.330000s CPU (97.5%)
[skesa] Adapters clip is disabled
[skesa] 
[skesa] Kmer len: 21
[skesa] Raw kmers: 176174717 Memory needed (GB): 3.38255 Memory available (GB): 33.9034 1 cycle(s) will be performed
[skesa] Distinct kmers: 1858908
[skesa] Kmer count in  5.585581s wall, 29.140000s user + 2.380000s system = 31.520000s CPU (564.3%)
[skesa] Uniq kmers merging in  0.071014s wall, 0.080000s user + 0.080000s system = 0.160000s CPU (225.3%)
[skesa] WARNING: --min_count changed from 2 to 3 because of high coverage for genome size 1593800
[skesa] WARNING: --max_kmer_count 10 to 13 because of high coverage for genome size 1593800
[skesa] Kmers branching in  0.553604s wall, 2.640000s user + 0.000000s system = 2.640000s CPU (476.9%)
[skesa] 
[skesa] Average read length: 153
[skesa] Genome size estimate: 1593800
[skesa] 
[skesa] Kmer: 21 Graph size: 1851349 Contigs in: 0
[skesa] Valley: 21
[skesa] 
[skesa] Mark used kmers in  0.000001s wall, 0.000000s user + 0.000000s system = 0.000000s CPU (n/a%)
[skesa] Kmers in multiple/single contigs: 0 0
[skesa] Fragments before: 432 1839801
[skesa] Fragments after: 404 1839801
[skesa] New seeds: 302
[skesa] New seeds in  0.562602s wall, 3.300000s user + 0.000000s system = 3.300000s CPU (586.6%)
[skesa] Fragments before: 604 12684
[skesa] Fragments after: 604 12684
[skesa] Connectors: 0 Extenders: 604
[skesa] Connections and extensions in  0.094037s wall, 0.510000s user + 0.010000s system = 0.520000s CPU (553.0%)
[skesa] Contigs out: 302 Genome: 1827216 N50: 19037 L50: 31
[skesa] Assembled in  0.667647s wall, 3.820000s user + 0.010000s system = 3.830000s CPU (573.7%)
[skesa] 
[skesa] 
[skesa] Kmer len: 133
[skesa] Raw kmers: 34803484 Memory needed (GB): 2.00468 Memory available (GB): 33.8718 1 cycle(s) will be performed
[skesa] Distinct kmers: 1854509
[skesa] Kmer count in  2.533583s wall, 10.280000s user + 0.750000s system = 11.030000s CPU (435.4%)
[skesa] Uniq kmers merging in  0.192795s wall, 0.180000s user + 0.160000s system = 0.340000s CPU (176.4%)
[skesa] 
[skesa] Average count: 88.4189 Max kmer: 133
[skesa] Connected: 9450 ambiguously connected: 321 from 10000 mate pairs
[skesa] Connect pairs in  6.407602s wall, 36.710000s user + 0.030000s system = 36.740000s CPU (573.4%)
[skesa] 
[skesa] N50 for inserts: 442
[skesa] 
[skesa] Seed kmers: 0
[skesa] Cleaned reads: 159332
[skesa] Reads for connection: 79684
[skesa] Internal reads: 8224
[skesa] Reads cleaned in  0.613544s wall, 3.020000s user + 0.020000s system = 3.040000s CPU (495.5%)
[skesa] 
[skesa] Kmer len: 31
[skesa] Raw kmers: 19733848 Memory needed (GB): 0.37889 Memory available (GB): 33.9574 1 cycle(s) will be performed
[skesa] Distinct kmers: 331643
[skesa] Kmer count in  0.555221s wall, 3.030000s user + 0.090000s system = 3.120000s CPU (561.9%)
[skesa] Uniq kmers merging in  0.017982s wall, 0.030000s user + 0.010000s system = 0.040000s CPU (222.4%)
[skesa] Kmers branching in  0.078621s wall, 0.390000s user + 0.000000s system = 0.390000s CPU (496.1%)
[skesa] Kmer: 31 Graph size: 331643 Contigs in: 302
[skesa] Valley: 52
[skesa] 
[skesa] Mark used kmers in  0.089011s wall, 0.500000s user + 0.000000s system = 0.500000s CPU (561.7%)
[skesa] Kmers in multiple/single contigs: 0 299349
[skesa] Fragments before: 491 25040
[skesa] Fragments after: 472 25040
[skesa] New seeds: 16
[skesa] New seeds in  0.074113s wall, 0.380000s user + 0.010000s system = 0.390000s CPU (526.2%)
[skesa] Fragments before: 636 20376
[skesa] Fragments after: 453 20376
[skesa] Connectors: 183 Extenders: 270
[skesa] Connections and extensions in  0.124456s wall, 0.590000s user + 0.000000s system = 0.590000s CPU (474.1%)
[skesa] Contigs out: 135 Genome: 1836762 N50: 50801 L50: 8
[skesa] Assembled in  0.292770s wall, 1.480000s user + 0.010000s system = 1.490000s CPU (508.9%)
[skesa] 
[skesa] Seed kmers: 0
[skesa] Cleaned reads: 82304
[skesa] Reads for connection: 42500
[skesa] Internal reads: 3800
[skesa] Reads cleaned in  0.365271s wall, 1.780000s user + 0.030000s system = 1.810000s CPU (495.5%)
[skesa] 
[skesa] Kmer len: 43
[skesa] Raw kmers: 9229652 Memory needed (GB): 0.265814 Memory available (GB): 33.9571 1 cycle(s) will be performed
[skesa] Distinct kmers: 140663
[skesa] Kmer count in  0.324084s wall, 1.690000s user + 0.040000s system = 1.730000s CPU (533.8%)
[skesa] Uniq kmers merging in  0.009292s wall, 0.020000s user + 0.010000s system = 0.030000s CPU (322.9%)
[skesa] Kmers branching in  0.034642s wall, 0.190000s user + 0.000000s system = 0.190000s CPU (548.5%)
[skesa] Kmer: 43 Graph size: 140663 Contigs in: 135
[skesa] Valley: 45
[skesa] 
[skesa] Mark used kmers in  0.097174s wall, 0.530000s user + 0.000000s system = 0.530000s CPU (545.4%)
[skesa] Kmers in multiple/single contigs: 0 120163
[skesa] Fragments before: 262 13915
[skesa] Fragments after: 255 13915
[skesa] New seeds: 8
[skesa] New seeds in  0.038102s wall, 0.190000s user + 0.010000s system = 0.200000s CPU (524.9%)
[skesa] Fragments before: 286 11597
[skesa] Fragments after: 251 11597
[skesa] Connectors: 35 Extenders: 216
[skesa] Connections and extensions in  0.171367s wall, 0.570000s user + 0.000000s system = 0.570000s CPU (332.6%)
[skesa] Contigs out: 108 Genome: 1839877 N50: 80564 L50: 7
[skesa] Assembled in  0.309835s wall, 1.290000s user + 0.010000s system = 1.300000s CPU (419.6%)
[skesa] 
[skesa] Seed kmers: 0
[skesa] Cleaned reads: 69255
[skesa] Reads for connection: 36498
[skesa] Internal reads: 3191
[skesa] Reads cleaned in  0.416300s wall, 1.980000s user + 0.040000s system = 2.020000s CPU (485.2%)
[skesa] 
[skesa] Kmer len: 55
[skesa] Raw kmers: 7019762 Memory needed (GB): 0.202169 Memory available (GB): 33.9544 1 cycle(s) will be performed
[skesa] Distinct kmers: 110803
[skesa] Kmer count in  0.248330s wall, 1.330000s user + 0.010000s system = 1.340000s CPU (539.6%)
[skesa] Uniq kmers merging in  0.007604s wall, 0.020000s user + 0.000000s system = 0.020000s CPU (263.0%)
[skesa] Kmers branching in  0.029610s wall, 0.140000s user + 0.000000s system = 0.140000s CPU (472.8%)
[skesa] Kmer: 55 Graph size: 110803 Contigs in: 108
[skesa] Valley: 39
[skesa] 
[skesa] Mark used kmers in  0.090318s wall, 0.470000s user + 0.000000s system = 0.470000s CPU (520.4%)
[skesa] Kmers in multiple/single contigs: 0 92207
[skesa] Fragments before: 200 12313
[skesa] Fragments after: 196 12313
[skesa] New seeds: 3
[skesa] New seeds in  0.034075s wall, 0.150000s user + 0.000000s system = 0.150000s CPU (440.2%)
[skesa] Fragments before: 222 11197
[skesa] Fragments after: 195 11197
[skesa] Connectors: 27 Extenders: 168
[skesa] Connections and extensions in  0.129737s wall, 0.560000s user + 0.010000s system = 0.570000s CPU (439.3%)
[skesa] Contigs out: 84 Genome: 1842638 N50: 85205 L50: 7
[skesa] Assembled in  0.256811s wall, 1.190000s user + 0.010000s system = 1.200000s CPU (467.3%)
[skesa] 
[skesa] Seed kmers: 0
[skesa] Cleaned reads: 57944
[skesa] Reads for connection: 30308
[skesa] Internal reads: 2802
[skesa] Reads cleaned in  0.333396s wall, 1.530000s user + 0.010000s system = 1.540000s CPU (461.9%)
[skesa] 
[skesa] Kmer len: 65
[skesa] Raw kmers: 5367363 Memory needed (GB): 0.206107 Memory available (GB): 33.9524 1 cycle(s) will be performed
[skesa] Distinct kmers: 95134
[skesa] Kmer count in  0.222409s wall, 1.190000s user + 0.000000s system = 1.190000s CPU (535.1%)
[skesa] Uniq kmers merging in  0.007365s wall, 0.020000s user + 0.010000s system = 0.030000s CPU (407.3%)
[skesa] Kmers branching in  0.027109s wall, 0.140000s user + 0.000000s system = 0.140000s CPU (516.4%)
[skesa] Kmer: 65 Graph size: 95134 Contigs in: 84
[skesa] Valley: 37
[skesa] 
[skesa] Mark used kmers in  0.095209s wall, 0.490000s user + 0.000000s system = 0.490000s CPU (514.7%)
[skesa] Kmers in multiple/single contigs: 0 79165
[skesa] Fragments before: 164 10082
[skesa] Fragments after: 162 10082
[skesa] New seeds: 0
[skesa] New seeds in  0.027477s wall, 0.130000s user + 0.000000s system = 0.130000s CPU (473.1%)
[skesa] Fragments before: 168 9376
[skesa] Fragments after: 157 9376
[skesa] Connectors: 11 Extenders: 146
[skesa] Connections and extensions in  0.140256s wall, 0.610000s user + 0.020000s system = 0.630000s CPU (449.2%)
[skesa] Contigs out: 73 Genome: 1843767 N50: 115199 L50: 5
[skesa] Assembled in  0.264646s wall, 1.230000s user + 0.020000s system = 1.250000s CPU (472.3%)
[skesa] 
[skesa] Seed kmers: 0
[skesa] Cleaned reads: 50787
[skesa] Reads for connection: 26734
[skesa] Internal reads: 2429
[skesa] Reads cleaned in  0.328713s wall, 1.510000s user + 0.020000s system = 1.530000s CPU (465.5%)
[skesa] 
[skesa] Kmer len: 77
[skesa] Raw kmers: 4137500 Memory needed (GB): 0.15888 Memory available (GB): 33.9497 1 cycle(s) will be performed
[skesa] Distinct kmers: 80832
[skesa] Kmer count in  0.169120s wall, 0.820000s user + 0.010000s system = 0.830000s CPU (490.8%)
[skesa] Uniq kmers merging in  0.006369s wall, 0.000000s user + 0.000000s system = 0.000000s CPU (n/a%)
[skesa] Kmers branching in  0.021925s wall, 0.100000s user + 0.000000s system = 0.100000s CPU (456.1%)
[skesa] Kmer: 77 Graph size: 80832 Contigs in: 73
[skesa] Valley: 31
[skesa] 
[skesa] Mark used kmers in  0.087953s wall, 0.460000s user + 0.000000s system = 0.460000s CPU (523.0%)
[skesa] Kmers in multiple/single contigs: 0 65203
[skesa] Fragments before: 140 9519
[skesa] Fragments after: 134 9519
[skesa] New seeds: 0
[skesa] New seeds in  0.024727s wall, 0.110000s user + 0.000000s system = 0.110000s CPU (444.9%)
[skesa] Fragments before: 140 9147
[skesa] Fragments after: 129 9147
[skesa] Connectors: 11 Extenders: 118
[skesa] Connections and extensions in  0.137308s wall, 0.610000s user + 0.000000s system = 0.610000s CPU (444.3%)
[skesa] Contigs out: 59 Genome: 1845022 N50: 115199 L50: 5
[skesa] Assembled in  0.251810s wall, 1.180000s user + 0.000000s system = 1.180000s CPU (468.6%)
[skesa] 
[skesa] Seed kmers: 0
[skesa] Cleaned reads: 43930
[skesa] Reads for connection: 23274
[skesa] Internal reads: 2206
[skesa] Reads cleaned in  0.321683s wall, 1.450000s user + 0.030000s system = 1.480000s CPU (460.1%)
[skesa] 
[skesa] Kmer len: 87
[skesa] Raw kmers: 3182871 Memory needed (GB): 0.122222 Memory available (GB): 33.9475 1 cycle(s) will be performed
[skesa] Distinct kmers: 67648
[skesa] Kmer count in  0.127934s wall, 0.660000s user + 0.000000s system = 0.660000s CPU (515.9%)
[skesa] Uniq kmers merging in  0.007813s wall, 0.020000s user + 0.000000s system = 0.020000s CPU (256.0%)
[skesa] Kmers branching in  0.018434s wall, 0.090000s user + 0.000000s system = 0.090000s CPU (488.2%)
[skesa] Kmer: 87 Graph size: 67648 Contigs in: 59
[skesa] Valley: 22
[skesa] 
[skesa] Mark used kmers in  0.085602s wall, 0.450000s user + 0.000000s system = 0.450000s CPU (525.7%)
[skesa] Kmers in multiple/single contigs: 0 53164
[skesa] Fragments before: 120 8752
[skesa] Fragments after: 114 8752
[skesa] New seeds: 0
[skesa] New seeds in  0.022450s wall, 0.110000s user + 0.000000s system = 0.110000s CPU (490.0%)
[skesa] Fragments before: 111 7920
[skesa] Fragments after: 110 7920
[skesa] Connectors: 1 Extenders: 109
[skesa] Connections and extensions in  0.131168s wall, 0.620000s user + 0.000000s system = 0.620000s CPU (472.7%)
[skesa] Contigs out: 55 Genome: 1845730 N50: 115199 L50: 5
[skesa] Assembled in  0.240671s wall, 1.180000s user + 0.000000s system = 1.180000s CPU (490.3%)
[skesa] 
[skesa] Seed kmers: 0
[skesa] Cleaned reads: 42651
[skesa] Reads for connection: 22596
[skesa] Internal reads: 2239
[skesa] Reads cleaned in  0.298899s wall, 1.340000s user + 0.020000s system = 1.360000s CPU (455.0%)
[skesa] 
[skesa] Kmer len: 99
[skesa] Raw kmers: 2605516 Memory needed (GB): 0.125065 Memory available (GB): 33.9453 1 cycle(s) will be performed
[skesa] Distinct kmers: 64150
[skesa] Kmer count in  0.124158s wall, 0.630000s user + 0.000000s system = 0.630000s CPU (507.4%)
[skesa] Uniq kmers merging in  0.009446s wall, 0.010000s user + 0.010000s system = 0.020000s CPU (211.7%)
[skesa] Kmers branching in  0.020335s wall, 0.110000s user + 0.000000s system = 0.110000s CPU (541.0%)
[skesa] Kmer: 99 Graph size: 64150 Contigs in: 55
[skesa] Valley: 20
[skesa] 
[skesa] Mark used kmers in  0.091577s wall, 0.470000s user + 0.000000s system = 0.470000s CPU (513.2%)
[skesa] Kmers in multiple/single contigs: 0 49500
[skesa] Fragments before: 122 8940
[skesa] Fragments after: 112 8940
[skesa] New seeds: 0
[skesa] New seeds in  0.020574s wall, 0.090000s user + 0.010000s system = 0.100000s CPU (486.0%)
[skesa] Fragments before: 110 7986
[skesa] Fragments after: 107 7986
[skesa] Connectors: 3 Extenders: 104
[skesa] Connections and extensions in  0.151671s wall, 0.680000s user + 0.000000s system = 0.680000s CPU (448.3%)
[skesa] Contigs out: 52 Genome: 1846261 N50: 213352 L50: 4
[skesa] Assembled in  0.265493s wall, 1.250000s user + 0.010000s system = 1.260000s CPU (474.6%)
[skesa] 
[skesa] Seed kmers: 0
[skesa] Cleaned reads: 40635
[skesa] Reads for connection: 21764
[skesa] Internal reads: 2176
[skesa] Reads cleaned in  0.328938s wall, 1.390000s user + 0.030000s system = 1.420000s CPU (431.7%)
[skesa] 
[skesa] Kmer len: 111
[skesa] Raw kmers: 2026171 Memory needed (GB): 0.0972562 Memory available (GB): 33.9428 1 cycle(s) will be performed
[skesa] Distinct kmers: 57981
[skesa] Kmer count in  0.106552s wall, 0.490000s user + 0.000000s system = 0.490000s CPU (459.9%)
[skesa] Uniq kmers merging in  0.004155s wall, 0.010000s user + 0.000000s system = 0.010000s CPU (240.7%)
[skesa] Kmers branching in  0.015182s wall, 0.080000s user + 0.000000s system = 0.080000s CPU (526.9%)
[skesa] Kmer: 111 Graph size: 57981 Contigs in: 52
[skesa] Valley: 13
[skesa] 
[skesa] Mark used kmers in  0.095620s wall, 0.500000s user + 0.000000s system = 0.500000s CPU (522.9%)
[skesa] Kmers in multiple/single contigs: 0 42957
[skesa] Fragments before: 116 9051
[skesa] Fragments after: 106 9051
[skesa] New seeds: 0
[skesa] New seeds in  0.020062s wall, 0.100000s user + 0.000000s system = 0.100000s CPU (498.5%)
[skesa] Fragments before: 100 8053
[skesa] Fragments after: 100 8053
[skesa] Connectors: 0 Extenders: 100
[skesa] Connections and extensions in  0.143211s wall, 0.630000s user + 0.000000s system = 0.630000s CPU (439.9%)
[skesa] Contigs out: 50 Genome: 1846313 N50: 213352 L50: 4
[skesa] Assembled in  0.259395s wall, 1.230000s user + 0.000000s system = 1.230000s CPU (474.2%)
[skesa] 
[skesa] Seed kmers: 0
[skesa] Cleaned reads: 40064
[skesa] Reads for connection: 21666
[skesa] Internal reads: 2159
[skesa] Reads cleaned in  0.303923s wall, 1.300000s user + 0.040000s system = 1.340000s CPU (440.9%)
[skesa] 
[skesa] Kmer len: 121
[skesa] Raw kmers: 1620573 Memory needed (GB): 0.0777875 Memory available (GB): 33.9404 1 cycle(s) will be performed
[skesa] Distinct kmers: 55238
[skesa] Kmer count in  0.094852s wall, 0.380000s user + 0.010000s system = 0.390000s CPU (411.2%)
[skesa] Uniq kmers merging in  0.006493s wall, 0.000000s user + 0.010000s system = 0.010000s CPU (154.0%)
[skesa] Kmers branching in  0.017248s wall, 0.090000s user + 0.000000s system = 0.090000s CPU (521.8%)
[skesa] Kmer: 121 Graph size: 55238 Contigs in: 50
[skesa] Valley: 0
[skesa] 
[skesa] Mark used kmers in  0.093536s wall, 0.490000s user + 0.000000s system = 0.490000s CPU (523.9%)
[skesa] Kmers in multiple/single contigs: 0 39520
[skesa] Fragments before: 111 9457
[skesa] Fragments after: 103 9457
[skesa] New seeds: 0
[skesa] New seeds in  0.023973s wall, 0.100000s user + 0.000000s system = 0.100000s CPU (417.1%)
[skesa] Fragments before: 100 8471
[skesa] Fragments after: 98 8471
[skesa] Connectors: 2 Extenders: 96
[skesa] Connections and extensions in  0.153493s wall, 0.630000s user + 0.000000s system = 0.630000s CPU (410.4%)
[skesa] Contigs out: 48 Genome: 1846594 N50: 213352 L50: 4
[skesa] Assembled in  0.272413s wall, 1.220000s user + 0.000000s system = 1.220000s CPU (447.9%)
[skesa] 
[skesa] Seed kmers: 0
[skesa] Cleaned reads: 38887
[skesa] Reads for connection: 21188
[skesa] Internal reads: 2112
[skesa] Reads cleaned in  0.290319s wall, 1.200000s user + 0.030000s system = 1.230000s CPU (423.7%)
[skesa] 
[skesa] Kmer len: 133
[skesa] Raw kmers: 1123671 Memory needed (GB): 0.0647234 Memory available (GB): 33.9382 1 cycle(s) will be performed
[skesa] Distinct kmers: 49024
[skesa] Kmer count in  0.082152s wall, 0.320000s user + 0.000000s system = 0.320000s CPU (389.5%)
[skesa] Uniq kmers merging in  0.004429s wall, 0.010000s user + 0.000000s system = 0.010000s CPU (225.8%)
[skesa] Kmers branching in  0.016002s wall, 0.080000s user + 0.000000s system = 0.080000s CPU (499.9%)
[skesa] Kmer: 133 Graph size: 49024 Contigs in: 48
[skesa] Valley: 0
[skesa] 
[skesa] Mark used kmers in  0.099772s wall, 0.520000s user + 0.000000s system = 0.520000s CPU (521.2%)
[skesa] Kmers in multiple/single contigs: 0 32793
[skesa] Fragments before: 103 9935
[skesa] Fragments after: 98 9935
[skesa] New seeds: 0
[skesa] New seeds in  0.021948s wall, 0.100000s user + 0.000000s system = 0.100000s CPU (455.6%)
[skesa] Fragments before: 94 8749
[skesa] Fragments after: 93 8749
[skesa] Connectors: 1 Extenders: 92
[skesa] Connections and extensions in  0.154538s wall, 0.610000s user + 0.000000s system = 0.610000s CPU (394.7%)
[skesa] Contigs out: 46 Genome: 1846784 N50: 213352 L50: 4
[skesa] Assembled in  0.277388s wall, 1.230000s user + 0.000000s system = 1.230000s CPU (443.4%)
[skesa] 
[skesa] Seed kmers: 0
[skesa] Cleaned reads: 38183
[skesa] Reads for connection: 20978
[skesa] Internal reads: 2140
[skesa] Reads cleaned in  0.310745s wall, 1.320000s user + 0.030000s system = 1.350000s CPU (434.4%)
[skesa] 
[skesa] Connecting mate pairs using kmer length: 21
[skesa] Connected: 5323 ambiguously connected: 4614 from 10489 mate pairs
[skesa] Connect pairs in  12.513511s wall, 52.920000s user + 0.090000s system = 53.010000s CPU (423.6%)
[skesa] 
[skesa] Connecting mate pairs using kmer length: 31
[skesa] Connected: 1057 ambiguously connected: 3546 from 4614 mate pairs
[skesa] Connect pairs in  2.059640s wall, 8.550000s user + 0.000000s system = 8.550000s CPU (415.1%)
[skesa] 
[skesa] Connecting mate pairs using kmer length: 43
[skesa] Connected: 339 ambiguously connected: 3197 from 3546 mate pairs
[skesa] Connect pairs in  1.204622s wall, 4.070000s user + 0.000000s system = 4.070000s CPU (337.9%)
[skesa] 
[skesa] Connecting mate pairs using kmer length: 55
[skesa] Connected: 60 ambiguously connected: 3124 from 3197 mate pairs
[skesa] Connect pairs in  0.746928s wall, 3.180000s user + 0.010000s system = 3.190000s CPU (427.1%)
[skesa] 
[skesa] Connecting mate pairs using kmer length: 65
[skesa] Connected: 279 ambiguously connected: 2835 from 3124 mate pairs
[skesa] Connect pairs in  0.897753s wall, 3.860000s user + 0.010000s system = 3.870000s CPU (431.1%)
[skesa] 
[skesa] Connecting mate pairs using kmer length: 77
[skesa] Connected: 208 ambiguously connected: 2612 from 2835 mate pairs
[skesa] Connect pairs in  0.967521s wall, 3.200000s user + 0.000000s system = 3.200000s CPU (330.7%)
[skesa] 
[skesa] Connecting mate pairs using kmer length: 87
[skesa] Connected: 292 ambiguously connected: 2297 from 2612 mate pairs
[skesa] Connect pairs in  0.700247s wall, 3.000000s user + 0.000000s system = 3.000000s CPU (428.4%)
[skesa] 
[skesa] Connecting mate pairs using kmer length: 99
[skesa] Connected: 231 ambiguously connected: 2024 from 2297 mate pairs
[skesa] Connect pairs in  0.699755s wall, 2.970000s user + 0.010000s system = 2.980000s CPU (425.9%)
[skesa] 
[skesa] Connecting mate pairs using kmer length: 111
[skesa] Connected: 59 ambiguously connected: 1899 from 2024 mate pairs
[skesa] Connect pairs in  0.639703s wall, 2.710000s user + 0.010000s system = 2.720000s CPU (425.2%)
[skesa] 
[skesa] Connecting mate pairs using kmer length: 121
[skesa] Connected: 50 ambiguously connected: 1794 from 1899 mate pairs
[skesa] Connect pairs in  0.616011s wall, 2.570000s user + 0.010000s system = 2.580000s CPU (418.8%)
[skesa] 
[skesa] Connecting mate pairs using kmer length: 133
[skesa] Connected: 225 ambiguously connected: 1433 from 1794 mate pairs
[skesa] Connect pairs in  0.636510s wall, 2.840000s user + 0.000000s system = 2.840000s CPU (446.2%)
[skesa] Totally connected: 8123
[skesa] Added notconnected: 2864
[skesa] 
[skesa] Kmer len: 165
[skesa] Raw kmers: 4525191 Memory needed (GB): 0.304093 Memory available (GB): 33.935 1 cycle(s) will be performed
[skesa] Distinct kmers: 58305
[skesa] Kmer count in  0.255388s wall, 1.190000s user + 0.020000s system = 1.210000s CPU (473.8%)
[skesa] Uniq kmers merging in  0.005849s wall, 0.020000s user + 0.000000s system = 0.020000s CPU (341.9%)
[skesa] Kmers branching in  0.028344s wall, 0.120000s user + 0.000000s system = 0.120000s CPU (423.4%)
[skesa] Kmer: 165 Graph size: 58305 Contigs in: 46
[skesa] Valley: 35
[skesa] 
[skesa] Mark used kmers in  0.109967s wall, 0.570000s user + 0.000000s system = 0.570000s CPU (518.3%)
[skesa] Kmers in multiple/single contigs: 0 41742
[skesa] Fragments before: 99 12420
[skesa] Fragments after: 89 12420
[skesa] New seeds: 1
[skesa] New seeds in  0.028432s wall, 0.120000s user + 0.000000s system = 0.120000s CPU (422.1%)
[skesa] Fragments before: 90 10783
[skesa] Fragments after: 85 10783
[skesa] Connectors: 5 Extenders: 80
[skesa] Connections and extensions in  0.158891s wall, 0.610000s user + 0.000000s system = 0.610000s CPU (383.9%)
[skesa] Contigs out: 40 Genome: 1847864 N50: 213352 L50: 4
[skesa] Assembled in  0.298167s wall, 1.300000s user + 0.000000s system = 1.300000s CPU (436.0%)
[skesa] 
[skesa] 
[skesa] Kmer len: 303
[skesa] Raw kmers: 2846048 Memory needed (GB): 0.300543 Memory available (GB): 33.9317 1 cycle(s) will be performed
[skesa] Distinct kmers: 54835
[skesa] Kmer count in  0.225777s wall, 0.970000s user + 0.010000s system = 0.980000s CPU (434.1%)
[skesa] Uniq kmers merging in  0.006617s wall, 0.010000s user + 0.010000s system = 0.020000s CPU (302.2%)
[skesa] Kmers branching in  0.029920s wall, 0.120000s user + 0.000000s system = 0.120000s CPU (401.1%)
[skesa] Kmer: 303 Graph size: 54835 Contigs in: 40
[skesa] Valley: 35
[skesa] 
[skesa] Mark used kmers in  0.116360s wall, 0.600000s user + 0.000000s system = 0.600000s CPU (515.6%)
[skesa] Kmers in multiple/single contigs: 0 34620
[skesa] Fragments before: 70 16288
[skesa] Fragments after: 63 16288
[skesa] New seeds: 0
[skesa] New seeds in  0.028446s wall, 0.110000s user + 0.000000s system = 0.110000s CPU (386.7%)
[skesa] Fragments before: 66 16451
[skesa] Fragments after: 64 16451
[skesa] Connectors: 2 Extenders: 62
[skesa] Connections and extensions in  0.171736s wall, 0.690000s user + 0.000000s system = 0.690000s CPU (401.8%)
[skesa] Contigs out: 31 Genome: 1849073 N50: 213352 L50: 4
[skesa] Assembled in  0.317949s wall, 1.400000s user + 0.000000s system = 1.400000s CPU (440.3%)
[skesa] 
[skesa] 
[skesa] Kmer len: 441
[skesa] Raw kmers: 1536651 Memory needed (GB): 0.221278 Memory available (GB): 33.9268 1 cycle(s) will be performed
[skesa] Distinct kmers: 50346
[skesa] Kmer count in  0.171260s wall, 0.750000s user + 0.010000s system = 0.760000s CPU (443.8%)
[skesa] Uniq kmers merging in  0.004972s wall, 0.010000s user + 0.000000s system = 0.010000s CPU (201.1%)
[skesa] Kmers branching in  0.025327s wall, 0.130000s user + 0.000000s system = 0.130000s CPU (513.3%)
[skesa] Kmer: 441 Graph size: 50346 Contigs in: 31
[skesa] Valley: 17
[skesa] 
[skesa] Mark used kmers in  0.193905s wall, 0.740000s user + 0.000000s system = 0.740000s CPU (381.6%)
[skesa] Kmers in multiple/single contigs: 0 29232
[skesa] Fragments before: 71 17394
[skesa] Fragments after: 56 17394
[skesa] New seeds: 0
[skesa] New seeds in  0.036138s wall, 0.140000s user + 0.000000s system = 0.140000s CPU (387.4%)
[skesa] Fragments before: 58 17332
[skesa] Fragments after: 58 17332
[skesa] Connectors: 0 Extenders: 58
[skesa] Connections and extensions in  0.158645s wall, 0.740000s user + 0.000000s system = 0.740000s CPU (466.4%)
[skesa] Contigs out: 30 Genome: 1849234 N50: 213352 L50: 4
[skesa] Assembled in  0.389993s wall, 1.620000s user + 0.000000s system = 1.620000s CPU (415.4%)
[skesa] 
[skesa] DONE
[shovill] Checking for assembly errors in skesa.fasta
[shovill] Running: bwa index skesa.fasta 2>&1 | sed 's/^/[bwa-index] /' | tee -a shovill.log
[bwa-index] [bwa_index] Pack FASTA... 0.01 sec
[bwa-index] [bwa_index] Construct BWT for the packed sequence...
[bwa-index] [bwa_index] 0.36 seconds elapse.
[bwa-index] [bwa_index] Update BWT... 0.01 sec
[bwa-index] [bwa_index] Pack forward-only FASTA... 0.01 sec
[bwa-index] [bwa_index] Construct SA from BWT and Occ... 0.12 sec
[bwa-index] [main] Version: 0.7.17-r1188
[bwa-index] [main] CMD: bwa index skesa.fasta
[bwa-index] [main] Real time: 2.500 sec; CPU: 0.504 sec
[shovill] Running: samtools faidx skesa.fasta 2>&1 | sed 's/^/[faidx] /' | tee -a shovill.log
[shovill] Running: (bwa mem -v 3 -x intractg -t 6 skesa.fasta R1.fq.gz R2.fq.gz | samclip --ref skesa.fasta.fai | samtools sort --threads 1 -m 18432m --reference skesa.fasta -T /tmp/mKIfhXUP4A -o shovill.bam) 2>&1 | sed 's/^/[bwa+samtools-sort] /' | tee -a shovill.log
[bwa+samtools-sort] [samclip] samclip 0.4.0 by Torsten Seemann (@torstenseemann)
[bwa+samtools-sort] [samclip] Loading: skesa.fasta.fai
[bwa+samtools-sort] [samclip] Found 30 sequences in skesa.fasta.fai
[bwa+samtools-sort] [M::bwa_idx_load_from_disk] read 0 ALT contigs
[bwa+samtools-sort] [M::process] read 432556 sequences (60000037 bp)...
[bwa+samtools-sort] [M::process] read 431298 sequences (60000043 bp)...
[bwa+samtools-sort] [M::mem_pestat] # candidate unique pairs for (FF, FR, RF, RR): (0, 213137, 0, 0)
[bwa+samtools-sort] [M::mem_pestat] skip orientation FF as there are not enough pairs
[bwa+samtools-sort] [M::mem_pestat] analyzing insert size distribution for orientation FR...
[bwa+samtools-sort] [M::mem_pestat] (25, 50, 75) percentile: (179, 313, 425)
[bwa+samtools-sort] [M::mem_pestat] low and high boundaries for computing mean and std.dev: (1, 917)
[bwa+samtools-sort] [M::mem_pestat] mean and std.dev: (314.52, 171.20)
[bwa+samtools-sort] [M::mem_pestat] low and high boundaries for proper pairs: (1, 1163)
[bwa+samtools-sort] [M::mem_pestat] skip orientation RF as there are not enough pairs
[bwa+samtools-sort] [M::mem_pestat] skip orientation RR as there are not enough pairs
[bwa+samtools-sort] [M::mem_process_seqs] Processed 432556 reads in 14.206 CPU sec, 2.303 real sec
[bwa+samtools-sort] [samclip] Processed 100000 records...
[bwa+samtools-sort] [samclip] Processed 200000 records...
[bwa+samtools-sort] [samclip] Processed 300000 records...
[bwa+samtools-sort] [samclip] Processed 400000 records...
[bwa+samtools-sort] [M::process] read 430412 sequences (60000249 bp)...
[bwa+samtools-sort] [M::mem_pestat] # candidate unique pairs for (FF, FR, RF, RR): (0, 212425, 0, 0)
[bwa+samtools-sort] [M::mem_pestat] skip orientation FF as there are not enough pairs
[bwa+samtools-sort] [M::mem_pestat] analyzing insert size distribution for orientation FR...
[bwa+samtools-sort] [M::mem_pestat] (25, 50, 75) percentile: (183, 316, 428)
[bwa+samtools-sort] [M::mem_pestat] low and high boundaries for computing mean and std.dev: (1, 918)
[bwa+samtools-sort] [M::mem_pestat] mean and std.dev: (317.45, 171.90)
[bwa+samtools-sort] [M::mem_pestat] low and high boundaries for proper pairs: (1, 1163)
[bwa+samtools-sort] [M::mem_pestat] skip orientation RF as there are not enough pairs
[bwa+samtools-sort] [M::mem_pestat] skip orientation RR as there are not enough pairs
[bwa+samtools-sort] [M::mem_process_seqs] Processed 431298 reads in 14.301 CPU sec, 2.270 real sec
[bwa+samtools-sort] [samclip] Processed 500000 records...
[bwa+samtools-sort] [samclip] Processed 600000 records...
[bwa+samtools-sort] [samclip] Processed 700000 records...
[bwa+samtools-sort] [samclip] Processed 800000 records...
[bwa+samtools-sort] [M::process] read 379814 sequences (52871075 bp)...
[bwa+samtools-sort] [M::mem_pestat] # candidate unique pairs for (FF, FR, RF, RR): (0, 212043, 1, 1)
[bwa+samtools-sort] [M::mem_pestat] skip orientation FF as there are not enough pairs
[bwa+samtools-sort] [M::mem_pestat] analyzing insert size distribution for orientation FR...
[bwa+samtools-sort] [M::mem_pestat] (25, 50, 75) percentile: (186, 318, 431)
[bwa+samtools-sort] [M::mem_pestat] low and high boundaries for computing mean and std.dev: (1, 921)
[bwa+samtools-sort] [M::mem_pestat] mean and std.dev: (320.10, 172.15)
[bwa+samtools-sort] [M::mem_pestat] low and high boundaries for proper pairs: (1, 1166)
[bwa+samtools-sort] [M::mem_pestat] skip orientation RF as there are not enough pairs
[bwa+samtools-sort] [M::mem_pestat] skip orientation RR as there are not enough pairs
[bwa+samtools-sort] [M::mem_process_seqs] Processed 430412 reads in 13.618 CPU sec, 2.221 real sec
[bwa+samtools-sort] [samclip] Processed 900000 records...
[bwa+samtools-sort] [samclip] Processed 1000000 records...
[bwa+samtools-sort] [samclip] Processed 1100000 records...
[bwa+samtools-sort] [samclip] Processed 1200000 records...
[bwa+samtools-sort] [M::mem_pestat] # candidate unique pairs for (FF, FR, RF, RR): (0, 187116, 1, 0)
[bwa+samtools-sort] [M::mem_pestat] skip orientation FF as there are not enough pairs
[bwa+samtools-sort] [M::mem_pestat] analyzing insert size distribution for orientation FR...
[bwa+samtools-sort] [M::mem_pestat] (25, 50, 75) percentile: (185, 317, 429)
[bwa+samtools-sort] [M::mem_pestat] low and high boundaries for computing mean and std.dev: (1, 917)
[bwa+samtools-sort] [M::mem_pestat] mean and std.dev: (318.38, 171.43)
[bwa+samtools-sort] [M::mem_pestat] low and high boundaries for proper pairs: (1, 1161)
[bwa+samtools-sort] [M::mem_pestat] skip orientation RF as there are not enough pairs
[bwa+samtools-sort] [M::mem_pestat] skip orientation RR as there are not enough pairs
[bwa+samtools-sort] [M::mem_process_seqs] Processed 379814 reads in 11.388 CPU sec, 1.890 real sec
[bwa+samtools-sort] [samclip] Processed 1300000 records...
[bwa+samtools-sort] [samclip] Processed 1400000 records...
[bwa+samtools-sort] [samclip] Processed 1500000 records...
[bwa+samtools-sort] [samclip] Processed 1600000 records...
[bwa+samtools-sort] [main] Version: 0.7.17-r1188
[bwa+samtools-sort] [main] CMD: bwa mem -v 3 -x intractg -t 6 skesa.fasta R1.fq.gz R2.fq.gz
[bwa+samtools-sort] [main] Real time: 11.012 sec; CPU: 54.534 sec
[bwa+samtools-sort] [samclip] Total SAM records 1676261, removed 12576, allowed 31299, passed 1663685
[bwa+samtools-sort] [samclip] Header contained 31 lines
[bwa+samtools-sort] [samclip] Done.
[shovill] Running: samtools index shovill.bam 2>&1 | sed 's/^/[samtools-index] /' | tee -a shovill.log
[shovill] Correcting errors in skesa.fasta
[shovill] Running: pilon --genome skesa.fasta --frags shovill.bam --minmq 60 --minqual 3 --fix bases --output pilon --threads 6 --changes --mindepth 0.25 2>&1 | sed 's/^/[pilon] /' | tee -a shovill.log
[pilon] Pilon version 1.22 Wed Mar 15 16:38:30 2017 -0400
[pilon] Genome: skesa.fasta
[pilon] Fixing snps, indels
[pilon] Input genome size: 1849234
[pilon] Processing Contig_12_88.5653:1-213352
[pilon] Processing Contig_4_386.831:1-511
[pilon] Processing Contig_14_104.872:1-20486
[pilon] Processing Contig_9_94.197:1-35357
[pilon] Processing Contig_21_178.112:1-1019
[pilon] Processing Contig_29_92.8362:1-273925
[pilon] Contig_4_386.831:1-511 log:
[pilon] Contig_21_178.112:1-1019 log:
[pilon] frags shovill.bam: coverage 158
[pilon] Total Reads: 1910, Coverage: 158, minDepth: 40
[pilon] Confirmed 1019 of 1019 bases (100.00%)
[pilon] Corrected 0 snps; 0 ambiguous bases; corrected 0 small insertions totaling 0 bases, 0 small deletions totaling 0 bases
[pilon] frags shovill.bam: coverage 327
[pilon] Total Reads: 2366, Coverage: 327, minDepth: 82
[pilon] Confirmed 511 of 511 bases (100.00%)
[pilon] Corrected 0 snps; 0 ambiguous bases; corrected 0 small insertions totaling 0 bases, 0 small deletions totaling 0 bases
[pilon] Finished processing Contig_21_178.112:1-1019
[pilon] Finished processing Contig_4_386.831:1-511
[pilon] Processing Contig_30_95.4839:1-79806
[pilon] Processing Contig_17_96.7499:1-102573
[pilon] Contig_14_104.872:1-20486 log:
[pilon] frags shovill.bam: coverage 115
[pilon] Total Reads: 20310, Coverage: 115, minDepth: 29
[pilon] Confirmed 20486 of 20486 bases (100.00%)
[pilon] Corrected 0 snps; 0 ambiguous bases; corrected 0 small insertions totaling 0 bases, 0 small deletions totaling 0 bases
[pilon] Finished processing Contig_14_104.872:1-20486
[pilon] Processing Contig_6_92.1017:1-49464
[pilon] Contig_9_94.197:1-35357 log:
[pilon] frags shovill.bam: coverage 105
[pilon] Total Reads: 31665, Coverage: 105, minDepth: 26
[pilon] Confirmed 35357 of 35357 bases (100.00%)
[pilon] Corrected 0 snps; 0 ambiguous bases; corrected 0 small insertions totaling 0 bases, 0 small deletions totaling 0 bases
[pilon] Finished processing Contig_9_94.197:1-35357
[pilon] Processing Contig_7_95.5607:1-92642
[pilon] Contig_6_92.1017:1-49464 log:
[pilon] frags shovill.bam: coverage 103
[pilon] Total Reads: 43314, Coverage: 103, minDepth: 26
[pilon] Confirmed 49464 of 49464 bases (100.00%)
[pilon] Corrected 0 snps; 0 ambiguous bases; corrected 0 small insertions totaling 0 bases, 0 small deletions totaling 0 bases
[pilon] Finished processing Contig_6_92.1017:1-49464
[pilon] Processing Contig_16_89.2184:1-34480
[pilon] Contig_30_95.4839:1-79806 log:
[pilon] frags shovill.bam: coverage 106
[pilon] Total Reads: 71678, Coverage: 106, minDepth: 27
[pilon] Confirmed 79647 of 79806 bases (99.80%)
[pilon] Corrected 0 snps; 0 ambiguous bases; corrected 0 small insertions totaling 0 bases, 0 small deletions totaling 0 bases
[pilon] Finished processing Contig_30_95.4839:1-79806
[pilon] Processing Contig_15_91.8196:1-21308
[pilon] Contig_17_96.7499:1-102573 log:
[pilon] frags shovill.bam: coverage 108
[pilon] Total Reads: 93069, Coverage: 108, minDepth: 27
[pilon] Confirmed 102573 of 102573 bases (100.00%)
[pilon] Corrected 0 snps; 0 ambiguous bases; corrected 0 small insertions totaling 0 bases, 0 small deletions totaling 0 bases
[pilon] Finished processing Contig_17_96.7499:1-102573
[pilon] Processing Contig_5_88.6785:1-30406
[pilon] Contig_16_89.2184:1-34480 log:
[pilon] frags shovill.bam: coverage 97
[pilon] Total Reads: 28883, Coverage: 97, minDepth: 24
[pilon] Confirmed 34253 of 34480 bases (99.34%)
[pilon] Corrected 0 snps; 0 ambiguous bases; corrected 0 small insertions totaling 0 bases, 0 small deletions totaling 0 bases
[pilon] Finished processing Contig_16_89.2184:1-34480
[pilon] Processing Contig_13_95.8901:1-65726
[pilon] Contig_15_91.8196:1-21308 log:
[pilon] frags shovill.bam: coverage 100
[pilon] Total Reads: 18348, Coverage: 100, minDepth: 25
[pilon] Confirmed 21308 of 21308 bases (100.00%)
[pilon] Corrected 0 snps; 0 ambiguous bases; corrected 0 small insertions totaling 0 bases, 0 small deletions totaling 0 bases
[pilon] Finished processing Contig_15_91.8196:1-21308
[pilon] Processing Contig_11_91.6841:1-242600
[pilon] Contig_7_95.5607:1-92642 log:
[pilon] frags shovill.bam: coverage 106
[pilon] Total Reads: 83247, Coverage: 106, minDepth: 27
[pilon] Confirmed 92622 of 92642 bases (99.98%)
[pilon] Corrected 0 snps; 0 ambiguous bases; corrected 0 small insertions totaling 0 bases, 0 small deletions totaling 0 bases
[pilon] Finished processing Contig_7_95.5607:1-92642
[pilon] Processing Contig_1_85.72:1-48366
[pilon] Contig_5_88.6785:1-30406 log:
[pilon] frags shovill.bam: coverage 98
[pilon] Total Reads: 25272, Coverage: 98, minDepth: 25
[pilon] Confirmed 30393 of 30406 bases (99.96%)
[pilon] Corrected 0 snps; 0 ambiguous bases; corrected 0 small insertions totaling 0 bases, 0 small deletions totaling 0 bases
[pilon] Finished processing Contig_5_88.6785:1-30406
[pilon] Processing Contig_3_90.3118:1-223928
[pilon] Contig_12_88.5653:1-213352 log:
[pilon] frags shovill.bam: coverage 99
[pilon] Total Reads: 178939, Coverage: 99, minDepth: 25
[pilon] Confirmed 213335 of 213352 bases (99.99%)
[pilon] Corrected 0 snps; 0 ambiguous bases; corrected 0 small insertions totaling 0 bases, 0 small deletions totaling 0 bases
[pilon] Finished processing Contig_12_88.5653:1-213352
[pilon] Contig_13_95.8901:1-65726 log:
[pilon] frags shovill.bam: coverage 107
[pilon] Total Reads: 59553, Coverage: 107, minDepth: 27
[pilon] Confirmed 65726 of 65726 bases (100.00%)
[pilon] Corrected 0 snps; 0 ambiguous bases; corrected 0 small insertions totaling 0 bases, 0 small deletions totaling 0 bases
[pilon] Finished processing Contig_13_95.8901:1-65726
[pilon] Processing Contig_18_111.093:1-3379
[pilon] Contig_29_92.8362:1-273925 log:
[pilon] frags shovill.bam: coverage 104
[pilon] Total Reads: 240839, Coverage: 104, minDepth: 26
[pilon] Confirmed 273792 of 273925 bases (99.95%)
[pilon] Corrected 0 snps; 0 ambiguous bases; corrected 0 small insertions totaling 0 bases, 0 small deletions totaling 0 bases
[pilon] Finished processing Contig_29_92.8362:1-273925
[pilon] Processing Contig_10_619.958:1-3447
[pilon] Contig_1_85.72:1-48366 log:
[pilon] frags shovill.bam: coverage 95
[pilon] Total Reads: 39017, Coverage: 95, minDepth: 24
[pilon] Confirmed 48366 of 48366 bases (100.00%)
[pilon] Corrected 0 snps; 0 ambiguous bases; corrected 0 small insertions totaling 0 bases, 0 small deletions totaling 0 bases
[pilon] Finished processing Contig_1_85.72:1-48366
[pilon] Processing Contig_19_88.9972:1-16053
[pilon] Contig_18_111.093:1-3379 log:
[pilon] frags shovill.bam: coverage 95
[pilon] Total Reads: 3212, Coverage: 95, minDepth: 24
[pilon] Confirmed 3185 of 3379 bases (94.26%)
[pilon] Corrected 0 snps; 0 ambiguous bases; corrected 0 small insertions totaling 0 bases, 0 small deletions totaling 0 bases
[pilon] Finished processing Contig_18_111.093:1-3379
[pilon] Processing Contig_20_195.257:1-2665
[pilon] Contig_10_619.958:1-3447 log:
[pilon] frags shovill.bam: coverage 668
[pilon] Total Reads: 21012, Coverage: 668, minDepth: 167
[pilon] Confirmed 3447 of 3447 bases (100.00%)
[pilon] Corrected 0 snps; 0 ambiguous bases; corrected 0 small insertions totaling 0 bases, 0 small deletions totaling 0 bases
[pilon] Finished processing Contig_10_619.958:1-3447
[pilon] Processing Contig_25_202.175:1-14291
[pilon] Contig_20_195.257:1-2665 log:
[pilon] frags shovill.bam: coverage 204
[pilon] Total Reads: 5103, Coverage: 204, minDepth: 51
[pilon] Confirmed 2665 of 2665 bases (100.00%)
[pilon] Corrected 0 snps; 0 ambiguous bases; corrected 0 small insertions totaling 0 bases, 0 small deletions totaling 0 bases
[pilon] Finished processing Contig_20_195.257:1-2665
[pilon] Processing Contig_23_93.3758:1-20263
[pilon] Contig_19_88.9972:1-16053 log:
[pilon] frags shovill.bam: coverage 98
[pilon] Total Reads: 13542, Coverage: 98, minDepth: 25
[pilon] Confirmed 16032 of 16053 bases (99.87%)
[pilon] Corrected 0 snps; 0 ambiguous bases; corrected 0 small insertions totaling 0 bases, 0 small deletions totaling 0 bases
[pilon] Finished processing Contig_19_88.9972:1-16053
[pilon] Processing Contig_26_288.209:1-803
[pilon] Processing Contig_2_98.7786:1-44428
[pilon] Contig_26_288.209:1-803 log:
[pilon] frags shovill.bam: coverage 210
[pilon] Total Reads: 2345, Coverage: 210, minDepth: 53
[pilon] Confirmed 803 of 803 bases (100.00%)
[pilon] Corrected 0 snps; 0 ambiguous bases; corrected 0 small insertions totaling 0 bases, 0 small deletions totaling 0 bases
[pilon] Finished processing Contig_26_288.209:1-803
[pilon] Processing Contig_24_672.187:1-1666
[pilon] Contig_25_202.175:1-14291 log:
[pilon] frags shovill.bam: coverage 214
[pilon] Total Reads: 26539, Coverage: 214, minDepth: 54
[pilon] Confirmed 14177 of 14291 bases (99.20%)
[pilon] Corrected 0 snps; 0 ambiguous bases; corrected 0 small insertions totaling 0 bases, 0 small deletions totaling 0 bases
[pilon] Finished processing Contig_25_202.175:1-14291
[pilon] Processing Contig_22_94.4425:1-32817
[pilon] Contig_23_93.3758:1-20263 log:
[pilon] frags shovill.bam: coverage 103
[pilon] Total Reads: 17834, Coverage: 103, minDepth: 26
[pilon] Confirmed 20263 of 20263 bases (100.00%)
[pilon] Corrected 0 snps; 0 ambiguous bases; corrected 0 small insertions totaling 0 bases, 0 small deletions totaling 0 bases
[pilon] Finished processing Contig_23_93.3758:1-20263
[pilon] Contig_11_91.6841:1-242600 log:
[pilon] frags shovill.bam: coverage 103
[pilon] Total Reads: 210615, Coverage: 103, minDepth: 26
[pilon] Confirmed 242600 of 242600 bases (100.00%)
[pilon] Corrected 0 snps; 0 ambiguous bases; corrected 0 small insertions totaling 0 bases, 0 small deletions totaling 0 bases
[pilon] Finished processing Contig_11_91.6841:1-242600
[pilon] Contig_3_90.3118:1-223928 log:
[pilon] frags shovill.bam: coverage 101
[pilon] Total Reads: 190237, Coverage: 101, minDepth: 25
[pilon] Confirmed 223926 of 223928 bases (100.00%)
[pilon] Corrected 0 snps; 0 ambiguous bases; corrected 0 small insertions totaling 0 bases, 0 small deletions totaling 0 bases
[pilon] Finished processing Contig_3_90.3118:1-223928
[pilon] Processing Contig_27_203.337:1-828
[pilon] Contig_2_98.7786:1-44428 log:
[pilon] frags shovill.bam: coverage 108
[pilon] Total Reads: 40803, Coverage: 108, minDepth: 27
[pilon] Confirmed 44428 of 44428 bases (100.00%)
[pilon] Corrected 0 snps; 0 ambiguous bases; corrected 0 small insertions totaling 0 bases, 0 small deletions totaling 0 bases
[pilon] Finished processing Contig_2_98.7786:1-44428
[pilon] Processing Contig_8_90.9781:1-115201
[pilon] Contig_24_672.187:1-1666 log:
[pilon] frags shovill.bam: coverage 688
[pilon] Total Reads: 11240, Coverage: 688, minDepth: 172
[pilon] Confirmed 1666 of 1666 bases (100.00%)
[pilon] Corrected 0 snps; 0 ambiguous bases; corrected 0 small insertions totaling 0 bases, 0 small deletions totaling 0 bases
[pilon] Finished processing Contig_24_672.187:1-1666
[pilon] Processing Contig_28_91.208:1-57444
[pilon] Contig_22_94.4425:1-32817 log:
[pilon] frags shovill.bam: coverage 105
[pilon] Total Reads: 29552, Coverage: 105, minDepth: 26
[pilon] Confirmed 32817 of 32817 bases (100.00%)
[pilon] Corrected 0 snps; 0 ambiguous bases; corrected 0 small insertions totaling 0 bases, 0 small deletions totaling 0 bases
[pilon] Finished processing Contig_22_94.4425:1-32817
[pilon] Contig_27_203.337:1-828 log:
[pilon] frags shovill.bam: coverage 155
[pilon] Total Reads: 1671, Coverage: 155, minDepth: 39
[pilon] Confirmed 828 of 828 bases (100.00%)
[pilon] Corrected 0 snps; 0 ambiguous bases; corrected 0 small insertions totaling 0 bases, 0 small deletions totaling 0 bases
[pilon] Finished processing Contig_27_203.337:1-828
[pilon] Contig_28_91.208:1-57444 log:
[pilon] frags shovill.bam: coverage 99
[pilon] Total Reads: 48511, Coverage: 99, minDepth: 25
[pilon] Confirmed 57086 of 57444 bases (99.38%)
[pilon] Corrected 0 snps; 0 ambiguous bases; corrected 0 small insertions totaling 0 bases, 0 small deletions totaling 0 bases
[pilon] Finished processing Contig_28_91.208:1-57444
[pilon] Contig_8_90.9781:1-115201 log:
[pilon] frags shovill.bam: coverage 102
[pilon] Total Reads: 99203, Coverage: 102, minDepth: 26
[pilon] Confirmed 115186 of 115201 bases (99.99%)
[pilon] Corrected 0 snps; 0 ambiguous bases; corrected 0 small insertions totaling 0 bases, 0 small deletions totaling 0 bases
[pilon] Finished processing Contig_8_90.9781:1-115201
[pilon] Writing Contig_1_85.72:1-48366 changes to pilon.changes
[pilon] Writing updated Contig_1_85.72_pilon to pilon.fasta
[pilon] Writing Contig_2_98.7786:1-44428 changes to pilon.changes
[pilon] Writing updated Contig_2_98.7786_pilon to pilon.fasta
[pilon] Writing Contig_3_90.3118:1-223928 changes to pilon.changes
[pilon] Writing updated Contig_3_90.3118_pilon to pilon.fasta
[pilon] Writing Contig_4_386.831:1-511 changes to pilon.changes
[pilon] Writing updated Contig_4_386.831_pilon to pilon.fasta
[pilon] Writing Contig_5_88.6785:1-30406 changes to pilon.changes
[pilon] Writing updated Contig_5_88.6785_pilon to pilon.fasta
[pilon] Writing Contig_6_92.1017:1-49464 changes to pilon.changes
[pilon] Writing updated Contig_6_92.1017_pilon to pilon.fasta
[pilon] Writing Contig_7_95.5607:1-92642 changes to pilon.changes
[pilon] Writing updated Contig_7_95.5607_pilon to pilon.fasta
[pilon] Writing Contig_8_90.9781:1-115201 changes to pilon.changes
[pilon] Writing updated Contig_8_90.9781_pilon to pilon.fasta
[pilon] Writing Contig_9_94.197:1-35357 changes to pilon.changes
[pilon] Writing updated Contig_9_94.197_pilon to pilon.fasta
[pilon] Writing Contig_10_619.958:1-3447 changes to pilon.changes
[pilon] Writing updated Contig_10_619.958_pilon to pilon.fasta
[pilon] Writing Contig_11_91.6841:1-242600 changes to pilon.changes
[pilon] Writing updated Contig_11_91.6841_pilon to pilon.fasta
[pilon] Writing Contig_12_88.5653:1-213352 changes to pilon.changes
[pilon] Writing updated Contig_12_88.5653_pilon to pilon.fasta
[pilon] Writing Contig_13_95.8901:1-65726 changes to pilon.changes
[pilon] Writing updated Contig_13_95.8901_pilon to pilon.fasta
[pilon] Writing Contig_14_104.872:1-20486 changes to pilon.changes
[pilon] Writing updated Contig_14_104.872_pilon to pilon.fasta
[pilon] Writing Contig_15_91.8196:1-21308 changes to pilon.changes
[pilon] Writing updated Contig_15_91.8196_pilon to pilon.fasta
[pilon] Writing Contig_16_89.2184:1-34480 changes to pilon.changes
[pilon] Writing updated Contig_16_89.2184_pilon to pilon.fasta
[pilon] Writing Contig_17_96.7499:1-102573 changes to pilon.changes
[pilon] Writing updated Contig_17_96.7499_pilon to pilon.fasta
[pilon] Writing Contig_18_111.093:1-3379 changes to pilon.changes
[pilon] Writing updated Contig_18_111.093_pilon to pilon.fasta
[pilon] Writing Contig_19_88.9972:1-16053 changes to pilon.changes
[pilon] Writing updated Contig_19_88.9972_pilon to pilon.fasta
[pilon] Writing Contig_20_195.257:1-2665 changes to pilon.changes
[pilon] Writing updated Contig_20_195.257_pilon to pilon.fasta
[pilon] Writing Contig_21_178.112:1-1019 changes to pilon.changes
[pilon] Writing updated Contig_21_178.112_pilon to pilon.fasta
[pilon] Writing Contig_22_94.4425:1-32817 changes to pilon.changes
[pilon] Writing updated Contig_22_94.4425_pilon to pilon.fasta
[pilon] Writing Contig_23_93.3758:1-20263 changes to pilon.changes
[pilon] Writing updated Contig_23_93.3758_pilon to pilon.fasta
[pilon] Writing Contig_24_672.187:1-1666 changes to pilon.changes
[pilon] Writing updated Contig_24_672.187_pilon to pilon.fasta
[pilon] Writing Contig_25_202.175:1-14291 changes to pilon.changes
[pilon] Writing updated Contig_25_202.175_pilon to pilon.fasta
[pilon] Writing Contig_26_288.209:1-803 changes to pilon.changes
[pilon] Writing updated Contig_26_288.209_pilon to pilon.fasta
[pilon] Writing Contig_27_203.337:1-828 changes to pilon.changes
[pilon] Writing updated Contig_27_203.337_pilon to pilon.fasta
[pilon] Writing Contig_28_91.208:1-57444 changes to pilon.changes
[pilon] Writing updated Contig_28_91.208_pilon to pilon.fasta
[pilon] Writing Contig_29_92.8362:1-273925 changes to pilon.changes
[pilon] Writing updated Contig_29_92.8362_pilon to pilon.fasta
[pilon] Writing Contig_30_95.4839:1-79806 changes to pilon.changes
[pilon] Writing updated Contig_30_95.4839_pilon to pilon.fasta
[pilon] Mean frags coverage: 106
[pilon] Mean total coverage: 106
[shovill] Repaired 0 contigs from skesa.fasta at 0 positions.
[shovill] Assembly is 1849234, estimated genome size was 1800000 (+2.74%)
[shovill] Note: skesa does not produce a graph file
[shovill] Walltime used: 2 min 26 sec
[shovill] Results in: /Volumes/NGS_2/Bioinformatics/eriny/aphl_hackathon_2026/work/80/1ba5fea7e5c0393fb5a61ddad00448/SRR38287102_shovill_output
[shovill] Final assembly contigs: /Volumes/NGS_2/Bioinformatics/eriny/aphl_hackathon_2026/work/80/1ba5fea7e5c0393fb5a61ddad00448/SRR38287102_shovill_output/contigs.fa
[shovill] It contains 30 (min=500) contigs totalling 1849234 bp.
[shovill] Remember, genomic repeats > ~800bp will be collapsed into single contigs.
[shovill] Done.
