[shovill] Hello stranger
[shovill] You ran: /shovill/shovill-1.1.0/bin/shovill --R1 2145565_S22_L001_R1_001.fastq.gz --R2 2145565_S22_L001_R2_001.fastq.gz --minlen 500 --gsize 1800000 --mincov 10.0 --assembler skesa --cpus 6 --ram 36 --outdir ./SRR38121709_shovill_output --force
[shovill] This is shovill 1.1.0
[shovill] Written by Torsten Seemann
[shovill] Homepage is https://github.com/tseemann/shovill
[shovill] Operating system is linux
[shovill] Perl version is v5.22.1
[shovill] Machine has 112 CPU cores and 503.32 GB RAM
[shovill] Using bwa - /bwa/bwa-0.7.17/bwa | Version: 0.7.17-r1188
[shovill] Using flash - /flash/FLASH-1.2.11/flash | FLASH v1.2.11
[shovill] Using java - /usr/bin/java | openjdk version "9-internal"
[shovill] Using kmc - /kmc/kmc | K-Mer Counter (KMC) ver. 3.1.1 (2019-05-19)
[shovill] Using lighter - /Lighter-1.1.1/lighter | Lighter v1.1.1
[shovill] Using megahit - /megahit/megahit_v1.1.4_LINUX_CPUONLY_x86_64-bin/megahit | MEGAHIT v1.1.3
[shovill] Using megahit_toolkit - /megahit/megahit_v1.1.4_LINUX_CPUONLY_x86_64-bin/megahit_toolkit | v1.1.3
[shovill] Using pigz - /usr/bin/pigz | pigz 2.3.1
[shovill] Using pilon - /pilon/pilon | Pilon version 1.22 Wed Mar 15 16:38:30 2017 -0400
[shovill] Using samclip - /samclip/samclip | samclip 0.4.0
[shovill] Using samtools - /usr/local/bin/samtools | Version: 1.10 (using htslib 1.10)
[shovill] Using seqtk - /usr/local/bin/seqtk | Version: 1.3-r106
[shovill] Using skesa - /skesa/skesa | SKESA v.2.3.0
[shovill] Using spades.py - /SPAdes-3.14.1-Linux/bin/spades.py | SPAdes genome assembler v3.14.1
[shovill] Using trimmomatic - /trimmomatic/trimmomatic | 0.38
[shovill] Using velvetg - /velvet/velvet-1.2.10/velvetg | Version 1.2.10
[shovill] Using velveth - /velvet/velvet-1.2.10/velveth | Version 1.2.10
[shovill] Found spades version: 003014000
[shovill] Using tempdir: /tmp/zP18cCh4zt
[shovill] Changing into folder: /Volumes/NGS_2/Bioinformatics/eriny/aphl_hackathon_2026/work/04/fffb461dc45049c054dde7936a2e96/SRR38121709_shovill_output
[shovill] Collecting raw read statistics with 'seqtk'
[shovill] Running: seqtk fqchk -q3 \/Volumes\/NGS_2\/pulsenet_and_arln\/UT\-SH00354\-260327\/reads\/2145565_S22_L001_R1_001\.fastq\.gz >/tmp/DCfkv6NiwD 2>&1 | sed 's/^/[seqtk] /' | tee -a shovill.log
[shovill] Read stats: max_len = 151
[shovill] Read stats: total_bp = 99486504
[shovill] Read stats: min_len = 35
[shovill] Read stats: avg_len = 136
[shovill] Using genome size 1800000 bp
[shovill] Estimated sequencing depth: 55 x
[shovill] No read depth reduction requested or necessary.
[shovill] Appending -Xmx36g to _JAVA_OPTIONS
[shovill] Running: ln -sf \/Volumes\/NGS_2\/pulsenet_and_arln\/UT\-SH00354\-260327\/reads\/2145565_S22_L001_R1_001\.fastq\.gz R1.fq.gz 2>&1 | sed 's/^/[ln] /' | tee -a shovill.log
[shovill] Running: ln -sf \/Volumes\/NGS_2\/pulsenet_and_arln\/UT\-SH00354\-260327\/reads\/2145565_S22_L001_R2_001\.fastq\.gz R2.fq.gz 2>&1 | sed 's/^/[ln] /' | tee -a shovill.log
[shovill] Average read length looks like 136 bp
[shovill] Setting k-mer range to (31 .. 102)
[shovill] Estimated K-mers: 31 49 67 85 [kn=5, ks=18, kmin=31, kmax=102]
[shovill] Using kmers: 31,49,67,85
[shovill] Correcting reads with 'Lighter'
[shovill] Running: lighter -od . -r R1.fq.gz -r R2.fq.gz -K 32 1800000 -t 6 -maxcor 1 2>&1 | sed 's/^/[lighter] /' | tee -a shovill.log
[lighter] [2026-05-01 18:24:30] =============Start====================
[lighter] [2026-05-01 18:24:30] Scanning the input files to infer alpha(sampling rate)
[lighter] [2026-05-01 18:24:32] Average coverage is 55.275 and alpha is 0.127
[lighter] [2026-05-01 18:24:33] Bad quality threshold is "8"
[lighter] [2026-05-01 18:24:35] Finish sampling kmers
[lighter] [2026-05-01 18:24:35] Bloom filter A's false positive rate: 0.002350
[lighter] [2026-05-01 18:24:37] Finish storing trusted kmers
[lighter] [2026-05-01 18:24:40] Finish error correction
[lighter] Processed 731380 reads:
[lighter] 	687810 are error-free
[lighter] 	Corrected 50188 bases(1.151894 corrections for reads with errors)
[lighter] 	Trimmed 0 reads with average trimmed bases 0.000000
[lighter] 	Discard 0 reads
[shovill] Overlapping/stitching PE reads with 'FLASH'
[shovill] Running: flash -m 20 -M 151 -d . -o flash -z -t 6 R1.cor.fq.gz R2.cor.fq.gz 2>&1 | sed 's/^//' | tee -a shovill.log
[FLASH] Starting FLASH v1.2.11
[FLASH] Fast Length Adjustment of SHort reads
[FLASH]  
[FLASH] Input files:
[FLASH]     R1.cor.fq.gz
[FLASH]     R2.cor.fq.gz
[FLASH]  
[FLASH] Output files:
[FLASH]     ./flash.extendedFrags.fastq.gz
[FLASH]     ./flash.notCombined_1.fastq.gz
[FLASH]     ./flash.notCombined_2.fastq.gz
[FLASH]     ./flash.hist
[FLASH]     ./flash.histogram
[FLASH]  
[FLASH] Parameters:
[FLASH]     Min overlap:           20
[FLASH]     Max overlap:           151
[FLASH]     Max mismatch density:  0.250000
[FLASH]     Allow "outie" pairs:   false
[FLASH]     Cap mismatch quals:    false
[FLASH]     Combiner threads:      6
[FLASH]     Input format:          FASTQ, phred_offset=33
[FLASH]     Output format:         FASTQ, phred_offset=33, gzip
[FLASH]  
[FLASH] Starting reader and writer threads
[FLASH] Starting 6 combiner threads
[FLASH] Processed 25000 read pairs
[FLASH] Processed 50000 read pairs
[FLASH] Processed 75000 read pairs
[FLASH] Processed 100000 read pairs
[FLASH] Processed 125000 read pairs
[FLASH] Processed 150000 read pairs
[FLASH] Processed 175000 read pairs
[FLASH] Processed 200000 read pairs
[FLASH] Processed 225000 read pairs
[FLASH] Processed 250000 read pairs
[FLASH] Processed 275000 read pairs
[FLASH] Processed 300000 read pairs
[FLASH] Processed 325000 read pairs
[FLASH] Processed 350000 read pairs
[FLASH] Processed 365690 read pairs
[FLASH]  
[FLASH] Read combination statistics:
[FLASH]     Total pairs:      365690
[FLASH]     Combined pairs:   146734
[FLASH]     Uncombined pairs: 218956
[FLASH]     Percent combined: 40.13%
[FLASH]  
[FLASH] Writing histogram files.
[FLASH]  
[FLASH] FLASH v1.2.11 complete!
[FLASH] 6.550 seconds elapsed
[shovill] Assembling reads with 'skesa'
[shovill] Running: skesa --gz  --fastq flash.extendedFrags.fastq.gz --fastq flash.notCombined_1.fastq.gz,flash.notCombined_2.fastq.gz --use_paired_ends --contigs_out skesa.fasta --min_contig 1 --memory 36 --cores 6 --vector_percent 1 2>&1 | sed 's/^/[skesa] /' | tee -a shovill.log
[skesa] skesa --gz --fastq flash.extendedFrags.fastq.gz --fastq flash.notCombined_1.fastq.gz,flash.notCombined_2.fastq.gz --use_paired_ends --contigs_out skesa.fasta --min_contig 1 --memory 36 --cores 6 --vector_percent 1 
[skesa] 
[skesa] WARNING: option --gz is deprecated - gzipped files are now recognized automatically
[skesa] Total mates: 584646 Paired reads: 218956
[skesa] Reads acquired in  4.333736s wall, 4.090000s user + 0.010000s system = 4.100000s CPU (94.6%)
[skesa] Adapters clip is disabled
[skesa] 
[skesa] Kmer len: 21
[skesa] Raw kmers: 74503917 Memory needed (GB): 1.43048 Memory available (GB): 33.9581 1 cycle(s) will be performed
[skesa] Distinct kmers: 1740082
[skesa] Kmer count in  2.435269s wall, 13.220000s user + 0.790000s system = 14.010000s CPU (575.3%)
[skesa] Uniq kmers merging in  0.040682s wall, 0.070000s user + 0.010000s system = 0.080000s CPU (196.6%)
[skesa] Kmers branching in  0.612416s wall, 2.890000s user + 0.000000s system = 2.890000s CPU (471.9%)
[skesa] 
[skesa] Average read length: 147
[skesa] Genome size estimate: 1539943
[skesa] 
[skesa] Kmer: 21 Graph size: 1740082 Contigs in: 0
[skesa] Valley: 11
[skesa] 
[skesa] Mark used kmers in  0.000001s wall, 0.000000s user + 0.000000s system = 0.000000s CPU (n/a%)
[skesa] Kmers in multiple/single contigs: 0 0
[skesa] Fragments before: 345 1728980
[skesa] Fragments after: 318 1728980
[skesa] New seeds: 257
[skesa] New seeds in  0.609548s wall, 3.560000s user + 0.000000s system = 3.560000s CPU (584.0%)
[skesa] Fragments before: 514 10794
[skesa] Fragments after: 514 10794
[skesa] Connectors: 0 Extenders: 514
[skesa] Connections and extensions in  0.098699s wall, 0.530000s user + 0.000000s system = 0.530000s CPU (537.0%)
[skesa] Contigs out: 257 Genome: 1719971 N50: 16344 L50: 35
[skesa] Assembled in  0.718136s wall, 4.100000s user + 0.000000s system = 4.100000s CPU (570.9%)
[skesa] 
[skesa] 
[skesa] Kmer len: 115
[skesa] Raw kmers: 22406626 Memory needed (GB): 1.07552 Memory available (GB): 33.9285 1 cycle(s) will be performed
[skesa] Distinct kmers: 1741481
[skesa] Kmer count in  1.413251s wall, 6.820000s user + 0.420000s system = 7.240000s CPU (512.3%)
[skesa] Uniq kmers merging in  0.178795s wall, 0.100000s user + 0.170000s system = 0.270000s CPU (151.0%)
[skesa] 
[skesa] Average count: 39.9521 Max kmer: 115
[skesa] Connected: 9386 ambiguously connected: 326 from 10000 mate pairs
[skesa] Connect pairs in  9.664173s wall, 53.470000s user + 0.040000s system = 53.510000s CPU (553.7%)
[skesa] 
[skesa] N50 for inserts: 535
[skesa] 
[skesa] Seed kmers: 0
[skesa] Cleaned reads: 63393
[skesa] Reads for connection: 34538
[skesa] Internal reads: 3232
[skesa] Reads cleaned in  0.473366s wall, 2.380000s user + 0.010000s system = 2.390000s CPU (504.9%)
[skesa] 
[skesa] Kmer len: 29
[skesa] Raw kmers: 7741915 Memory needed (GB): 0.148645 Memory available (GB): 33.9659 1 cycle(s) will be performed
[skesa] Distinct kmers: 309500
[skesa] Kmer count in  0.296564s wall, 1.420000s user + 0.040000s system = 1.460000s CPU (492.3%)
[skesa] Uniq kmers merging in  0.007303s wall, 0.020000s user + 0.000000s system = 0.020000s CPU (273.9%)
[skesa] Kmers branching in  0.081145s wall, 0.390000s user + 0.000000s system = 0.390000s CPU (480.6%)
[skesa] Kmer: 29 Graph size: 309500 Contigs in: 257
[skesa] Valley: 22
[skesa] 
[skesa] Mark used kmers in  0.098204s wall, 0.550000s user + 0.000000s system = 0.550000s CPU (560.1%)
[skesa] Kmers in multiple/single contigs: 0 284558
[skesa] Fragments before: 400 17847
[skesa] Fragments after: 386 17847
[skesa] New seeds: 8
[skesa] New seeds in  0.080390s wall, 0.420000s user + 0.000000s system = 0.420000s CPU (522.5%)
[skesa] Fragments before: 530 15811
[skesa] Fragments after: 375 15811
[skesa] Connectors: 155 Extenders: 220
[skesa] Connections and extensions in  0.188234s wall, 0.900000s user + 0.020000s system = 0.920000s CPU (488.8%)
[skesa] Contigs out: 110 Genome: 1726458 N50: 49784 L50: 10
[skesa] Assembled in  0.368849s wall, 1.870000s user + 0.020000s system = 1.890000s CPU (512.4%)
[skesa] 
[skesa] Seed kmers: 0
[skesa] Cleaned reads: 31526
[skesa] Reads for connection: 17800
[skesa] Internal reads: 1338
[skesa] Reads cleaned in  0.397179s wall, 1.540000s user + 0.030000s system = 1.570000s CPU (395.3%)
[skesa] 
[skesa] Kmer len: 39
[skesa] Raw kmers: 3540710 Memory needed (GB): 0.101972 Memory available (GB): 33.9629 1 cycle(s) will be performed
[skesa] Distinct kmers: 133293
[skesa] Kmer count in  0.138878s wall, 0.680000s user + 0.010000s system = 0.690000s CPU (496.8%)
[skesa] Uniq kmers merging in  0.004977s wall, 0.000000s user + 0.000000s system = 0.000000s CPU (n/a%)
[skesa] Kmers branching in  0.035587s wall, 0.170000s user + 0.010000s system = 0.180000s CPU (505.8%)
[skesa] Kmer: 39 Graph size: 133293 Contigs in: 110
[skesa] Valley: 22
[skesa] 
[skesa] Mark used kmers in  0.138325s wall, 0.610000s user + 0.000000s system = 0.610000s CPU (441.0%)
[skesa] Kmers in multiple/single contigs: 0 117069
[skesa] Fragments before: 217 9751
[skesa] Fragments after: 211 9751
[skesa] New seeds: 1
[skesa] New seeds in  0.042663s wall, 0.200000s user + 0.000000s system = 0.200000s CPU (468.8%)
[skesa] Fragments before: 222 8386
[skesa] Fragments after: 200 8386
[skesa] Connectors: 22 Extenders: 178
[skesa] Connections and extensions in  0.147330s wall, 0.680000s user + 0.000000s system = 0.680000s CPU (461.5%)
[skesa] Contigs out: 89 Genome: 1728228 N50: 68544 L50: 8
[skesa] Assembled in  0.329689s wall, 1.490000s user + 0.000000s system = 1.490000s CPU (451.9%)
[skesa] 
[skesa] Seed kmers: 0
[skesa] Cleaned reads: 26465
[skesa] Reads for connection: 15300
[skesa] Internal reads: 1113
[skesa] Reads cleaned in  0.412915s wall, 1.630000s user + 0.020000s system = 1.650000s CPU (399.6%)
[skesa] 
[skesa] Kmer len: 49
[skesa] Raw kmers: 2738462 Memory needed (GB): 0.0788677 Memory available (GB): 33.9599 1 cycle(s) will be performed
[skesa] Distinct kmers: 105368
[skesa] Kmer count in  0.136462s wall, 0.690000s user + 0.010000s system = 0.700000s CPU (513.0%)
[skesa] Uniq kmers merging in  0.004530s wall, 0.010000s user + 0.010000s system = 0.020000s CPU (441.5%)
[skesa] Kmers branching in  0.035345s wall, 0.180000s user + 0.000000s system = 0.180000s CPU (509.3%)
[skesa] Kmer: 49 Graph size: 105368 Contigs in: 89
[skesa] Valley: 20
[skesa] 
[skesa] Mark used kmers in  0.118565s wall, 0.530000s user + 0.000000s system = 0.530000s CPU (447.0%)
[skesa] Kmers in multiple/single contigs: 0 89903
[skesa] Fragments before: 187 9851
[skesa] Fragments after: 182 9851
[skesa] New seeds: 0
[skesa] New seeds in  0.039120s wall, 0.200000s user + 0.000000s system = 0.200000s CPU (511.2%)
[skesa] Fragments before: 178 8536
[skesa] Fragments after: 171 8536
[skesa] Connectors: 7 Extenders: 164
[skesa] Connections and extensions in  0.180239s wall, 0.740000s user + 0.000000s system = 0.740000s CPU (410.6%)
[skesa] Contigs out: 82 Genome: 1729598 N50: 78657 L50: 8
[skesa] Assembled in  0.339076s wall, 1.470000s user + 0.000000s system = 1.470000s CPU (433.5%)
[skesa] 
[skesa] Seed kmers: 0
[skesa] Cleaned reads: 24583
[skesa] Reads for connection: 14284
[skesa] Internal reads: 1056
[skesa] Reads cleaned in  0.389751s wall, 1.560000s user + 0.030000s system = 1.590000s CPU (408.0%)
[skesa] 
[skesa] Kmer len: 59
[skesa] Raw kmers: 2322402 Memory needed (GB): 0.0668852 Memory available (GB): 33.9574 1 cycle(s) will be performed
[skesa] Distinct kmers: 95899
[skesa] Kmer count in  0.104323s wall, 0.510000s user + 0.000000s system = 0.510000s CPU (488.9%)
[skesa] Uniq kmers merging in  0.003810s wall, 0.010000s user + 0.000000s system = 0.010000s CPU (262.5%)
[skesa] Kmers branching in  0.026894s wall, 0.140000s user + 0.000000s system = 0.140000s CPU (520.6%)
[skesa] Kmer: 59 Graph size: 95899 Contigs in: 82
[skesa] Valley: 18
[skesa] 
[skesa] Mark used kmers in  0.117567s wall, 0.520000s user + 0.000000s system = 0.520000s CPU (442.3%)
[skesa] Kmers in multiple/single contigs: 0 80657
[skesa] Fragments before: 179 10288
[skesa] Fragments after: 173 10288
[skesa] New seeds: 0
[skesa] New seeds in  0.031881s wall, 0.160000s user + 0.000000s system = 0.160000s CPU (501.9%)
[skesa] Fragments before: 164 8248
[skesa] Fragments after: 157 8248
[skesa] Connectors: 7 Extenders: 150
[skesa] Connections and extensions in  0.205850s wall, 0.820000s user + 0.000000s system = 0.820000s CPU (398.3%)
[skesa] Contigs out: 75 Genome: 1730254 N50: 79477 L50: 8
[skesa] Assembled in  0.356301s wall, 1.510000s user + 0.000000s system = 1.510000s CPU (423.8%)
[skesa] 
[skesa] Seed kmers: 0
[skesa] Cleaned reads: 22802
[skesa] Reads for connection: 13516
[skesa] Internal reads: 964
[skesa] Reads cleaned in  0.411027s wall, 1.640000s user + 0.040000s system = 1.680000s CPU (408.7%)
[skesa] 
[skesa] Kmer len: 67
[skesa] Raw kmers: 1990729 Memory needed (GB): 0.076444 Memory available (GB): 33.9551 1 cycle(s) will be performed
[skesa] Distinct kmers: 85952
[skesa] Kmer count in  0.111738s wall, 0.540000s user + 0.000000s system = 0.540000s CPU (483.3%)
[skesa] Uniq kmers merging in  0.004872s wall, 0.010000s user + 0.010000s system = 0.020000s CPU (410.5%)
[skesa] Kmers branching in  0.023465s wall, 0.120000s user + 0.000000s system = 0.120000s CPU (511.4%)
[skesa] Kmer: 67 Graph size: 85952 Contigs in: 75
[skesa] Valley: 16
[skesa] 
[skesa] Mark used kmers in  0.131414s wall, 0.570000s user + 0.010000s system = 0.580000s CPU (441.4%)
[skesa] Kmers in multiple/single contigs: 0 70702
[skesa] Fragments before: 167 10967
[skesa] Fragments after: 157 10967
[skesa] New seeds: 0
[skesa] New seeds in  0.029281s wall, 0.140000s user + 0.000000s system = 0.140000s CPU (478.1%)
[skesa] Fragments before: 150 8690
[skesa] Fragments after: 142 8690
[skesa] Connectors: 8 Extenders: 134
[skesa] Connections and extensions in  0.191645s wall, 0.850000s user + 0.010000s system = 0.860000s CPU (448.7%)
[skesa] Contigs out: 67 Genome: 1731425 N50: 83851 L50: 7
[skesa] Assembled in  0.353047s wall, 1.560000s user + 0.020000s system = 1.580000s CPU (447.5%)
[skesa] 
[skesa] Seed kmers: 0
[skesa] Cleaned reads: 20465
[skesa] Reads for connection: 12366
[skesa] Internal reads: 849
[skesa] Reads cleaned in  0.534878s wall, 2.000000s user + 0.030000s system = 2.030000s CPU (379.5%)
[skesa] 
[skesa] Kmer len: 77
[skesa] Raw kmers: 1594590 Memory needed (GB): 0.0612323 Memory available (GB): 33.9524 1 cycle(s) will be performed
[skesa] Distinct kmers: 73246
[skesa] Kmer count in  0.111807s wall, 0.470000s user + 0.000000s system = 0.470000s CPU (420.4%)
[skesa] Uniq kmers merging in  0.004567s wall, 0.010000s user + 0.000000s system = 0.010000s CPU (219.0%)
[skesa] Kmers branching in  0.027475s wall, 0.130000s user + 0.000000s system = 0.130000s CPU (473.2%)
[skesa] Kmer: 77 Graph size: 73246 Contigs in: 67
[skesa] Valley: 14
[skesa] 
[skesa] Mark used kmers in  0.116772s wall, 0.510000s user + 0.000000s system = 0.510000s CPU (436.7%)
[skesa] Kmers in multiple/single contigs: 0 58483
[skesa] Fragments before: 146 10654
[skesa] Fragments after: 141 10654
[skesa] New seeds: 0
[skesa] New seeds in  0.027578s wall, 0.120000s user + 0.000000s system = 0.120000s CPU (435.1%)
[skesa] Fragments before: 132 8298
[skesa] Fragments after: 127 8298
[skesa] Connectors: 5 Extenders: 122
[skesa] Connections and extensions in  0.213441s wall, 0.850000s user + 0.010000s system = 0.860000s CPU (402.9%)
[skesa] Contigs out: 61 Genome: 1732150 N50: 97549 L50: 6
[skesa] Assembled in  0.358630s wall, 1.480000s user + 0.010000s system = 1.490000s CPU (415.5%)
[skesa] 
[skesa] Seed kmers: 0
[skesa] Cleaned reads: 19532
[skesa] Reads for connection: 11738
[skesa] Internal reads: 866
[skesa] Reads cleaned in  0.398284s wall, 1.590000s user + 0.040000s system = 1.630000s CPU (409.3%)
[skesa] 
[skesa] Kmer len: 87
[skesa] Raw kmers: 1341854 Memory needed (GB): 0.0515272 Memory available (GB): 33.9501 1 cycle(s) will be performed
[skesa] Distinct kmers: 67931
[skesa] Kmer count in  0.084431s wall, 0.350000s user + 0.000000s system = 0.350000s CPU (414.5%)
[skesa] Uniq kmers merging in  0.004586s wall, 0.000000s user + 0.010000s system = 0.010000s CPU (218.1%)
[skesa] Kmers branching in  0.022896s wall, 0.110000s user + 0.000000s system = 0.110000s CPU (480.4%)
[skesa] Kmer: 87 Graph size: 67931 Contigs in: 61
[skesa] Valley: 0
[skesa] 
[skesa] Mark used kmers in  0.114463s wall, 0.510000s user + 0.000000s system = 0.510000s CPU (445.6%)
[skesa] Kmers in multiple/single contigs: 0 53380
[skesa] Fragments before: 137 10605
[skesa] Fragments after: 128 10605
[skesa] New seeds: 0
[skesa] New seeds in  0.026835s wall, 0.130000s user + 0.000000s system = 0.130000s CPU (484.4%)
[skesa] Fragments before: 116 8028
[skesa] Fragments after: 113 8028
[skesa] Connectors: 3 Extenders: 110
[skesa] Connections and extensions in  0.183103s wall, 0.840000s user + 0.000000s system = 0.840000s CPU (458.8%)
[skesa] Contigs out: 55 Genome: 1732561 N50: 97626 L50: 6
[skesa] Assembled in  0.325156s wall, 1.480000s user + 0.000000s system = 1.480000s CPU (455.2%)
[skesa] 
[skesa] Seed kmers: 0
[skesa] Cleaned reads: 18570
[skesa] Reads for connection: 11180
[skesa] Internal reads: 856
[skesa] Reads cleaned in  0.368661s wall, 1.450000s user + 0.030000s system = 1.480000s CPU (401.5%)
[skesa] 
[skesa] Kmer len: 95
[skesa] Raw kmers: 1140049 Memory needed (GB): 0.0437779 Memory available (GB): 33.9479 1 cycle(s) will be performed
[skesa] Distinct kmers: 62904
[skesa] Kmer count in  0.062206s wall, 0.270000s user + 0.000000s system = 0.270000s CPU (434.0%)
[skesa] Uniq kmers merging in  0.004068s wall, 0.010000s user + 0.000000s system = 0.010000s CPU (245.8%)
[skesa] Kmers branching in  0.016874s wall, 0.080000s user + 0.000000s system = 0.080000s CPU (474.1%)
[skesa] Kmer: 95 Graph size: 62904 Contigs in: 55
[skesa] Valley: 0
[skesa] 
[skesa] Mark used kmers in  0.133264s wall, 0.480000s user + 0.000000s system = 0.480000s CPU (360.2%)
[skesa] Kmers in multiple/single contigs: 0 48482
[skesa] Fragments before: 128 10437
[skesa] Fragments after: 118 10437
[skesa] New seeds: 0
[skesa] New seeds in  0.023819s wall, 0.110000s user + 0.000000s system = 0.110000s CPU (461.8%)
[skesa] Fragments before: 108 7825
[skesa] Fragments after: 106 7825
[skesa] Connectors: 2 Extenders: 104
[skesa] Connections and extensions in  0.295750s wall, 0.870000s user + 0.000000s system = 0.870000s CPU (294.2%)
[skesa] Contigs out: 52 Genome: 1732820 N50: 97626 L50: 5
[skesa] Assembled in  0.453542s wall, 1.460000s user + 0.000000s system = 1.460000s CPU (321.9%)
[skesa] 
[skesa] Seed kmers: 0
[skesa] Cleaned reads: 18092
[skesa] Reads for connection: 10946
[skesa] Internal reads: 867
[skesa] Reads cleaned in  0.441021s wall, 1.310000s user + 0.050000s system = 1.360000s CPU (308.4%)
[skesa] 
[skesa] Kmer len: 105
[skesa] Raw kmers: 939483 Memory needed (GB): 0.0450952 Memory available (GB): 33.9458 1 cycle(s) will be performed
[skesa] Distinct kmers: 59324
[skesa] Kmer count in  0.068944s wall, 0.220000s user + 0.020000s system = 0.240000s CPU (348.1%)
[skesa] Uniq kmers merging in  0.003072s wall, 0.010000s user + 0.000000s system = 0.010000s CPU (325.5%)
[skesa] Kmers branching in  0.016563s wall, 0.090000s user + 0.000000s system = 0.090000s CPU (543.4%)
[skesa] Kmer: 105 Graph size: 59324 Contigs in: 52
[skesa] Valley: 0
[skesa] 
[skesa] Mark used kmers in  0.114163s wall, 0.490000s user + 0.000000s system = 0.490000s CPU (429.2%)
[skesa] Kmers in multiple/single contigs: 0 44541
[skesa] Fragments before: 121 10830
[skesa] Fragments after: 110 10830
[skesa] New seeds: 0
[skesa] New seeds in  0.019931s wall, 0.090000s user + 0.000000s system = 0.090000s CPU (451.5%)
[skesa] Fragments before: 102 8118
[skesa] Fragments after: 98 8118
[skesa] Connectors: 4 Extenders: 94
[skesa] Connections and extensions in  0.443984s wall, 0.840000s user + 0.000000s system = 0.840000s CPU (189.2%)
[skesa] Contigs out: 47 Genome: 1733378 N50: 112422 L50: 4
[skesa] Assembled in  0.578684s wall, 1.420000s user + 0.000000s system = 1.420000s CPU (245.4%)
[skesa] 
[skesa] Seed kmers: 0
[skesa] Cleaned reads: 17064
[skesa] Reads for connection: 10416
[skesa] Internal reads: 840
[skesa] Reads cleaned in  0.544119s wall, 1.650000s user + 0.090000s system = 1.740000s CPU (319.8%)
[skesa] 
[skesa] Kmer len: 115
[skesa] Raw kmers: 723409 Memory needed (GB): 0.0347236 Memory available (GB): 33.9435 1 cycle(s) will be performed
[skesa] Distinct kmers: 52220
[skesa] Kmer count in  0.091582s wall, 0.300000s user + 0.020000s system = 0.320000s CPU (349.4%)
[skesa] Uniq kmers merging in  0.004108s wall, 0.010000s user + 0.000000s system = 0.010000s CPU (243.4%)
[skesa] Kmers branching in  0.022311s wall, 0.120000s user + 0.000000s system = 0.120000s CPU (537.8%)
[skesa] Kmer: 115 Graph size: 52220 Contigs in: 47
[skesa] Valley: 0
[skesa] 
[skesa] Mark used kmers in  0.147792s wall, 0.670000s user + 0.000000s system = 0.670000s CPU (453.3%)
[skesa] Kmers in multiple/single contigs: 0 37676
[skesa] Fragments before: 112 10388
[skesa] Fragments after: 101 10388
[skesa] New seeds: 0
[skesa] New seeds in  0.026352s wall, 0.110000s user + 0.000000s system = 0.110000s CPU (417.4%)
[skesa] Fragments before: 90 7624
[skesa] Fragments after: 90 7624
[skesa] Connectors: 0 Extenders: 90
[skesa] Connections and extensions in  0.544069s wall, 1.270000s user + 0.010000s system = 1.280000s CPU (235.3%)
[skesa] Contigs out: 45 Genome: 1733199 N50: 112422 L50: 4
[skesa] Assembled in  0.718914s wall, 2.050000s user + 0.010000s system = 2.060000s CPU (286.5%)
[skesa] 
[skesa] Seed kmers: 0
[skesa] Cleaned reads: 16853
[skesa] Reads for connection: 10406
[skesa] Internal reads: 844
[skesa] Reads cleaned in  0.702375s wall, 2.000000s user + 0.090000s system = 2.090000s CPU (297.6%)
[skesa] 
[skesa] Connecting mate pairs using kmer length: 21
[skesa] Connected: 2390 ambiguously connected: 2558 from 5203 mate pairs
[skesa] Connect pairs in  10.034489s wall, 43.010000s user + 0.070000s system = 43.080000s CPU (429.3%)
[skesa] 
[skesa] Connecting mate pairs using kmer length: 29
[skesa] Connected: 326 ambiguously connected: 2226 from 2558 mate pairs
[skesa] Connect pairs in  1.978256s wall, 7.800000s user + 0.000000s system = 7.800000s CPU (394.3%)
[skesa] 
[skesa] Connecting mate pairs using kmer length: 39
[skesa] Connected: 134 ambiguously connected: 2086 from 2226 mate pairs
[skesa] Connect pairs in  0.675444s wall, 2.930000s user + 0.000000s system = 2.930000s CPU (433.8%)
[skesa] 
[skesa] Connecting mate pairs using kmer length: 49
[skesa] Connected: 178 ambiguously connected: 1901 from 2086 mate pairs
[skesa] Connect pairs in  0.899612s wall, 3.790000s user + 0.010000s system = 3.800000s CPU (422.4%)
[skesa] 
[skesa] Connecting mate pairs using kmer length: 59
[skesa] Connected: 47 ambiguously connected: 1852 from 1901 mate pairs
[skesa] Connect pairs in  0.629573s wall, 2.750000s user + 0.000000s system = 2.750000s CPU (436.8%)
[skesa] 
[skesa] Connecting mate pairs using kmer length: 67
[skesa] Connected: 326 ambiguously connected: 1521 from 1852 mate pairs
[skesa] Connect pairs in  0.925254s wall, 4.030000s user + 0.010000s system = 4.040000s CPU (436.6%)
[skesa] 
[skesa] Connecting mate pairs using kmer length: 77
[skesa] Connected: 104 ambiguously connected: 1405 from 1521 mate pairs
[skesa] Connect pairs in  0.588331s wall, 2.500000s user + 0.000000s system = 2.500000s CPU (424.9%)
[skesa] 
[skesa] Connecting mate pairs using kmer length: 87
[skesa] Connected: 143 ambiguously connected: 1245 from 1405 mate pairs
[skesa] Connect pairs in  0.666010s wall, 2.440000s user + 0.000000s system = 2.440000s CPU (366.4%)
[skesa] 
[skesa] Connecting mate pairs using kmer length: 95
[skesa] Connected: 90 ambiguously connected: 1123 from 1245 mate pairs
[skesa] Connect pairs in  0.470517s wall, 1.960000s user + 0.010000s system = 1.970000s CPU (418.7%)
[skesa] 
[skesa] Connecting mate pairs using kmer length: 105
[skesa] Connected: 53 ambiguously connected: 1034 from 1123 mate pairs
[skesa] Connect pairs in  0.739504s wall, 3.160000s user + 0.000000s system = 3.160000s CPU (427.3%)
[skesa] 
[skesa] Connecting mate pairs using kmer length: 115
[skesa] Connected: 0 ambiguously connected: 872 from 1034 mate pairs
[skesa] Connect pairs in  0.629132s wall, 2.760000s user + 0.000000s system = 2.760000s CPU (438.7%)
[skesa] Totally connected: 3791
[skesa] Added notconnected: 1744
[skesa] 
[skesa] Kmer len: 143
[skesa] Raw kmers: 2809182 Memory needed (GB): 0.161809 Memory available (GB): 33.9407 1 cycle(s) will be performed
[skesa] Distinct kmers: 57344
[skesa] Kmer count in  0.189398s wall, 0.850000s user + 0.040000s system = 0.890000s CPU (469.9%)
[skesa] Uniq kmers merging in  0.004490s wall, 0.000000s user + 0.000000s system = 0.000000s CPU (n/a%)
[skesa] Kmers branching in  0.026798s wall, 0.140000s user + 0.000000s system = 0.140000s CPU (522.4%)
[skesa] Kmer: 143 Graph size: 57344 Contigs in: 45
[skesa] Valley: 31
[skesa] 
[skesa] Mark used kmers in  0.146477s wall, 0.570000s user + 0.010000s system = 0.580000s CPU (396.0%)
[skesa] Kmers in multiple/single contigs: 0 41477
[skesa] Fragments before: 87 10597
[skesa] Fragments after: 83 10597
[skesa] New seeds: 0
[skesa] New seeds in  0.028886s wall, 0.130000s user + 0.000000s system = 0.130000s CPU (450.1%)
[skesa] Fragments before: 88 10459
[skesa] Fragments after: 86 10459
[skesa] Connectors: 2 Extenders: 84
[skesa] Connections and extensions in  0.501030s wall, 1.190000s user + 0.000000s system = 1.190000s CPU (237.5%)
[skesa] Contigs out: 42 Genome: 1734462 N50: 112422 L50: 4
[skesa] Assembled in  0.677057s wall, 1.890000s user + 0.010000s system = 1.900000s CPU (280.6%)
[skesa] 
[skesa] 
[skesa] Kmer len: 327
[skesa] Raw kmers: 1697331 Memory needed (GB): 0.195533 Memory available (GB): 33.9379 1 cycle(s) will be performed
[skesa] Distinct kmers: 53580
[skesa] Kmer count in  0.268922s wall, 1.170000s user + 0.010000s system = 1.180000s CPU (438.8%)
[skesa] Uniq kmers merging in  0.004550s wall, 0.000000s user + 0.000000s system = 0.000000s CPU (n/a%)
[skesa] Kmers branching in  0.038628s wall, 0.200000s user + 0.000000s system = 0.200000s CPU (517.8%)
[skesa] Kmer: 327 Graph size: 53580 Contigs in: 42
[skesa] Valley: 27
[skesa] 
[skesa] Mark used kmers in  0.318720s wall, 1.090000s user + 0.010000s system = 1.100000s CPU (345.1%)
[skesa] Kmers in multiple/single contigs: 0 31146
[skesa] Fragments before: 58 18052
[skesa] Fragments after: 52 18052
[skesa] New seeds: 0
[skesa] New seeds in  0.038211s wall, 0.140000s user + 0.000000s system = 0.140000s CPU (366.4%)
[skesa] Fragments before: 70 20336
[skesa] Fragments after: 63 20336
[skesa] Connectors: 7 Extenders: 56
[skesa] Connections and extensions in  0.667913s wall, 1.480000s user + 0.010000s system = 1.490000s CPU (223.1%)
[skesa] Contigs out: 28 Genome: 1738373 N50: 117165 L50: 4
[skesa] Assembled in  1.025514s wall, 2.720000s user + 0.020000s system = 2.740000s CPU (267.2%)
[skesa] 
[skesa] 
[skesa] Kmer len: 511
[skesa] Raw kmers: 830646 Memory needed (GB): 0.135561 Memory available (GB): 33.9327 1 cycle(s) will be performed
[skesa] Distinct kmers: 46297
[skesa] Kmer count in  0.179123s wall, 0.750000s user + 0.000000s system = 0.750000s CPU (418.7%)
[skesa] Uniq kmers merging in  0.005682s wall, 0.000000s user + 0.010000s system = 0.010000s CPU (176.0%)
[skesa] Kmers branching in  0.041688s wall, 0.220000s user + 0.000000s system = 0.220000s CPU (527.7%)
[skesa] Kmer: 511 Graph size: 46297 Contigs in: 28
[skesa] Valley: 0
[skesa] 
[skesa] Mark used kmers in  0.361627s wall, 1.500000s user + 0.000000s system = 1.500000s CPU (414.8%)
[skesa] Kmers in multiple/single contigs: 0 28467
[skesa] Fragments before: 59 16072
[skesa] Fragments after: 52 16072
[skesa] New seeds: 0
[skesa] New seeds in  0.051649s wall, 0.160000s user + 0.000000s system = 0.160000s CPU (309.8%)
[skesa] Fragments before: 51 15010
[skesa] Fragments after: 49 15010
[skesa] Connectors: 2 Extenders: 47
[skesa] Connections and extensions in  0.590494s wall, 1.460000s user + 0.010000s system = 1.470000s CPU (248.9%)
[skesa] Contigs out: 25 Genome: 1738877 N50: 117165 L50: 4
[skesa] Assembled in  1.004421s wall, 3.120000s user + 0.010000s system = 3.130000s CPU (311.6%)
[skesa] 
[skesa] DONE
[shovill] Checking for assembly errors in skesa.fasta
[shovill] Running: bwa index skesa.fasta 2>&1 | sed 's/^/[bwa-index] /' | tee -a shovill.log
[bwa-index] [bwa_index] Pack FASTA... 0.02 sec
[bwa-index] [bwa_index] Construct BWT for the packed sequence...
[bwa-index] [bwa_index] 0.61 seconds elapse.
[bwa-index] [bwa_index] Update BWT... 0.02 sec
[bwa-index] [bwa_index] Pack forward-only FASTA... 0.01 sec
[bwa-index] [bwa_index] Construct SA from BWT and Occ... 0.13 sec
[bwa-index] [main] Version: 0.7.17-r1188
[bwa-index] [main] CMD: bwa index skesa.fasta
[bwa-index] [main] Real time: 1.197 sec; CPU: 0.788 sec
[shovill] Running: samtools faidx skesa.fasta 2>&1 | sed 's/^/[faidx] /' | tee -a shovill.log
[shovill] Running: (bwa mem -v 3 -x intractg -t 6 skesa.fasta R1.fq.gz R2.fq.gz | samclip --ref skesa.fasta.fai | samtools sort --threads 1 -m 18432m --reference skesa.fasta -T /tmp/zP18cCh4zt -o shovill.bam) 2>&1 | sed 's/^/[bwa+samtools-sort] /' | tee -a shovill.log
[bwa+samtools-sort] [M::bwa_idx_load_from_disk] read 0 ALT contigs
[bwa+samtools-sort] [samclip] samclip 0.4.0 by Torsten Seemann (@torstenseemann)
[bwa+samtools-sort] [samclip] Loading: skesa.fasta.fai
[bwa+samtools-sort] [samclip] Found 25 sequences in skesa.fasta.fai
[bwa+samtools-sort] [M::process] read 441906 sequences (60000160 bp)...
[bwa+samtools-sort] [M::process] read 289474 sequences (39494489 bp)...
[bwa+samtools-sort] [M::mem_pestat] # candidate unique pairs for (FF, FR, RF, RR): (1, 217599, 3, 0)
[bwa+samtools-sort] [M::mem_pestat] skip orientation FF as there are not enough pairs
[bwa+samtools-sort] [M::mem_pestat] analyzing insert size distribution for orientation FR...
[bwa+samtools-sort] [M::mem_pestat] (25, 50, 75) percentile: (153, 348, 514)
[bwa+samtools-sort] [M::mem_pestat] low and high boundaries for computing mean and std.dev: (1, 1236)
[bwa+samtools-sort] [M::mem_pestat] mean and std.dev: (354.49, 222.75)
[bwa+samtools-sort] [M::mem_pestat] low and high boundaries for proper pairs: (1, 1597)
[bwa+samtools-sort] [M::mem_pestat] skip orientation RF as there are not enough pairs
[bwa+samtools-sort] [M::mem_pestat] skip orientation RR as there are not enough pairs
[bwa+samtools-sort] [M::mem_process_seqs] Processed 441906 reads in 19.044 CPU sec, 3.174 real sec
[bwa+samtools-sort] [samclip] Processed 100000 records...
[bwa+samtools-sort] [samclip] Processed 200000 records...
[bwa+samtools-sort] [samclip] Processed 300000 records...
[bwa+samtools-sort] [samclip] Processed 400000 records...
[bwa+samtools-sort] [M::mem_pestat] # candidate unique pairs for (FF, FR, RF, RR): (0, 142452, 1, 0)
[bwa+samtools-sort] [M::mem_pestat] skip orientation FF as there are not enough pairs
[bwa+samtools-sort] [M::mem_pestat] analyzing insert size distribution for orientation FR...
[bwa+samtools-sort] [M::mem_pestat] (25, 50, 75) percentile: (159, 360, 521)
[bwa+samtools-sort] [M::mem_pestat] low and high boundaries for computing mean and std.dev: (1, 1245)
[bwa+samtools-sort] [M::mem_pestat] mean and std.dev: (361.77, 223.80)
[bwa+samtools-sort] [M::mem_pestat] low and high boundaries for proper pairs: (1, 1607)
[bwa+samtools-sort] [M::mem_pestat] skip orientation RF as there are not enough pairs
[bwa+samtools-sort] [M::mem_pestat] skip orientation RR as there are not enough pairs
[bwa+samtools-sort] [M::mem_process_seqs] Processed 289474 reads in 13.435 CPU sec, 2.327 real sec
[bwa+samtools-sort] [samclip] Processed 500000 records...
[bwa+samtools-sort] [samclip] Processed 600000 records...
[bwa+samtools-sort] [samclip] Processed 700000 records...
[bwa+samtools-sort] [main] Version: 0.7.17-r1188
[bwa+samtools-sort] [main] CMD: bwa mem -v 3 -x intractg -t 6 skesa.fasta R1.fq.gz R2.fq.gz
[bwa+samtools-sort] [main] Real time: 7.529 sec; CPU: 33.554 sec
[bwa+samtools-sort] [samclip] Total SAM records 732565, removed 6005, allowed 11428, passed 726560
[bwa+samtools-sort] [samclip] Header contained 26 lines
[bwa+samtools-sort] [samclip] Done.
[shovill] Running: samtools index shovill.bam 2>&1 | sed 's/^/[samtools-index] /' | tee -a shovill.log
[shovill] Correcting errors in skesa.fasta
[shovill] Running: pilon --genome skesa.fasta --frags shovill.bam --minmq 60 --minqual 3 --fix bases --output pilon --threads 6 --changes --mindepth 0.25 2>&1 | sed 's/^/[pilon] /' | tee -a shovill.log
[pilon] Pilon version 1.22 Wed Mar 15 16:38:30 2017 -0400
[pilon] Genome: skesa.fasta
[pilon] Fixing snps, indels
[pilon] Input genome size: 1738877
[pilon] Processing Contig_24_42.0233:1-196584
[pilon] Processing Contig_2_42.1235:1-52873
[pilon] Processing Contig_7_41.326:1-50166
[pilon] Processing Contig_8_42.2377:1-162771
[pilon] Processing Contig_12_82.9184:1-890
[pilon] Processing Contig_13_43.7972:1-12849
[pilon] Contig_12_82.9184:1-890 log:
[pilon] frags shovill.bam: coverage 64
[pilon] Total Reads: 758, Coverage: 64, minDepth: 16
[pilon] Confirmed 890 of 890 bases (100.00%)
[pilon] Corrected 0 snps; 0 ambiguous bases; corrected 0 small insertions totaling 0 bases, 0 small deletions totaling 0 bases
[pilon] Finished processing Contig_12_82.9184:1-890
[pilon] Processing Contig_15_44.7275:1-113686
[pilon] Contig_13_43.7972:1-12849 log:
[pilon] frags shovill.bam: coverage 48
[pilon] Total Reads: 5411, Coverage: 48, minDepth: 12
[pilon] Confirmed 12796 of 12849 bases (99.59%)
[pilon] Corrected 0 snps; 0 ambiguous bases; corrected 0 small insertions totaling 0 bases, 0 small deletions totaling 0 bases
[pilon] Finished processing Contig_13_43.7972:1-12849
[pilon] Processing Contig_5_43.6816:1-17969
[pilon] Contig_5_43.6816:1-17969 log:
[pilon] frags shovill.bam: coverage 47
[pilon] Total Reads: 7677, Coverage: 47, minDepth: 12
[pilon] Confirmed 17957 of 17969 bases (99.93%)
[pilon] Corrected 0 snps; 0 ambiguous bases; corrected 0 small insertions totaling 0 bases, 0 small deletions totaling 0 bases
[pilon] Finished processing Contig_5_43.6816:1-17969
[pilon] Processing Contig_21_135.804:1-861
[pilon] Contig_21_135.804:1-861 log:
[pilon] frags shovill.bam: coverage 106
[pilon] Total Reads: 1212, Coverage: 106, minDepth: 27
[pilon] Confirmed 861 of 861 bases (100.00%)
[pilon] Corrected 0 snps; 0 ambiguous bases; corrected 0 small insertions totaling 0 bases, 0 small deletions totaling 0 bases
[pilon] Finished processing Contig_21_135.804:1-861
[pilon] Processing Contig_25_41.4892:1-38944
[pilon] Contig_7_41.326:1-50166 log:
[pilon] frags shovill.bam: coverage 47
[pilon] Total Reads: 20349, Coverage: 47, minDepth: 12
[pilon] Confirmed 50166 of 50166 bases (100.00%)
[pilon] Corrected 0 snps; 0 ambiguous bases; corrected 0 small insertions totaling 0 bases, 0 small deletions totaling 0 bases
[pilon] Finished processing Contig_7_41.326:1-50166
[pilon] Processing Contig_20_96.7794:1-990
[pilon] Contig_2_42.1235:1-52873 log:
[pilon] frags shovill.bam: coverage 47
[pilon] Total Reads: 21896, Coverage: 47, minDepth: 12
[pilon] Confirmed 52780 of 52873 bases (99.82%)
[pilon] Corrected 0 snps; 0 ambiguous bases; corrected 0 small insertions totaling 0 bases, 0 small deletions totaling 0 bases
[pilon] Finished processing Contig_2_42.1235:1-52873
[pilon] Contig_20_96.7794:1-990 log:
[pilon] frags shovill.bam: coverage 65
[pilon] Total Reads: 941, Coverage: 65, minDepth: 16
[pilon] Confirmed 966 of 990 bases (97.58%)
[pilon] Corrected 0 snps; 0 ambiguous bases; corrected 0 small insertions totaling 0 bases, 0 small deletions totaling 0 bases
[pilon] Finished processing Contig_20_96.7794:1-990
[pilon] Processing Contig_4_41.6909:1-95222
[pilon] Contig_25_41.4892:1-38944 log:
[pilon] frags shovill.bam: coverage 46
[pilon] Total Reads: 15505, Coverage: 46, minDepth: 12
[pilon] Confirmed 38907 of 38944 bases (99.90%)
[pilon] Corrected 0 snps; 0 ambiguous bases; corrected 0 small insertions totaling 0 bases, 0 small deletions totaling 0 bases
[pilon] Finished processing Contig_25_41.4892:1-38944
[pilon] Processing Contig_11_42.4241:1-117165
[pilon] Processing Contig_1_41.5213:1-79477
[pilon] Contig_15_44.7275:1-113686 log:
[pilon] frags shovill.bam: coverage 50
[pilon] Total Reads: 49479, Coverage: 50, minDepth: 13
[pilon] Confirmed 113685 of 113686 bases (100.00%)
[pilon] Corrected 0 snps; 0 ambiguous bases; corrected 0 small insertions totaling 0 bases, 0 small deletions totaling 0 bases
[pilon] Finished processing Contig_15_44.7275:1-113686
[pilon] Processing Contig_18_41.6567:1-16841
[pilon] Contig_8_42.2377:1-162771 log:
[pilon] frags shovill.bam: coverage 48
[pilon] Total Reads: 67308, Coverage: 48, minDepth: 12
[pilon] Confirmed 162771 of 162771 bases (100.00%)
[pilon] Corrected 0 snps; 0 ambiguous bases; corrected 0 small insertions totaling 0 bases, 0 small deletions totaling 0 bases
[pilon] Finished processing Contig_8_42.2377:1-162771
[pilon] Processing Contig_23_98.3132:1-3638
[pilon] Contig_4_41.6909:1-95222 log:
[pilon] frags shovill.bam: coverage 47
[pilon] Total Reads: 38868, Coverage: 47, minDepth: 12
[pilon] Confirmed 95019 of 95222 bases (99.79%)
[pilon] Corrected 0 snps; 0 ambiguous bases; corrected 0 small insertions totaling 0 bases, 0 small deletions totaling 0 bases
[pilon] Finished processing Contig_4_41.6909:1-95222
[pilon] Processing Contig_22_42.6185:1-23005
[pilon] Contig_23_98.3132:1-3638 log:
[pilon] frags shovill.bam: coverage 86
[pilon] Total Reads: 3237, Coverage: 86, minDepth: 22
[pilon] Confirmed 3465 of 3638 bases (95.24%)
[pilon] Corrected 0 snps; 0 ambiguous bases; corrected 0 small insertions totaling 0 bases, 0 small deletions totaling 0 bases
[pilon] Finished processing Contig_23_98.3132:1-3638
[pilon] Processing Contig_6_55.4314:1-975
[pilon] Contig_18_41.6567:1-16841 log:
[pilon] frags shovill.bam: coverage 47
[pilon] Total Reads: 6927, Coverage: 47, minDepth: 12
[pilon] Confirmed 16788 of 16841 bases (99.69%)
[pilon] Corrected 0 snps; 0 ambiguous bases; corrected 0 small insertions totaling 0 bases, 0 small deletions totaling 0 bases
[pilon] Finished processing Contig_18_41.6567:1-16841
[pilon] Processing Contig_9_43.0567:1-80825
[pilon] Contig_6_55.4314:1-975 log:
[pilon] frags shovill.bam: coverage 43
[pilon] Total Reads: 460, Coverage: 43, minDepth: 11
[pilon] Confirmed 975 of 975 bases (100.00%)
[pilon] Corrected 0 snps; 0 ambiguous bases; corrected 0 small insertions totaling 0 bases, 0 small deletions totaling 0 bases
[pilon] Finished processing Contig_6_55.4314:1-975
[pilon] Processing Contig_19_42.1722:1-79305
[pilon] Contig_1_41.5213:1-79477 log:
[pilon] frags shovill.bam: coverage 47
[pilon] Total Reads: 32517, Coverage: 47, minDepth: 12
[pilon] Confirmed 79428 of 79477 bases (99.94%)
[pilon] Corrected 0 snps; 0 ambiguous bases; corrected 0 small insertions totaling 0 bases, 0 small deletions totaling 0 bases
[pilon] Finished processing Contig_1_41.5213:1-79477
[pilon] Processing Contig_10_228.584:1-5996
[pilon] Contig_11_42.4241:1-117165 log:
[pilon] frags shovill.bam: coverage 47
[pilon] Total Reads: 47762, Coverage: 47, minDepth: 12
[pilon] Confirmed 117049 of 117165 bases (99.90%)
[pilon] Corrected 0 snps; 0 ambiguous bases; corrected 0 small insertions totaling 0 bases, 0 small deletions totaling 0 bases
[pilon] Finished processing Contig_11_42.4241:1-117165
[pilon] Processing Contig_16_40.6684:1-11442
[pilon] Contig_22_42.6185:1-23005 log:
[pilon] frags shovill.bam: coverage 47
[pilon] Total Reads: 9443, Coverage: 47, minDepth: 12
[pilon] Confirmed 22729 of 23005 bases (98.80%)
[pilon] Corrected 0 snps; 0 ambiguous bases; corrected 0 small insertions totaling 0 bases, 0 small deletions totaling 0 bases
[pilon] Finished processing Contig_22_42.6185:1-23005
[pilon] Contig_10_228.584:1-5996 log:
[pilon] frags shovill.bam: coverage 248
[pilon] Total Reads: 13689, Coverage: 248, minDepth: 62
[pilon] Confirmed 5721 of 5996 bases (95.41%)
[pilon] Corrected 0 snps; 0 ambiguous bases; corrected 0 small insertions totaling 0 bases, 0 small deletions totaling 0 bases
[pilon] Finished processing Contig_10_228.584:1-5996
[pilon] Processing Contig_14_46.4065:1-726
[pilon] Contig_14_46.4065:1-726 log:
[pilon] frags shovill.bam: coverage 28
[pilon] Total Reads: 352, Coverage: 28, minDepth: 7
[pilon] Confirmed 698 of 726 bases (96.14%)
[pilon] Corrected 0 snps; 0 ambiguous bases; corrected 0 small insertions totaling 0 bases, 0 small deletions totaling 0 bases
[pilon] Finished processing Contig_14_46.4065:1-726
[pilon] Contig_16_40.6684:1-11442 log:
[pilon] frags shovill.bam: coverage 43
[pilon] Total Reads: 4430, Coverage: 43, minDepth: 11
[pilon] Confirmed 11229 of 11442 bases (98.14%)
[pilon] Corrected 0 snps; 0 ambiguous bases; corrected 0 small insertions totaling 0 bases, 0 small deletions totaling 0 bases
[pilon] Finished processing Contig_16_40.6684:1-11442
[pilon] Contig_19_42.1722:1-79305 log:
[pilon] frags shovill.bam: coverage 48
[pilon] Total Reads: 32896, Coverage: 48, minDepth: 12
[pilon] Confirmed 79243 of 79305 bases (99.92%)
[pilon] Corrected 0 snps; 0 ambiguous bases; corrected 0 small insertions totaling 0 bases, 0 small deletions totaling 0 bases
[pilon] Finished processing Contig_19_42.1722:1-79305
[pilon] Contig_9_43.0567:1-80825 log:
[pilon] frags shovill.bam: coverage 47
[pilon] Total Reads: 33445, Coverage: 47, minDepth: 12
[pilon] Confirmed 80675 of 80825 bases (99.81%)
[pilon] Corrected 0 snps; 0 ambiguous bases; corrected 0 small insertions totaling 0 bases, 0 small deletions totaling 0 bases
[pilon] Finished processing Contig_9_43.0567:1-80825
[pilon] Processing Contig_17_41.736:1-97891
[pilon] Contig_24_42.0233:1-196584 log:
[pilon] frags shovill.bam: coverage 47
[pilon] Total Reads: 80130, Coverage: 47, minDepth: 12
[pilon] Confirmed 196216 of 196584 bases (99.81%)
[pilon] Corrected 0 snps; 0 ambiguous bases; corrected 0 small insertions totaling 0 bases, 0 small deletions totaling 0 bases
[pilon] Finished processing Contig_24_42.0233:1-196584
[pilon] Contig_17_41.736:1-97891 log:
[pilon] frags shovill.bam: coverage 47
[pilon] Total Reads: 39913, Coverage: 47, minDepth: 12
[pilon] Confirmed 97689 of 97891 bases (99.79%)
[pilon] Corrected 0 snps; 0 ambiguous bases; corrected 0 small insertions totaling 0 bases, 0 small deletions totaling 0 bases
[pilon] Finished processing Contig_17_41.736:1-97891
[pilon] Processing Contig_3_41.1944:1-477786
[pilon] Contig_3_41.1944:1-477786 log:
[pilon] frags shovill.bam: coverage 46
[pilon] Total Reads: 191741, Coverage: 46, minDepth: 12
[pilon] Confirmed 477402 of 477786 bases (99.92%)
[pilon] Corrected 0 snps; 0 ambiguous bases; corrected 0 small insertions totaling 0 bases, 0 small deletions totaling 0 bases
[pilon] Finished processing Contig_3_41.1944:1-477786
[pilon] Writing Contig_1_41.5213:1-79477 changes to pilon.changes
[pilon] Writing updated Contig_1_41.5213_pilon to pilon.fasta
[pilon] Writing Contig_2_42.1235:1-52873 changes to pilon.changes
[pilon] Writing updated Contig_2_42.1235_pilon to pilon.fasta
[pilon] Writing Contig_3_41.1944:1-477786 changes to pilon.changes
[pilon] Writing updated Contig_3_41.1944_pilon to pilon.fasta
[pilon] Writing Contig_4_41.6909:1-95222 changes to pilon.changes
[pilon] Writing updated Contig_4_41.6909_pilon to pilon.fasta
[pilon] Writing Contig_5_43.6816:1-17969 changes to pilon.changes
[pilon] Writing updated Contig_5_43.6816_pilon to pilon.fasta
[pilon] Writing Contig_6_55.4314:1-975 changes to pilon.changes
[pilon] Writing updated Contig_6_55.4314_pilon to pilon.fasta
[pilon] Writing Contig_7_41.326:1-50166 changes to pilon.changes
[pilon] Writing updated Contig_7_41.326_pilon to pilon.fasta
[pilon] Writing Contig_8_42.2377:1-162771 changes to pilon.changes
[pilon] Writing updated Contig_8_42.2377_pilon to pilon.fasta
[pilon] Writing Contig_9_43.0567:1-80825 changes to pilon.changes
[pilon] Writing updated Contig_9_43.0567_pilon to pilon.fasta
[pilon] Writing Contig_10_228.584:1-5996 changes to pilon.changes
[pilon] Writing updated Contig_10_228.584_pilon to pilon.fasta
[pilon] Writing Contig_11_42.4241:1-117165 changes to pilon.changes
[pilon] Writing updated Contig_11_42.4241_pilon to pilon.fasta
[pilon] Writing Contig_12_82.9184:1-890 changes to pilon.changes
[pilon] Writing updated Contig_12_82.9184_pilon to pilon.fasta
[pilon] Writing Contig_13_43.7972:1-12849 changes to pilon.changes
[pilon] Writing updated Contig_13_43.7972_pilon to pilon.fasta
[pilon] Writing Contig_14_46.4065:1-726 changes to pilon.changes
[pilon] Writing updated Contig_14_46.4065_pilon to pilon.fasta
[pilon] Writing Contig_15_44.7275:1-113686 changes to pilon.changes
[pilon] Writing updated Contig_15_44.7275_pilon to pilon.fasta
[pilon] Writing Contig_16_40.6684:1-11442 changes to pilon.changes
[pilon] Writing updated Contig_16_40.6684_pilon to pilon.fasta
[pilon] Writing Contig_17_41.736:1-97891 changes to pilon.changes
[pilon] Writing updated Contig_17_41.736_pilon to pilon.fasta
[pilon] Writing Contig_18_41.6567:1-16841 changes to pilon.changes
[pilon] Writing updated Contig_18_41.6567_pilon to pilon.fasta
[pilon] Writing Contig_19_42.1722:1-79305 changes to pilon.changes
[pilon] Writing updated Contig_19_42.1722_pilon to pilon.fasta
[pilon] Writing Contig_20_96.7794:1-990 changes to pilon.changes
[pilon] Writing updated Contig_20_96.7794_pilon to pilon.fasta
[pilon] Writing Contig_21_135.804:1-861 changes to pilon.changes
[pilon] Writing updated Contig_21_135.804_pilon to pilon.fasta
[pilon] Writing Contig_22_42.6185:1-23005 changes to pilon.changes
[pilon] Writing updated Contig_22_42.6185_pilon to pilon.fasta
[pilon] Writing Contig_23_98.3132:1-3638 changes to pilon.changes
[pilon] Writing updated Contig_23_98.3132_pilon to pilon.fasta
[pilon] Writing Contig_24_42.0233:1-196584 changes to pilon.changes
[pilon] Writing updated Contig_24_42.0233_pilon to pilon.fasta
[pilon] Writing Contig_25_41.4892:1-38944 changes to pilon.changes
[pilon] Writing updated Contig_25_41.4892_pilon to pilon.fasta
[pilon] Mean frags coverage: 48
[pilon] Mean total coverage: 48
[shovill] Repaired 0 contigs from skesa.fasta at 0 positions.
[shovill] Assembly is 1738877, estimated genome size was 1800000 (-3.40%)
[shovill] Note: skesa does not produce a graph file
[shovill] Walltime used: 1 min 37 sec
[shovill] Results in: /Volumes/NGS_2/Bioinformatics/eriny/aphl_hackathon_2026/work/04/fffb461dc45049c054dde7936a2e96/SRR38121709_shovill_output
[shovill] Final assembly contigs: /Volumes/NGS_2/Bioinformatics/eriny/aphl_hackathon_2026/work/04/fffb461dc45049c054dde7936a2e96/SRR38121709_shovill_output/contigs.fa
[shovill] It contains 25 (min=500) contigs totalling 1738877 bp.
[shovill] Have a suggestion for shovill? Tell me at https://github.com/tseemann/shovill/issues
[shovill] Done.
