[shovill] Hello stranger
[shovill] You ran: /shovill/shovill-1.1.0/bin/shovill --R1 2147122_S11_L001_R1_001.fastq.gz --R2 2147122_S11_L001_R2_001.fastq.gz --minlen 500 --gsize 1800000 --mincov 10.0 --assembler skesa --cpus 6 --ram 36 --outdir ./SRR38287100_shovill_output --force
[shovill] This is shovill 1.1.0
[shovill] Written by Torsten Seemann
[shovill] Homepage is https://github.com/tseemann/shovill
[shovill] Operating system is linux
[shovill] Perl version is v5.22.1
[shovill] Machine has 112 CPU cores and 503.32 GB RAM
[shovill] Using bwa - /bwa/bwa-0.7.17/bwa | Version: 0.7.17-r1188
[shovill] Using flash - /flash/FLASH-1.2.11/flash | FLASH v1.2.11
[shovill] Using java - /usr/bin/java | openjdk version "9-internal"
[shovill] Using kmc - /kmc/kmc | K-Mer Counter (KMC) ver. 3.1.1 (2019-05-19)
[shovill] Using lighter - /Lighter-1.1.1/lighter | Lighter v1.1.1
[shovill] Using megahit - /megahit/megahit_v1.1.4_LINUX_CPUONLY_x86_64-bin/megahit | MEGAHIT v1.1.3
[shovill] Using megahit_toolkit - /megahit/megahit_v1.1.4_LINUX_CPUONLY_x86_64-bin/megahit_toolkit | v1.1.3
[shovill] Using pigz - /usr/bin/pigz | pigz 2.3.1
[shovill] Using pilon - /pilon/pilon | Pilon version 1.22 Wed Mar 15 16:38:30 2017 -0400
[shovill] Using samclip - /samclip/samclip | samclip 0.4.0
[shovill] Using samtools - /usr/local/bin/samtools | Version: 1.10 (using htslib 1.10)
[shovill] Using seqtk - /usr/local/bin/seqtk | Version: 1.3-r106
[shovill] Using skesa - /skesa/skesa | SKESA v.2.3.0
[shovill] Using spades.py - /SPAdes-3.14.1-Linux/bin/spades.py | SPAdes genome assembler v3.14.1
[shovill] Using trimmomatic - /trimmomatic/trimmomatic | 0.38
[shovill] Using velvetg - /velvet/velvet-1.2.10/velvetg | Version 1.2.10
[shovill] Using velveth - /velvet/velvet-1.2.10/velveth | Version 1.2.10
[shovill] Found spades version: 003014000
[shovill] Using tempdir: /tmp/FV_joVZVWN
[shovill] Changing into folder: /Volumes/NGS_2/Bioinformatics/eriny/aphl_hackathon_2026/work/2b/8dddf116c4fa31dc6c52e1f74f0ad1/SRR38287100_shovill_output
[shovill] Collecting raw read statistics with 'seqtk'
[shovill] Running: seqtk fqchk -q3 \/Volumes\/NGS_2\/pulsenet_and_arln\/UT\-SH00792\-260422\/reads\/2147122_S11_L001_R1_001\.fastq\.gz >/tmp/xvt7gbMNiL 2>&1 | sed 's/^/[seqtk] /' | tee -a shovill.log
[shovill] Read stats: total_bp = 174504920
[shovill] Read stats: avg_len = 129
[shovill] Read stats: min_len = 35
[shovill] Read stats: max_len = 151
[shovill] Using genome size 1800000 bp
[shovill] Estimated sequencing depth: 96 x
[shovill] No read depth reduction requested or necessary.
[shovill] Appending -Xmx36g to _JAVA_OPTIONS
[shovill] Running: ln -sf \/Volumes\/NGS_2\/pulsenet_and_arln\/UT\-SH00792\-260422\/reads\/2147122_S11_L001_R1_001\.fastq\.gz R1.fq.gz 2>&1 | sed 's/^/[ln] /' | tee -a shovill.log
[shovill] Running: ln -sf \/Volumes\/NGS_2\/pulsenet_and_arln\/UT\-SH00792\-260422\/reads\/2147122_S11_L001_R2_001\.fastq\.gz R2.fq.gz 2>&1 | sed 's/^/[ln] /' | tee -a shovill.log
[shovill] Average read length looks like 129 bp
[shovill] Setting k-mer range to (31 .. 96)
[shovill] Estimated K-mers: 31 47 63 79 95 [kn=5, ks=16, kmin=31, kmax=96]
[shovill] Using kmers: 31,47,63,79,95
[shovill] Correcting reads with 'Lighter'
[shovill] Running: lighter -od . -r R1.fq.gz -r R2.fq.gz -K 32 1800000 -t 6 -maxcor 1 2>&1 | sed 's/^/[lighter] /' | tee -a shovill.log
[lighter] [2026-05-01 18:30:38] =============Start====================
[lighter] [2026-05-01 18:30:38] Scanning the input files to infer alpha(sampling rate)
[lighter] [2026-05-01 18:30:40] Average coverage is 96.960 and alpha is 0.072
[lighter] [2026-05-01 18:30:41] Bad quality threshold is "8"
[lighter] [2026-05-01 18:30:43] Finish sampling kmers
[lighter] [2026-05-01 18:30:43] Bloom filter A's false positive rate: 0.002333
[lighter] [2026-05-01 18:30:47] Finish storing trusted kmers
[lighter] [2026-05-01 18:30:52] Finish error correction
[lighter] Processed 1347790 reads:
[lighter] 	1265800 are error-free
[lighter] 	Corrected 94332 bases(1.150531 corrections for reads with errors)
[lighter] 	Trimmed 0 reads with average trimmed bases 0.000000
[lighter] 	Discard 0 reads
[shovill] Overlapping/stitching PE reads with 'FLASH'
[shovill] Running: flash -m 20 -M 151 -d . -o flash -z -t 6 R1.cor.fq.gz R2.cor.fq.gz 2>&1 | sed 's/^//' | tee -a shovill.log
[FLASH] Starting FLASH v1.2.11
[FLASH] Fast Length Adjustment of SHort reads
[FLASH]  
[FLASH] Input files:
[FLASH]     R1.cor.fq.gz
[FLASH]     R2.cor.fq.gz
[FLASH]  
[FLASH] Output files:
[FLASH]     ./flash.extendedFrags.fastq.gz
[FLASH]     ./flash.notCombined_1.fastq.gz
[FLASH]     ./flash.notCombined_2.fastq.gz
[FLASH]     ./flash.hist
[FLASH]     ./flash.histogram
[FLASH]  
[FLASH] Parameters:
[FLASH]     Min overlap:           20
[FLASH]     Max overlap:           151
[FLASH]     Max mismatch density:  0.250000
[FLASH]     Allow "outie" pairs:   false
[FLASH]     Cap mismatch quals:    false
[FLASH]     Combiner threads:      6
[FLASH]     Input format:          FASTQ, phred_offset=33
[FLASH]     Output format:         FASTQ, phred_offset=33, gzip
[FLASH]  
[FLASH] Starting reader and writer threads
[FLASH] Starting 6 combiner threads
[FLASH] Processed 25000 read pairs
[FLASH] Processed 50000 read pairs
[FLASH] Processed 75000 read pairs
[FLASH] Processed 100000 read pairs
[FLASH] Processed 125000 read pairs
[FLASH] Processed 150000 read pairs
[FLASH] Processed 175000 read pairs
[FLASH] Processed 200000 read pairs
[FLASH] Processed 225000 read pairs
[FLASH] Processed 250000 read pairs
[FLASH] Processed 275000 read pairs
[FLASH] Processed 300000 read pairs
[FLASH] Processed 325000 read pairs
[FLASH] Processed 350000 read pairs
[FLASH] Processed 375000 read pairs
[FLASH] Processed 400000 read pairs
[FLASH] Processed 425000 read pairs
[FLASH] Processed 450000 read pairs
[FLASH] Processed 475000 read pairs
[FLASH] Processed 500000 read pairs
[FLASH] Processed 525000 read pairs
[FLASH] Processed 550000 read pairs
[FLASH] Processed 575000 read pairs
[FLASH] Processed 600000 read pairs
[FLASH] Processed 625000 read pairs
[FLASH] Processed 650000 read pairs
[FLASH] Processed 673895 read pairs
[FLASH]  
[FLASH] Read combination statistics:
[FLASH]     Total pairs:      673895
[FLASH]     Combined pairs:   363295
[FLASH]     Uncombined pairs: 310600
[FLASH]     Percent combined: 53.91%
[FLASH]  
[FLASH] Writing histogram files.
[FLASH]  
[FLASH] FLASH v1.2.11 complete!
[FLASH] 38.490 seconds elapsed
[shovill] Assembling reads with 'skesa'
[shovill] Running: skesa --gz  --fastq flash.extendedFrags.fastq.gz --fastq flash.notCombined_1.fastq.gz,flash.notCombined_2.fastq.gz --use_paired_ends --contigs_out skesa.fasta --min_contig 1 --memory 36 --cores 6 --vector_percent 1 2>&1 | sed 's/^/[skesa] /' | tee -a shovill.log
[skesa] skesa --gz --fastq flash.extendedFrags.fastq.gz --fastq flash.notCombined_1.fastq.gz,flash.notCombined_2.fastq.gz --use_paired_ends --contigs_out skesa.fasta --min_contig 1 --memory 36 --cores 6 --vector_percent 1 
[skesa] 
[skesa] WARNING: option --gz is deprecated - gzipped files are now recognized automatically
[skesa] Total mates: 984495 Paired reads: 310600
[skesa] Reads acquired in  7.750264s wall, 7.370000s user + 0.040000s system = 7.410000s CPU (95.6%)
[skesa] Adapters clip is disabled
[skesa] 
[skesa] Kmer len: 21
[skesa] Raw kmers: 121797478 Memory needed (GB): 2.33851 Memory available (GB): 33.9354 1 cycle(s) will be performed
[skesa] Distinct kmers: 1748027
[skesa] Kmer count in  4.061637s wall, 21.670000s user + 1.490000s system = 23.160000s CPU (570.2%)
[skesa] Uniq kmers merging in  0.064444s wall, 0.050000s user + 0.080000s system = 0.130000s CPU (201.7%)
[skesa] Kmers branching in  0.730215s wall, 2.660000s user + 0.010000s system = 2.670000s CPU (365.6%)
[skesa] 
[skesa] Average read length: 144
[skesa] Genome size estimate: 1494543
[skesa] 
[skesa] Kmer: 21 Graph size: 1748027 Contigs in: 0
[skesa] Valley: 24
[skesa] 
[skesa] Mark used kmers in  0.000001s wall, 0.000000s user + 0.000000s system = 0.000000s CPU (n/a%)
[skesa] Kmers in multiple/single contigs: 0 0
[skesa] Fragments before: 395 1731403
[skesa] Fragments after: 362 1731403
[skesa] New seeds: 289
[skesa] New seeds in  0.521230s wall, 3.040000s user + 0.000000s system = 3.040000s CPU (583.2%)
[skesa] Fragments before: 578 12138
[skesa] Fragments after: 578 12138
[skesa] Connectors: 0 Extenders: 578
[skesa] Connections and extensions in  0.092027s wall, 0.480000s user + 0.000000s system = 0.480000s CPU (521.6%)
[skesa] Contigs out: 289 Genome: 1721077 N50: 18271 L50: 32
[skesa] Assembled in  0.623648s wall, 3.530000s user + 0.000000s system = 3.530000s CPU (566.0%)
[skesa] 
[skesa] 
[skesa] Kmer len: 125
[skesa] Raw kmers: 29002474 Memory needed (GB): 1.39212 Memory available (GB): 33.9056 1 cycle(s) will be performed
[skesa] Distinct kmers: 1747447
[skesa] Kmer count in  1.666717s wall, 8.060000s user + 0.500000s system = 8.560000s CPU (513.6%)
[skesa] Uniq kmers merging in  0.159436s wall, 0.110000s user + 0.150000s system = 0.260000s CPU (163.1%)
[skesa] 
[skesa] Average count: 65.0468 Max kmer: 125
[skesa] Connected: 9309 ambiguously connected: 327 from 10000 mate pairs
[skesa] Connect pairs in  6.427522s wall, 35.630000s user + 0.030000s system = 35.660000s CPU (554.8%)
[skesa] 
[skesa] N50 for inserts: 493
[skesa] 
[skesa] Seed kmers: 0
[skesa] Cleaned reads: 109580
[skesa] Reads for connection: 50484
[skesa] Internal reads: 5068
[skesa] Reads cleaned in  0.509614s wall, 2.390000s user + 0.040000s system = 2.430000s CPU (476.8%)
[skesa] 
[skesa] Kmer len: 31
[skesa] Raw kmers: 12839451 Memory needed (GB): 0.246517 Memory available (GB): 33.9631 1 cycle(s) will be performed
[skesa] Distinct kmers: 328654
[skesa] Kmer count in  0.424832s wall, 2.070000s user + 0.040000s system = 2.110000s CPU (496.7%)
[skesa] Uniq kmers merging in  0.010293s wall, 0.010000s user + 0.020000s system = 0.030000s CPU (291.5%)
[skesa] Kmers branching in  0.086806s wall, 0.400000s user + 0.000000s system = 0.400000s CPU (460.8%)
[skesa] Kmer: 31 Graph size: 328654 Contigs in: 289
[skesa] Valley: 31
[skesa] 
[skesa] Mark used kmers in  0.079557s wall, 0.470000s user + 0.000000s system = 0.470000s CPU (590.8%)
[skesa] Kmers in multiple/single contigs: 0 299685
[skesa] Fragments before: 457 21285
[skesa] Fragments after: 443 21285
[skesa] New seeds: 10
[skesa] New seeds in  0.073192s wall, 0.370000s user + 0.000000s system = 0.370000s CPU (505.5%)
[skesa] Fragments before: 598 18895
[skesa] Fragments after: 435 18895
[skesa] Connectors: 163 Extenders: 272
[skesa] Connections and extensions in  0.126774s wall, 0.690000s user + 0.000000s system = 0.690000s CPU (544.3%)
[skesa] Contigs out: 136 Genome: 1728515 N50: 74731 L50: 8
[skesa] Assembled in  0.283060s wall, 1.530000s user + 0.000000s system = 1.530000s CPU (540.5%)
[skesa] 
[skesa] Seed kmers: 0
[skesa] Cleaned reads: 54821
[skesa] Reads for connection: 26714
[skesa] Internal reads: 2105
[skesa] Reads cleaned in  0.323542s wall, 1.490000s user + 0.010000s system = 1.500000s CPU (463.6%)
[skesa] 
[skesa] Kmer len: 41
[skesa] Raw kmers: 5885517 Memory needed (GB): 0.169503 Memory available (GB): 33.9611 1 cycle(s) will be performed
[skesa] Distinct kmers: 131899
[skesa] Kmer count in  0.224068s wall, 1.130000s user + 0.000000s system = 1.130000s CPU (504.3%)
[skesa] Uniq kmers merging in  0.012277s wall, 0.010000s user + 0.000000s system = 0.010000s CPU (81.5%)
[skesa] Kmers branching in  0.063263s wall, 0.260000s user + 0.000000s system = 0.260000s CPU (411.0%)
[skesa] Kmer: 41 Graph size: 131899 Contigs in: 136
[skesa] Valley: 30
[skesa] 
[skesa] Mark used kmers in  0.083057s wall, 0.480000s user + 0.000000s system = 0.480000s CPU (577.9%)
[skesa] Kmers in multiple/single contigs: 0 113474
[skesa] Fragments before: 265 11974
[skesa] Fragments after: 255 11974
[skesa] New seeds: 1
[skesa] New seeds in  0.044191s wall, 0.190000s user + 0.000000s system = 0.190000s CPU (430.0%)
[skesa] Fragments before: 274 10774
[skesa] Fragments after: 246 10774
[skesa] Connectors: 28 Extenders: 218
[skesa] Connections and extensions in  0.138114s wall, 0.650000s user + 0.010000s system = 0.660000s CPU (477.9%)
[skesa] Contigs out: 109 Genome: 1730506 N50: 99284 L50: 7
[skesa] Assembled in  0.266648s wall, 1.320000s user + 0.010000s system = 1.330000s CPU (498.8%)
[skesa] 
[skesa] Seed kmers: 0
[skesa] Cleaned reads: 46054
[skesa] Reads for connection: 23140
[skesa] Internal reads: 1695
[skesa] Reads cleaned in  0.325195s wall, 1.490000s user + 0.030000s system = 1.520000s CPU (467.4%)
[skesa] 
[skesa] Kmer len: 51
[skesa] Raw kmers: 4567565 Memory needed (GB): 0.131546 Memory available (GB): 33.9583 1 cycle(s) will be performed
[skesa] Distinct kmers: 103554
[skesa] Kmer count in  0.174170s wall, 0.830000s user + 0.010000s system = 0.840000s CPU (482.3%)
[skesa] Uniq kmers merging in  0.004496s wall, 0.010000s user + 0.000000s system = 0.010000s CPU (222.4%)
[skesa] Kmers branching in  0.031338s wall, 0.140000s user + 0.000000s system = 0.140000s CPU (446.7%)
[skesa] Kmer: 51 Graph size: 103554 Contigs in: 109
[skesa] Valley: 29
[skesa] 
[skesa] Mark used kmers in  0.080155s wall, 0.430000s user + 0.000000s system = 0.430000s CPU (536.5%)
[skesa] Kmers in multiple/single contigs: 0 86247
[skesa] Fragments before: 222 11147
[skesa] Fragments after: 216 11147
[skesa] New seeds: 0
[skesa] New seeds in  0.031193s wall, 0.140000s user + 0.000000s system = 0.140000s CPU (448.8%)
[skesa] Fragments before: 218 10129
[skesa] Fragments after: 207 10129
[skesa] Connectors: 11 Extenders: 196
[skesa] Connections and extensions in  0.166311s wall, 0.750000s user + 0.000000s system = 0.750000s CPU (451.0%)
[skesa] Contigs out: 98 Genome: 1731774 N50: 116446 L50: 6
[skesa] Assembled in  0.280247s wall, 1.320000s user + 0.000000s system = 1.320000s CPU (471.0%)
[skesa] 
[skesa] Seed kmers: 0
[skesa] Cleaned reads: 41848
[skesa] Reads for connection: 21420
[skesa] Internal reads: 1530
[skesa] Reads cleaned in  0.366353s wall, 1.580000s user + 0.040000s system = 1.620000s CPU (442.2%)
[skesa] 
[skesa] Kmer len: 63
[skesa] Raw kmers: 3721473 Memory needed (GB): 0.107178 Memory available (GB): 33.956 1 cycle(s) will be performed
[skesa] Distinct kmers: 93461
[skesa] Kmer count in  0.131705s wall, 0.690000s user + 0.000000s system = 0.690000s CPU (523.9%)
[skesa] Uniq kmers merging in  0.003773s wall, 0.010000s user + 0.000000s system = 0.010000s CPU (265.1%)
[skesa] Kmers branching in  0.021360s wall, 0.110000s user + 0.000000s system = 0.110000s CPU (515.0%)
[skesa] Kmer: 63 Graph size: 93461 Contigs in: 98
[skesa] Valley: 23
[skesa] 
[skesa] Mark used kmers in  0.079333s wall, 0.450000s user + 0.000000s system = 0.450000s CPU (567.2%)
[skesa] Kmers in multiple/single contigs: 0 75847
[skesa] Fragments before: 205 11545
[skesa] Fragments after: 195 11545
[skesa] New seeds: 2
[skesa] New seeds in  0.028185s wall, 0.130000s user + 0.000000s system = 0.130000s CPU (461.2%)
[skesa] Fragments before: 200 10143
[skesa] Fragments after: 188 10143
[skesa] Connectors: 12 Extenders: 176
[skesa] Connections and extensions in  0.130478s wall, 0.650000s user + 0.000000s system = 0.650000s CPU (498.2%)
[skesa] Contigs out: 88 Genome: 1732956 N50: 123118 L50: 6
[skesa] Assembled in  0.238738s wall, 1.230000s user + 0.000000s system = 1.230000s CPU (515.2%)
[skesa] 
[skesa] Seed kmers: 0
[skesa] Cleaned reads: 38913
[skesa] Reads for connection: 20276
[skesa] Internal reads: 1504
[skesa] Reads cleaned in  0.329357s wall, 1.440000s user + 0.030000s system = 1.470000s CPU (446.3%)
[skesa] 
[skesa] Kmer len: 73
[skesa] Raw kmers: 3152760 Memory needed (GB): 0.121066 Memory available (GB): 33.9538 1 cycle(s) will be performed
[skesa] Distinct kmers: 85532
[skesa] Kmer count in  0.132534s wall, 0.660000s user + 0.000000s system = 0.660000s CPU (498.0%)
[skesa] Uniq kmers merging in  0.004067s wall, 0.010000s user + 0.000000s system = 0.010000s CPU (245.9%)
[skesa] Kmers branching in  0.031824s wall, 0.130000s user + 0.000000s system = 0.130000s CPU (408.5%)
[skesa] Kmer: 73 Graph size: 85532 Contigs in: 88
[skesa] Valley: 0
[skesa] 
[skesa] Mark used kmers in  0.086154s wall, 0.470000s user + 0.000000s system = 0.470000s CPU (545.5%)
[skesa] Kmers in multiple/single contigs: 0 68177
[skesa] Fragments before: 187 11521
[skesa] Fragments after: 178 11521
[skesa] New seeds: 0
[skesa] New seeds in  0.028003s wall, 0.140000s user + 0.000000s system = 0.140000s CPU (500.0%)
[skesa] Fragments before: 174 10510
[skesa] Fragments after: 170 10510
[skesa] Connectors: 4 Extenders: 166
[skesa] Connections and extensions in  0.137558s wall, 0.650000s user + 0.000000s system = 0.650000s CPU (472.5%)
[skesa] Contigs out: 83 Genome: 1733846 N50: 123118 L50: 6
[skesa] Assembled in  0.252302s wall, 1.260000s user + 0.000000s system = 1.260000s CPU (499.4%)
[skesa] 
[skesa] Seed kmers: 0
[skesa] Cleaned reads: 37261
[skesa] Reads for connection: 19544
[skesa] Internal reads: 1503
[skesa] Reads cleaned in  0.406565s wall, 1.640000s user + 0.040000s system = 1.680000s CPU (413.2%)
[skesa] 
[skesa] Kmer len: 83
[skesa] Raw kmers: 2700362 Memory needed (GB): 0.103694 Memory available (GB): 33.951 1 cycle(s) will be performed
[skesa] Distinct kmers: 83231
[skesa] Kmer count in  0.164589s wall, 0.670000s user + 0.000000s system = 0.670000s CPU (407.1%)
[skesa] Uniq kmers merging in  0.003096s wall, 0.010000s user + 0.000000s system = 0.010000s CPU (323.0%)
[skesa] Kmers branching in  0.021031s wall, 0.110000s user + 0.000000s system = 0.110000s CPU (523.0%)
[skesa] Kmer: 83 Graph size: 83231 Contigs in: 83
[skesa] Valley: 21
[skesa] 
[skesa] Mark used kmers in  0.084343s wall, 0.460000s user + 0.000000s system = 0.460000s CPU (545.4%)
[skesa] Kmers in multiple/single contigs: 0 65740
[skesa] Fragments before: 155 11524
[skesa] Fragments after: 150 11524
[skesa] New seeds: 0
[skesa] New seeds in  0.034860s wall, 0.130000s user + 0.000000s system = 0.130000s CPU (372.9%)
[skesa] Fragments before: 158 10766
[skesa] Fragments after: 145 10766
[skesa] Connectors: 13 Extenders: 132
[skesa] Connections and extensions in  0.218457s wall, 0.960000s user + 0.000000s system = 0.960000s CPU (439.4%)
[skesa] Contigs out: 66 Genome: 1735235 N50: 132599 L50: 6
[skesa] Assembled in  0.338510s wall, 1.550000s user + 0.000000s system = 1.550000s CPU (457.9%)
[skesa] 
[skesa] Seed kmers: 0
[skesa] Cleaned reads: 32628
[skesa] Reads for connection: 17434
[skesa] Internal reads: 1349
[skesa] Reads cleaned in  0.290753s wall, 1.290000s user + 0.020000s system = 1.310000s CPU (450.6%)
[skesa] 
[skesa] Kmer len: 93
[skesa] Raw kmers: 2081587 Memory needed (GB): 0.0799329 Memory available (GB): 33.9486 1 cycle(s) will be performed
[skesa] Distinct kmers: 69619
[skesa] Kmer count in  0.095385s wall, 0.450000s user + 0.000000s system = 0.450000s CPU (471.8%)
[skesa] Uniq kmers merging in  0.003661s wall, 0.010000s user + 0.000000s system = 0.010000s CPU (273.1%)
[skesa] Kmers branching in  0.029908s wall, 0.100000s user + 0.000000s system = 0.100000s CPU (334.4%)
[skesa] Kmer: 93 Graph size: 69619 Contigs in: 66
[skesa] Valley: 16
[skesa] 
[skesa] Mark used kmers in  0.087536s wall, 0.460000s user + 0.000000s system = 0.460000s CPU (525.5%)
[skesa] Kmers in multiple/single contigs: 0 53787
[skesa] Fragments before: 141 10296
[skesa] Fragments after: 135 10296
[skesa] New seeds: 0
[skesa] New seeds in  0.023746s wall, 0.100000s user + 0.000000s system = 0.100000s CPU (421.1%)
[skesa] Fragments before: 130 9045
[skesa] Fragments after: 127 9045
[skesa] Connectors: 3 Extenders: 124
[skesa] Connections and extensions in  0.159770s wall, 0.710000s user + 0.000000s system = 0.710000s CPU (444.4%)
[skesa] Contigs out: 62 Genome: 1735691 N50: 144218 L50: 5
[skesa] Assembled in  0.271715s wall, 1.270000s user + 0.000000s system = 1.270000s CPU (467.4%)
[skesa] 
[skesa] Seed kmers: 0
[skesa] Cleaned reads: 31061
[skesa] Reads for connection: 16856
[skesa] Internal reads: 1327
[skesa] Reads cleaned in  0.407092s wall, 1.730000s user + 0.050000s system = 1.780000s CPU (437.2%)
[skesa] 
[skesa] Kmer len: 103
[skesa] Raw kmers: 1710938 Memory needed (GB): 0.082125 Memory available (GB): 33.9464 1 cycle(s) will be performed
[skesa] Distinct kmers: 65432
[skesa] Kmer count in  0.092569s wall, 0.440000s user + 0.000000s system = 0.440000s CPU (475.3%)
[skesa] Uniq kmers merging in  0.002968s wall, 0.000000s user + 0.000000s system = 0.000000s CPU (n/a%)
[skesa] Kmers branching in  0.023006s wall, 0.100000s user + 0.000000s system = 0.100000s CPU (434.7%)
[skesa] Kmer: 103 Graph size: 65432 Contigs in: 62
[skesa] Valley: 13
[skesa] 
[skesa] Mark used kmers in  0.096819s wall, 0.500000s user + 0.000000s system = 0.500000s CPU (516.4%)
[skesa] Kmers in multiple/single contigs: 0 49396
[skesa] Fragments before: 139 10728
[skesa] Fragments after: 127 10728
[skesa] New seeds: 0
[skesa] New seeds in  0.025069s wall, 0.110000s user + 0.000000s system = 0.110000s CPU (438.8%)
[skesa] Fragments before: 120 8888
[skesa] Fragments after: 118 8888
[skesa] Connectors: 2 Extenders: 116
[skesa] Connections and extensions in  0.152511s wall, 0.660000s user + 0.000000s system = 0.660000s CPU (432.8%)
[skesa] Contigs out: 58 Genome: 1735690 N50: 144218 L50: 5
[skesa] Assembled in  0.274974s wall, 1.270000s user + 0.000000s system = 1.270000s CPU (461.9%)
[skesa] 
[skesa] Seed kmers: 0
[skesa] Cleaned reads: 29997
[skesa] Reads for connection: 16490
[skesa] Internal reads: 1299
[skesa] Reads cleaned in  0.418786s wall, 1.710000s user + 0.050000s system = 1.760000s CPU (420.3%)
[skesa] 
[skesa] Kmer len: 115
[skesa] Raw kmers: 1323961 Memory needed (GB): 0.0635501 Memory available (GB): 33.9437 1 cycle(s) will be performed
[skesa] Distinct kmers: 62309
[skesa] Kmer count in  0.117917s wall, 0.370000s user + 0.010000s system = 0.380000s CPU (322.3%)
[skesa] Uniq kmers merging in  0.011028s wall, 0.010000s user + 0.000000s system = 0.010000s CPU (90.7%)
[skesa] Kmers branching in  0.016761s wall, 0.080000s user + 0.000000s system = 0.080000s CPU (477.3%)
[skesa] Kmer: 115 Graph size: 62309 Contigs in: 58
[skesa] Valley: 0
[skesa] 
[skesa] Mark used kmers in  0.092733s wall, 0.500000s user + 0.000000s system = 0.500000s CPU (539.2%)
[skesa] Kmers in multiple/single contigs: 0 45541
[skesa] Fragments before: 128 10985
[skesa] Fragments after: 122 10985
[skesa] New seeds: 0
[skesa] New seeds in  0.022238s wall, 0.100000s user + 0.000000s system = 0.100000s CPU (449.7%)
[skesa] Fragments before: 116 9909
[skesa] Fragments after: 116 9909
[skesa] Connectors: 0 Extenders: 116
[skesa] Connections and extensions in  0.143134s wall, 0.710000s user + 0.000000s system = 0.710000s CPU (496.0%)
[skesa] Contigs out: 58 Genome: 1736294 N50: 144218 L50: 5
[skesa] Assembled in  0.258650s wall, 1.310000s user + 0.000000s system = 1.310000s CPU (506.5%)
[skesa] 
[skesa] Seed kmers: 0
[skesa] Cleaned reads: 29255
[skesa] Reads for connection: 16236
[skesa] Internal reads: 1363
[skesa] Reads cleaned in  0.301115s wall, 1.310000s user + 0.040000s system = 1.350000s CPU (448.3%)
[skesa] 
[skesa] Kmer len: 125
[skesa] Raw kmers: 1027736 Memory needed (GB): 0.0493313 Memory available (GB): 33.9412 1 cycle(s) will be performed
[skesa] Distinct kmers: 58831
[skesa] Kmer count in  0.062488s wall, 0.260000s user + 0.000000s system = 0.260000s CPU (416.1%)
[skesa] Uniq kmers merging in  0.003137s wall, 0.000000s user + 0.010000s system = 0.010000s CPU (318.8%)
[skesa] Kmers branching in  0.015859s wall, 0.090000s user + 0.000000s system = 0.090000s CPU (567.5%)
[skesa] Kmer: 125 Graph size: 58831 Contigs in: 58
[skesa] Valley: 0
[skesa] 
[skesa] Mark used kmers in  0.089847s wall, 0.480000s user + 0.000000s system = 0.480000s CPU (534.2%)
[skesa] Kmers in multiple/single contigs: 0 41790
[skesa] Fragments before: 122 11510
[skesa] Fragments after: 115 11510
[skesa] New seeds: 0
[skesa] New seeds in  0.025299s wall, 0.100000s user + 0.000000s system = 0.100000s CPU (395.3%)
[skesa] Fragments before: 114 10087
[skesa] Fragments after: 109 10087
[skesa] Connectors: 5 Extenders: 104
[skesa] Connections and extensions in  0.150574s wall, 0.770000s user + 0.000000s system = 0.770000s CPU (511.4%)
[skesa] Contigs out: 52 Genome: 1736819 N50: 144218 L50: 5
[skesa] Assembled in  0.266327s wall, 1.350000s user + 0.000000s system = 1.350000s CPU (506.9%)
[skesa] 
[skesa] Seed kmers: 0
[skesa] Cleaned reads: 26756
[skesa] Reads for connection: 15214
[skesa] Internal reads: 1245
[skesa] Reads cleaned in  0.294917s wall, 1.220000s user + 0.020000s system = 1.240000s CPU (420.5%)
[skesa] 
[skesa] Connecting mate pairs using kmer length: 21
[skesa] Connected: 3633 ambiguously connected: 3429 from 7607 mate pairs
[skesa] Connect pairs in  11.702927s wall, 42.550000s user + 0.020000s system = 42.570000s CPU (363.8%)
[skesa] 
[skesa] Connecting mate pairs using kmer length: 31
[skesa] Connected: 790 ambiguously connected: 2633 from 3429 mate pairs
[skesa] Connect pairs in  1.983914s wall, 7.290000s user + 0.010000s system = 7.300000s CPU (368.0%)
[skesa] 
[skesa] Connecting mate pairs using kmer length: 41
[skesa] Connected: 266 ambiguously connected: 2358 from 2633 mate pairs
[skesa] Connect pairs in  1.106482s wall, 3.940000s user + 0.010000s system = 3.950000s CPU (357.0%)
[skesa] 
[skesa] Connecting mate pairs using kmer length: 51
[skesa] Connected: 268 ambiguously connected: 2086 from 2358 mate pairs
[skesa] Connect pairs in  1.244050s wall, 4.370000s user + 0.000000s system = 4.370000s CPU (351.3%)
[skesa] 
[skesa] Connecting mate pairs using kmer length: 63
[skesa] Connected: 173 ambiguously connected: 1907 from 2086 mate pairs
[skesa] Connect pairs in  0.845218s wall, 3.120000s user + 0.000000s system = 3.120000s CPU (369.1%)
[skesa] 
[skesa] Connecting mate pairs using kmer length: 73
[skesa] Connected: 293 ambiguously connected: 1604 from 1907 mate pairs
[skesa] Connect pairs in  1.032748s wall, 3.620000s user + 0.000000s system = 3.620000s CPU (350.5%)
[skesa] 
[skesa] Connecting mate pairs using kmer length: 83
[skesa] Connected: 36 ambiguously connected: 1553 from 1604 mate pairs
[skesa] Connect pairs in  0.897215s wall, 2.530000s user + 0.000000s system = 2.530000s CPU (282.0%)
[skesa] 
[skesa] Connecting mate pairs using kmer length: 93
[skesa] Connected: 68 ambiguously connected: 1464 from 1553 mate pairs
[skesa] Connect pairs in  0.708723s wall, 2.290000s user + 0.000000s system = 2.290000s CPU (323.1%)
[skesa] 
[skesa] Connecting mate pairs using kmer length: 103
[skesa] Connected: 74 ambiguously connected: 1355 from 1464 mate pairs
[skesa] Connect pairs in  0.709163s wall, 2.590000s user + 0.010000s system = 2.600000s CPU (366.6%)
[skesa] 
[skesa] Connecting mate pairs using kmer length: 115
[skesa] Connected: 17 ambiguously connected: 1265 from 1355 mate pairs
[skesa] Connect pairs in  0.614759s wall, 2.080000s user + 0.000000s system = 2.080000s CPU (338.3%)
[skesa] 
[skesa] Connecting mate pairs using kmer length: 125
[skesa] Connected: 95 ambiguously connected: 1087 from 1265 mate pairs
[skesa] Connect pairs in  0.596381s wall, 2.110000s user + 0.000000s system = 2.110000s CPU (353.8%)
[skesa] Totally connected: 5713
[skesa] Added notconnected: 2174
[skesa] 
[skesa] Kmer len: 155
[skesa] Raw kmers: 3634068 Memory needed (GB): 0.209322 Memory available (GB): 33.9382 1 cycle(s) will be performed
[skesa] Distinct kmers: 63318
[skesa] Kmer count in  0.224921s wall, 0.910000s user + 0.030000s system = 0.940000s CPU (417.9%)
[skesa] Uniq kmers merging in  0.003169s wall, 0.010000s user + 0.000000s system = 0.010000s CPU (315.6%)
[skesa] Kmers branching in  0.026875s wall, 0.110000s user + 0.000000s system = 0.110000s CPU (409.3%)
[skesa] Kmer: 155 Graph size: 63318 Contigs in: 52
[skesa] Valley: 40
[skesa] 
[skesa] Mark used kmers in  0.097354s wall, 0.530000s user + 0.000000s system = 0.530000s CPU (544.4%)
[skesa] Kmers in multiple/single contigs: 0 46328
[skesa] Fragments before: 98 9840
[skesa] Fragments after: 89 9840
[skesa] New seeds: 0
[skesa] New seeds in  0.027345s wall, 0.110000s user + 0.000000s system = 0.110000s CPU (402.3%)
[skesa] Fragments before: 98 10864
[skesa] Fragments after: 94 10864
[skesa] Connectors: 4 Extenders: 90
[skesa] Connections and extensions in  0.140722s wall, 0.600000s user + 0.010000s system = 0.610000s CPU (433.5%)
[skesa] Contigs out: 45 Genome: 1737266 N50: 144218 L50: 5
[skesa] Assembled in  0.266851s wall, 1.240000s user + 0.010000s system = 1.250000s CPU (468.4%)
[skesa] 
[skesa] 
[skesa] Kmer len: 323
[skesa] Raw kmers: 2190733 Memory needed (GB): 0.252372 Memory available (GB): 33.9351 1 cycle(s) will be performed
[skesa] Distinct kmers: 60732
[skesa] Kmer count in  0.226536s wall, 0.860000s user + 0.030000s system = 0.890000s CPU (392.9%)
[skesa] Uniq kmers merging in  0.019699s wall, 0.010000s user + 0.020000s system = 0.030000s CPU (152.3%)
[skesa] Kmers branching in  0.033568s wall, 0.140000s user + 0.000000s system = 0.140000s CPU (417.1%)
[skesa] Kmer: 323 Graph size: 60732 Contigs in: 45
[skesa] Valley: 24
[skesa] 
[skesa] Mark used kmers in  0.122419s wall, 0.620000s user + 0.010000s system = 0.630000s CPU (514.6%)
[skesa] Kmers in multiple/single contigs: 0 36267
[skesa] Fragments before: 74 18522
[skesa] Fragments after: 66 18522
[skesa] New seeds: 0
[skesa] New seeds in  0.045542s wall, 0.190000s user + 0.000000s system = 0.190000s CPU (417.2%)
[skesa] Fragments before: 70 18666
[skesa] Fragments after: 67 18666
[skesa] Connectors: 3 Extenders: 64
[skesa] Connections and extensions in  0.175836s wall, 0.750000s user + 0.010000s system = 0.760000s CPU (432.2%)
[skesa] Contigs out: 32 Genome: 1738611 N50: 144258 L50: 5
[skesa] Assembled in  0.344397s wall, 1.560000s user + 0.020000s system = 1.580000s CPU (458.8%)
[skesa] 
[skesa] 
[skesa] Kmer len: 493
[skesa] Raw kmers: 1090174 Memory needed (GB): 0.177916 Memory available (GB): 33.9292 1 cycle(s) will be performed
[skesa] Distinct kmers: 55049
[skesa] Kmer count in  0.149448s wall, 0.540000s user + 0.030000s system = 0.570000s CPU (381.4%)
[skesa] Uniq kmers merging in  0.008132s wall, 0.020000s user + 0.000000s system = 0.020000s CPU (245.9%)
[skesa] Kmers branching in  0.027479s wall, 0.150000s user + 0.000000s system = 0.150000s CPU (545.9%)
[skesa] Kmer: 493 Graph size: 55049 Contigs in: 32
[skesa] Valley: 0
[skesa] 
[skesa] Mark used kmers in  0.128442s wall, 0.720000s user + 0.010000s system = 0.730000s CPU (568.3%)
[skesa] Kmers in multiple/single contigs: 0 30078
[skesa] Fragments before: 66 17786
[skesa] Fragments after: 58 17786
[skesa] New seeds: 0
[skesa] New seeds in  0.047223s wall, 0.170000s user + 0.000000s system = 0.170000s CPU (360.0%)
[skesa] Fragments before: 54 16168
[skesa] Fragments after: 54 16168
[skesa] Connectors: 0 Extenders: 54
[skesa] Connections and extensions in  0.172423s wall, 0.670000s user + 0.000000s system = 0.670000s CPU (388.6%)
[skesa] Contigs out: 28 Genome: 1736846 N50: 144258 L50: 5
[skesa] Assembled in  0.348674s wall, 1.560000s user + 0.010000s system = 1.570000s CPU (450.3%)
[skesa] 
[skesa] DONE
[shovill] Checking for assembly errors in skesa.fasta
[shovill] Running: bwa index skesa.fasta 2>&1 | sed 's/^/[bwa-index] /' | tee -a shovill.log
[bwa-index] [bwa_index] Pack FASTA... 0.01 sec
[bwa-index] [bwa_index] Construct BWT for the packed sequence...
[bwa-index] [bwa_index] 0.34 seconds elapse.
[bwa-index] [bwa_index] Update BWT... 0.01 sec
[bwa-index] [bwa_index] Pack forward-only FASTA... 0.01 sec
[bwa-index] [bwa_index] Construct SA from BWT and Occ... 0.16 sec
[bwa-index] [main] Version: 0.7.17-r1188
[bwa-index] [main] CMD: bwa index skesa.fasta
[bwa-index] [main] Real time: 10.290 sec; CPU: 0.526 sec
[shovill] Running: samtools faidx skesa.fasta 2>&1 | sed 's/^/[faidx] /' | tee -a shovill.log
[shovill] Running: (bwa mem -v 3 -x intractg -t 6 skesa.fasta R1.fq.gz R2.fq.gz | samclip --ref skesa.fasta.fai | samtools sort --threads 1 -m 18432m --reference skesa.fasta -T /tmp/FV_joVZVWN -o shovill.bam) 2>&1 | sed 's/^/[bwa+samtools-sort] /' | tee -a shovill.log
[bwa+samtools-sort] [samclip] samclip 0.4.0 by Torsten Seemann (@torstenseemann)
[bwa+samtools-sort] [samclip] Loading: skesa.fasta.fai
[bwa+samtools-sort] [samclip] Found 28 sequences in skesa.fasta.fai
[bwa+samtools-sort] [M::bwa_idx_load_from_disk] read 0 ALT contigs
[bwa+samtools-sort] [M::process] read 464286 sequences (60000292 bp)...
[bwa+samtools-sort] [M::process] read 462270 sequences (60000140 bp)...
[bwa+samtools-sort] [M::mem_pestat] # candidate unique pairs for (FF, FR, RF, RR): (0, 228796, 1, 0)
[bwa+samtools-sort] [M::mem_pestat] skip orientation FF as there are not enough pairs
[bwa+samtools-sort] [M::mem_pestat] analyzing insert size distribution for orientation FR...
[bwa+samtools-sort] [M::mem_pestat] (25, 50, 75) percentile: (112, 233, 425)
[bwa+samtools-sort] [M::mem_pestat] low and high boundaries for computing mean and std.dev: (1, 1051)
[bwa+samtools-sort] [M::mem_pestat] mean and std.dev: (282.03, 200.51)
[bwa+samtools-sort] [M::mem_pestat] low and high boundaries for proper pairs: (1, 1364)
[bwa+samtools-sort] [M::mem_pestat] skip orientation RF as there are not enough pairs
[bwa+samtools-sort] [M::mem_pestat] skip orientation RR as there are not enough pairs
[bwa+samtools-sort] [M::mem_process_seqs] Processed 464286 reads in 14.144 CPU sec, 2.304 real sec
[bwa+samtools-sort] [samclip] Processed 100000 records...
[bwa+samtools-sort] [samclip] Processed 200000 records...
[bwa+samtools-sort] [samclip] Processed 300000 records...
[bwa+samtools-sort] [samclip] Processed 400000 records...
[bwa+samtools-sort] [M::process] read 421234 sequences (54527288 bp)...
[bwa+samtools-sort] [M::mem_pestat] # candidate unique pairs for (FF, FR, RF, RR): (0, 227685, 0, 0)
[bwa+samtools-sort] [M::mem_pestat] skip orientation FF as there are not enough pairs
[bwa+samtools-sort] [M::mem_pestat] analyzing insert size distribution for orientation FR...
[bwa+samtools-sort] [M::mem_pestat] (25, 50, 75) percentile: (114, 240, 431)
[bwa+samtools-sort] [M::mem_pestat] low and high boundaries for computing mean and std.dev: (1, 1065)
[bwa+samtools-sort] [M::mem_pestat] mean and std.dev: (287.63, 203.93)
[bwa+samtools-sort] [M::mem_pestat] low and high boundaries for proper pairs: (1, 1382)
[bwa+samtools-sort] [M::mem_pestat] skip orientation RF as there are not enough pairs
[bwa+samtools-sort] [M::mem_pestat] skip orientation RR as there are not enough pairs
[bwa+samtools-sort] [M::mem_process_seqs] Processed 462270 reads in 15.135 CPU sec, 2.401 real sec
[bwa+samtools-sort] [samclip] Processed 500000 records...
[bwa+samtools-sort] [samclip] Processed 600000 records...
[bwa+samtools-sort] [samclip] Processed 700000 records...
[bwa+samtools-sort] [samclip] Processed 800000 records...
[bwa+samtools-sort] [samclip] Processed 900000 records...
[bwa+samtools-sort] [M::mem_pestat] # candidate unique pairs for (FF, FR, RF, RR): (1, 207598, 1, 0)
[bwa+samtools-sort] [M::mem_pestat] skip orientation FF as there are not enough pairs
[bwa+samtools-sort] [M::mem_pestat] analyzing insert size distribution for orientation FR...
[bwa+samtools-sort] [M::mem_pestat] (25, 50, 75) percentile: (113, 239, 430)
[bwa+samtools-sort] [M::mem_pestat] low and high boundaries for computing mean and std.dev: (1, 1064)
[bwa+samtools-sort] [M::mem_pestat] mean and std.dev: (286.24, 203.25)
[bwa+samtools-sort] [M::mem_pestat] low and high boundaries for proper pairs: (1, 1381)
[bwa+samtools-sort] [M::mem_pestat] skip orientation RF as there are not enough pairs
[bwa+samtools-sort] [M::mem_pestat] skip orientation RR as there are not enough pairs
[bwa+samtools-sort] [M::mem_process_seqs] Processed 421234 reads in 13.672 CPU sec, 2.281 real sec
[bwa+samtools-sort] [samclip] Processed 1000000 records...
[bwa+samtools-sort] [samclip] Processed 1100000 records...
[bwa+samtools-sort] [samclip] Processed 1200000 records...
[bwa+samtools-sort] [samclip] Processed 1300000 records...
[bwa+samtools-sort] [main] Version: 0.7.17-r1188
[bwa+samtools-sort] [main] CMD: bwa mem -v 3 -x intractg -t 6 skesa.fasta R1.fq.gz R2.fq.gz
[bwa+samtools-sort] [main] Real time: 9.736 sec; CPU: 44.096 sec
[bwa+samtools-sort] [samclip] Total SAM records 1349252, removed 12438, allowed 22379, passed 1336814
[bwa+samtools-sort] [samclip] Header contained 29 lines
[bwa+samtools-sort] [samclip] Done.
[shovill] Running: samtools index shovill.bam 2>&1 | sed 's/^/[samtools-index] /' | tee -a shovill.log
[shovill] Correcting errors in skesa.fasta
[shovill] Running: pilon --genome skesa.fasta --frags shovill.bam --minmq 60 --minqual 3 --fix bases --output pilon --threads 6 --changes --mindepth 0.25 2>&1 | sed 's/^/[pilon] /' | tee -a shovill.log
[pilon] Pilon version 1.22 Wed Mar 15 16:38:30 2017 -0400
[pilon] Genome: skesa.fasta
[pilon] Fixing snps, indels
[pilon] Input genome size: 1736846
[pilon] Processing Contig_21_67.4873:1-123416
[pilon] Processing Contig_19_70.9296:1-102756
[pilon] Processing Contig_23_162.324:1-860
[pilon] Processing Contig_8_179.304:1-572
[pilon] Processing Contig_5_82.9709:1-1361
[pilon] Processing Contig_6_81.097:1-1226
[pilon] Contig_8_179.304:1-572 log:
[pilon] frags shovill.bam: coverage 145
[pilon] Total Reads: 1306, Coverage: 145, minDepth: 36
[pilon] Confirmed 572 of 572 bases (100.00%)
[pilon] Corrected 0 snps; 0 ambiguous bases; corrected 0 small insertions totaling 0 bases, 0 small deletions totaling 0 bases
[pilon] Finished processing Contig_8_179.304:1-572
[pilon] Processing Contig_10_66.4568:1-250629
[pilon] Contig_23_162.324:1-860 log:
[pilon] frags shovill.bam: coverage 146
[pilon] Total Reads: 1757, Coverage: 146, minDepth: 37
[pilon] Confirmed 860 of 860 bases (100.00%)
[pilon] Corrected 0 snps; 0 ambiguous bases; corrected 0 small insertions totaling 0 bases, 0 small deletions totaling 0 bases
[pilon] Finished processing Contig_23_162.324:1-860
[pilon] Processing Contig_3_69.3396:1-8227
[pilon] Contig_5_82.9709:1-1361 log:
[pilon] frags shovill.bam: coverage 76
[pilon] Total Reads: 1189, Coverage: 76, minDepth: 19
[pilon] Confirmed 1341 of 1361 bases (98.53%)
[pilon] Corrected 0 snps; 0 ambiguous bases; corrected 0 small insertions totaling 0 bases, 0 small deletions totaling 0 bases
[pilon] Finished processing Contig_5_82.9709:1-1361
[pilon] Contig_6_81.097:1-1226 log:
[pilon] frags shovill.bam: coverage 76
[pilon] Total Reads: 1114, Coverage: 76, minDepth: 19
[pilon] Confirmed 1226 of 1226 bases (100.00%)
[pilon] Corrected 0 snps; 0 ambiguous bases; corrected 0 small insertions totaling 0 bases, 0 small deletions totaling 0 bases
[pilon] Processing Contig_24_138.972:1-2508
[pilon] Finished processing Contig_6_81.097:1-1226
[pilon] Processing Contig_26_67.9972:1-746
[pilon] Contig_26_67.9972:1-746 log:
[pilon] frags shovill.bam: coverage 58
[pilon] Total Reads: 578, Coverage: 58, minDepth: 15
[pilon] Confirmed 746 of 746 bases (100.00%)
[pilon] Corrected 0 snps; 0 ambiguous bases; corrected 0 small insertions totaling 0 bases, 0 small deletions totaling 0 bases
[pilon] Finished processing Contig_26_67.9972:1-746
[pilon] Processing Contig_9_70.4828:1-24237
[pilon] Contig_24_138.972:1-2508 log:
[pilon] frags shovill.bam: coverage 152
[pilon] Total Reads: 3933, Coverage: 152, minDepth: 38
[pilon] Confirmed 2508 of 2508 bases (100.00%)
[pilon] Corrected 0 snps; 0 ambiguous bases; corrected 0 small insertions totaling 0 bases, 0 small deletions totaling 0 bases
[pilon] Finished processing Contig_24_138.972:1-2508
[pilon] Processing Contig_1_68.4792:1-187196
[pilon] Contig_3_69.3396:1-8227 log:
[pilon] frags shovill.bam: coverage 77
[pilon] Total Reads: 5940, Coverage: 77, minDepth: 19
[pilon] Confirmed 8100 of 8227 bases (98.46%)
[pilon] Corrected 0 snps; 0 ambiguous bases; corrected 0 small insertions totaling 0 bases, 0 small deletions totaling 0 bases
[pilon] Finished processing Contig_3_69.3396:1-8227
[pilon] Processing Contig_14_68.546:1-144258
[pilon] Contig_9_70.4828:1-24237 log:
[pilon] frags shovill.bam: coverage 81
[pilon] Total Reads: 18378, Coverage: 81, minDepth: 20
[pilon] Confirmed 24237 of 24237 bases (100.00%)
[pilon] Corrected 0 snps; 0 ambiguous bases; corrected 0 small insertions totaling 0 bases, 0 small deletions totaling 0 bases
[pilon] Finished processing Contig_9_70.4828:1-24237
[pilon] Processing Contig_20_74.9081:1-22530
[pilon] Contig_20_74.9081:1-22530 log:
[pilon] frags shovill.bam: coverage 86
[pilon] Total Reads: 18073, Coverage: 86, minDepth: 22
[pilon] Confirmed 22530 of 22530 bases (100.00%)
[pilon] Corrected 0 snps; 0 ambiguous bases; corrected 0 small insertions totaling 0 bases, 0 small deletions totaling 0 bases
[pilon] Finished processing Contig_20_74.9081:1-22530
[pilon] Processing Contig_28_67.9564:1-50092
[pilon] Contig_19_70.9296:1-102756 log:
[pilon] frags shovill.bam: coverage 85
[pilon] Total Reads: 79779, Coverage: 85, minDepth: 21
[pilon] Confirmed 102756 of 102756 bases (100.00%)
[pilon] Corrected 0 snps; 0 ambiguous bases; corrected 0 small insertions totaling 0 bases, 0 small deletions totaling 0 bases
[pilon] Finished processing Contig_19_70.9296:1-102756
[pilon] Processing Contig_17_129.498:1-771
[pilon] Contig_21_67.4873:1-123416 log:
[pilon] frags shovill.bam: coverage 81
[pilon] Total Reads: 91580, Coverage: 81, minDepth: 20
[pilon] Confirmed 123327 of 123416 bases (99.93%)
[pilon] Corrected 0 snps; 0 ambiguous bases; corrected 0 small insertions totaling 0 bases, 0 small deletions totaling 0 bases
[pilon] Finished processing Contig_21_67.4873:1-123416
[pilon] Contig_17_129.498:1-771 log:
[pilon] frags shovill.bam: coverage 118
[pilon] Total Reads: 1238, Coverage: 118, minDepth: 30
[pilon] Confirmed 771 of 771 bases (100.00%)
[pilon] Corrected 0 snps; 0 ambiguous bases; corrected 0 small insertions totaling 0 bases, 0 small deletions totaling 0 bases
[pilon] Finished processing Contig_17_129.498:1-771
[pilon] Processing Contig_22_67.6482:1-7493
[pilon] Contig_28_67.9564:1-50092 log:
[pilon] frags shovill.bam: coverage 82
[pilon] Total Reads: 37768, Coverage: 82, minDepth: 21
[pilon] Confirmed 50092 of 50092 bases (100.00%)
[pilon] Corrected 0 snps; 0 ambiguous bases; corrected 0 small insertions totaling 0 bases, 0 small deletions totaling 0 bases
[pilon] Finished processing Contig_28_67.9564:1-50092
[pilon] Processing Contig_25_68.3161:1-106919
[pilon] Contig_14_68.546:1-144258 log:
[pilon] frags shovill.bam: coverage 82
[pilon] Total Reads: 108896, Coverage: 82, minDepth: 21
[pilon] Confirmed 144258 of 144258 bases (100.00%)
[pilon] Corrected 0 snps; 0 ambiguous bases; corrected 0 small insertions totaling 0 bases, 0 small deletions totaling 0 bases
[pilon] Finished processing Contig_14_68.546:1-144258
[pilon] Processing Contig_16_65.246:1-187379
[pilon] Contig_22_67.6482:1-7493 log:
[pilon] frags shovill.bam: coverage 76
[pilon] Total Reads: 5559, Coverage: 76, minDepth: 19
[pilon] Confirmed 7493 of 7493 bases (100.00%)
[pilon] Corrected 0 snps; 0 ambiguous bases; corrected 0 small insertions totaling 0 bases, 0 small deletions totaling 0 bases
[pilon] Finished processing Contig_22_67.6482:1-7493
[pilon] Processing Contig_11_154.772:1-735
[pilon] Contig_11_154.772:1-735 log:
[pilon] frags shovill.bam: coverage 141
[pilon] Total Reads: 1383, Coverage: 141, minDepth: 35
[pilon] Confirmed 735 of 735 bases (100.00%)
[pilon] Corrected 0 snps; 0 ambiguous bases; corrected 0 small insertions totaling 0 bases, 0 small deletions totaling 0 bases
[pilon] Finished processing Contig_11_154.772:1-735
[pilon] Processing Contig_2_155.556:1-506
[pilon] Contig_1_68.4792:1-187196 log:
[pilon] frags shovill.bam: coverage 82
[pilon] Total Reads: 140700, Coverage: 82, minDepth: 21
[pilon] Confirmed 186689 of 187196 bases (99.73%)
[pilon] Corrected 0 snps; 0 ambiguous bases; corrected 0 small insertions totaling 0 bases, 0 small deletions totaling 0 bases
[pilon] Finished processing Contig_1_68.4792:1-187196
[pilon] Processing Contig_13_69.1416:1-42513
[pilon] Contig_10_66.4568:1-250629 log:
[pilon] frags shovill.bam: coverage 79
[pilon] Total Reads: 182886, Coverage: 79, minDepth: 20
[pilon] Confirmed 250568 of 250629 bases (99.98%)
[pilon] Corrected 0 snps; 0 ambiguous bases; corrected 0 small insertions totaling 0 bases, 1 small deletions totaling 11 bases
[pilon] Finished processing Contig_10_66.4568:1-250629
[pilon] Contig_2_155.556:1-506 log:
[pilon] frags shovill.bam: coverage 116
[pilon] Total Reads: 1032, Coverage: 116, minDepth: 29
[pilon] Confirmed 506 of 506 bases (100.00%)
[pilon] Corrected 0 snps; 0 ambiguous bases; corrected 0 small insertions totaling 0 bases, 0 small deletions totaling 0 bases
[pilon] Finished processing Contig_2_155.556:1-506
[pilon] Processing Contig_12_137.263:1-2754
[pilon] Contig_12_137.263:1-2754 log:
[pilon] frags shovill.bam: coverage 155
[pilon] Total Reads: 4184, Coverage: 155, minDepth: 39
[pilon] Confirmed 2732 of 2754 bases (99.20%)
[pilon] Corrected 0 snps; 0 ambiguous bases; corrected 0 small insertions totaling 0 bases, 0 small deletions totaling 0 bases
[pilon] Finished processing Contig_12_137.263:1-2754
[pilon] Processing Contig_7_68.1769:1-132802
[pilon] Contig_13_69.1416:1-42513 log:
[pilon] frags shovill.bam: coverage 79
[pilon] Total Reads: 31569, Coverage: 79, minDepth: 20
[pilon] Confirmed 42067 of 42513 bases (98.95%)
[pilon] Corrected 0 snps; 0 ambiguous bases; corrected 0 small insertions totaling 0 bases, 0 small deletions totaling 0 bases
[pilon] Finished processing Contig_13_69.1416:1-42513
[pilon] Processing Contig_4_451.991:1-5122
[pilon] Contig_25_68.3161:1-106919 log:
[pilon] frags shovill.bam: coverage 82
[pilon] Total Reads: 80834, Coverage: 82, minDepth: 21
[pilon] Confirmed 106919 of 106919 bases (100.00%)
[pilon] Corrected 0 snps; 0 ambiguous bases; corrected 0 small insertions totaling 0 bases, 0 small deletions totaling 0 bases
[pilon] Finished processing Contig_25_68.3161:1-106919
[pilon] Processing Contig_18_70.3402:1-169970
[pilon] Contig_4_451.991:1-5122 log:
[pilon] frags shovill.bam: coverage 538
[pilon] Total Reads: 26597, Coverage: 538, minDepth: 135
[pilon] Confirmed 5122 of 5122 bases (100.00%)
[pilon] Corrected 0 snps; 0 ambiguous bases; corrected 0 small insertions totaling 0 bases, 0 small deletions totaling 0 bases
[pilon] Finished processing Contig_4_451.991:1-5122
[pilon] Processing Contig_27_70.4436:1-39280
[pilon] Contig_16_65.246:1-187379 log:
[pilon] frags shovill.bam: coverage 78
[pilon] Total Reads: 134483, Coverage: 78, minDepth: 20
[pilon] Confirmed 187379 of 187379 bases (100.00%)
[pilon] Corrected 0 snps; 0 ambiguous bases; corrected 0 small insertions totaling 0 bases, 0 small deletions totaling 0 bases
[pilon] Finished processing Contig_16_65.246:1-187379
[pilon] Contig_27_70.4436:1-39280 log:
[pilon] frags shovill.bam: coverage 82
[pilon] Total Reads: 29857, Coverage: 82, minDepth: 21
[pilon] Confirmed 39277 of 39280 bases (99.99%)
[pilon] Corrected 0 snps; 0 ambiguous bases; corrected 0 small insertions totaling 0 bases, 0 small deletions totaling 0 bases
[pilon] Finished processing Contig_27_70.4436:1-39280
[pilon] Processing Contig_15_69.0574:1-119988
[pilon] Contig_7_68.1769:1-132802 log:
[pilon] frags shovill.bam: coverage 82
[pilon] Total Reads: 99842, Coverage: 82, minDepth: 21
[pilon] Confirmed 132694 of 132802 bases (99.92%)
[pilon] Corrected 0 snps; 0 ambiguous bases; corrected 0 small insertions totaling 0 bases, 0 small deletions totaling 0 bases
[pilon] Finished processing Contig_7_68.1769:1-132802
[pilon] Contig_18_70.3402:1-169970 log:
[pilon] frags shovill.bam: coverage 85
[pilon] Total Reads: 131764, Coverage: 85, minDepth: 21
[pilon] Confirmed 169970 of 169970 bases (100.00%)
[pilon] Corrected 0 snps; 0 ambiguous bases; corrected 0 small insertions totaling 0 bases, 0 small deletions totaling 0 bases
[pilon] Finished processing Contig_18_70.3402:1-169970
[pilon] Contig_15_69.0574:1-119988 log:
[pilon] frags shovill.bam: coverage 83
[pilon] Total Reads: 90921, Coverage: 83, minDepth: 21
[pilon] Confirmed 119781 of 119988 bases (99.83%)
[pilon] Corrected 0 snps; 0 ambiguous bases; corrected 0 small insertions totaling 0 bases, 0 small deletions totaling 0 bases
[pilon] Finished processing Contig_15_69.0574:1-119988
[pilon] Writing Contig_1_68.4792:1-187196 changes to pilon.changes
[pilon] Writing updated Contig_1_68.4792_pilon to pilon.fasta
[pilon] Writing Contig_2_155.556:1-506 changes to pilon.changes
[pilon] Writing updated Contig_2_155.556_pilon to pilon.fasta
[pilon] Writing Contig_3_69.3396:1-8227 changes to pilon.changes
[pilon] Writing updated Contig_3_69.3396_pilon to pilon.fasta
[pilon] Writing Contig_4_451.991:1-5122 changes to pilon.changes
[pilon] Writing updated Contig_4_451.991_pilon to pilon.fasta
[pilon] Writing Contig_5_82.9709:1-1361 changes to pilon.changes
[pilon] Writing updated Contig_5_82.9709_pilon to pilon.fasta
[pilon] Writing Contig_6_81.097:1-1226 changes to pilon.changes
[pilon] Writing updated Contig_6_81.097_pilon to pilon.fasta
[pilon] Writing Contig_7_68.1769:1-132802 changes to pilon.changes
[pilon] Writing updated Contig_7_68.1769_pilon to pilon.fasta
[pilon] Writing Contig_8_179.304:1-572 changes to pilon.changes
[pilon] Writing updated Contig_8_179.304_pilon to pilon.fasta
[pilon] Writing Contig_9_70.4828:1-24237 changes to pilon.changes
[pilon] Writing updated Contig_9_70.4828_pilon to pilon.fasta
[pilon] Writing Contig_10_66.4568:1-250629 changes to pilon.changes
[pilon] Writing updated Contig_10_66.4568_pilon to pilon.fasta
[pilon] Writing Contig_11_154.772:1-735 changes to pilon.changes
[pilon] Writing updated Contig_11_154.772_pilon to pilon.fasta
[pilon] Writing Contig_12_137.263:1-2754 changes to pilon.changes
[pilon] Writing updated Contig_12_137.263_pilon to pilon.fasta
[pilon] Writing Contig_13_69.1416:1-42513 changes to pilon.changes
[pilon] Writing updated Contig_13_69.1416_pilon to pilon.fasta
[pilon] Writing Contig_14_68.546:1-144258 changes to pilon.changes
[pilon] Writing updated Contig_14_68.546_pilon to pilon.fasta
[pilon] Writing Contig_15_69.0574:1-119988 changes to pilon.changes
[pilon] Writing updated Contig_15_69.0574_pilon to pilon.fasta
[pilon] Writing Contig_16_65.246:1-187379 changes to pilon.changes
[pilon] Writing updated Contig_16_65.246_pilon to pilon.fasta
[pilon] Writing Contig_17_129.498:1-771 changes to pilon.changes
[pilon] Writing updated Contig_17_129.498_pilon to pilon.fasta
[pilon] Writing Contig_18_70.3402:1-169970 changes to pilon.changes
[pilon] Writing updated Contig_18_70.3402_pilon to pilon.fasta
[pilon] Writing Contig_19_70.9296:1-102756 changes to pilon.changes
[pilon] Writing updated Contig_19_70.9296_pilon to pilon.fasta
[pilon] Writing Contig_20_74.9081:1-22530 changes to pilon.changes
[pilon] Writing updated Contig_20_74.9081_pilon to pilon.fasta
[pilon] Writing Contig_21_67.4873:1-123416 changes to pilon.changes
[pilon] Writing updated Contig_21_67.4873_pilon to pilon.fasta
[pilon] Writing Contig_22_67.6482:1-7493 changes to pilon.changes
[pilon] Writing updated Contig_22_67.6482_pilon to pilon.fasta
[pilon] Writing Contig_23_162.324:1-860 changes to pilon.changes
[pilon] Writing updated Contig_23_162.324_pilon to pilon.fasta
[pilon] Writing Contig_24_138.972:1-2508 changes to pilon.changes
[pilon] Writing updated Contig_24_138.972_pilon to pilon.fasta
[pilon] Writing Contig_25_68.3161:1-106919 changes to pilon.changes
[pilon] Writing updated Contig_25_68.3161_pilon to pilon.fasta
[pilon] Writing Contig_26_67.9972:1-746 changes to pilon.changes
[pilon] Writing updated Contig_26_67.9972_pilon to pilon.fasta
[pilon] Writing Contig_27_70.4436:1-39280 changes to pilon.changes
[pilon] Writing updated Contig_27_70.4436_pilon to pilon.fasta
[pilon] Writing Contig_28_67.9564:1-50092 changes to pilon.changes
[pilon] Writing updated Contig_28_67.9564_pilon to pilon.fasta
[pilon] Mean frags coverage: 83
[pilon] Mean total coverage: 83
[shovill] Repaired 1 contigs from skesa.fasta at 1 positions.
[shovill] Assembly is 1736835, estimated genome size was 1800000 (-3.51%)
[shovill] Note: skesa does not produce a graph file
[shovill] Walltime used: 2 min 40 sec
[shovill] Results in: /Volumes/NGS_2/Bioinformatics/eriny/aphl_hackathon_2026/work/2b/8dddf116c4fa31dc6c52e1f74f0ad1/SRR38287100_shovill_output
[shovill] Final assembly contigs: /Volumes/NGS_2/Bioinformatics/eriny/aphl_hackathon_2026/work/2b/8dddf116c4fa31dc6c52e1f74f0ad1/SRR38287100_shovill_output/contigs.fa
[shovill] It contains 28 (min=500) contigs totalling 1736835 bp.
[shovill] The name 'shovill' is pronounced as 'shovel' in English
[shovill] Done.
