Detecting adapter sequence for read1...
No adapter detected for read1

Detecting adapter sequence for read2...
No adapter detected for read2

Read1 before filtering:
total reads: 1063140
total bases: 153394319
Q20 bases: 152680530(99.5347%)
Q30 bases: 149363825(97.3725%)
Q40 bases: 0(0%)

Read2 before filtering:
total reads: 1063140
total bases: 153405156
Q20 bases: 152425943(99.3617%)
Q30 bases: 149265611(97.3016%)
Q40 bases: 0(0%)

Read1 after filtering:
total reads: 1041834
total bases: 151772583
Q20 bases: 151273546(99.6712%)
Q30 bases: 148262606(97.6873%)
Q40 bases: 0(0%)

Read2 after filtering:
total reads: 1041834
total bases: 151679381
Q20 bases: 151104779(99.6212%)
Q30 bases: 148318145(97.784%)
Q40 bases: 0(0%)

Filtering result:
reads passed filter: 2083668
reads failed due to low quality: 7394
reads failed due to too many N: 0
reads failed due to too short: 35218
reads failed due to adapter dimer: 0
reads with adapter trimmed: 1276
bases trimmed due to adapters: 17008

Duplication rate: 8.12141%

Insert size peak (evaluated by paired-end reads): 262

JSON report: fastp/SRR38121711_fastp.json
HTML report: fastp/SRR38121711_fastp.html

fastp --detect_adapter_for_pe -i 2145026_S21_L001_R1_001.fastq.gz -I 2145026_S21_L001_R2_001.fastq.gz -o fastp/SRR38121711_fastp_R1.fastq.gz -O fastp/SRR38121711_fastp_R2.fastq.gz --unpaired1 SRR38121711_1U.fastq.gz --unpaired2 SRR38121711_2U.fastq.gz --detect_adapter_for_pe -g -5 20 -3 20 --length_required 50 -h fastp/SRR38121711_fastp.html -j fastp/SRR38121711_fastp.json 
fastp v1.1.0, time used: 67 seconds
