Detecting adapter sequence for read1...
No adapter detected for read1

Detecting adapter sequence for read2...
No adapter detected for read2

Read1 before filtering:
total reads: 723910
total bases: 87921383
Q20 bases: 87443577(99.4566%)
Q30 bases: 85529016(97.279%)
Q40 bases: 0(0%)

Read2 before filtering:
total reads: 723910
total bases: 87955287
Q20 bases: 87204594(99.1465%)
Q30 bases: 85120497(96.777%)
Q40 bases: 0(0%)

Read1 after filtering:
total reads: 665327
total bases: 85059198
Q20 bases: 84772103(99.6625%)
Q30 bases: 83109127(97.7074%)
Q40 bases: 0(0%)

Read2 after filtering:
total reads: 665327
total bases: 84970575
Q20 bases: 84588048(99.5498%)
Q30 bases: 82814669(97.4628%)
Q40 bases: 0(0%)

Filtering result:
reads passed filter: 1330654
reads failed due to low quality: 6112
reads failed due to too many N: 0
reads failed due to too short: 111054
reads failed due to adapter dimer: 0
reads with adapter trimmed: 3282
bases trimmed due to adapters: 44137

Duplication rate: 10.3469%

Insert size peak (evaluated by paired-end reads): 44

JSON report: fastp/SRR38287109_fastp.json
HTML report: fastp/SRR38287109_fastp.html

fastp --detect_adapter_for_pe -i 2149428_S19_L001_R1_001.fastq.gz -I 2149428_S19_L001_R2_001.fastq.gz -o fastp/SRR38287109_fastp_R1.fastq.gz -O fastp/SRR38287109_fastp_R2.fastq.gz --unpaired1 SRR38287109_1U.fastq.gz --unpaired2 SRR38287109_2U.fastq.gz --detect_adapter_for_pe -g -5 20 -3 20 --length_required 50 -h fastp/SRR38287109_fastp.html -j fastp/SRR38287109_fastp.json 
fastp v1.1.0, time used: 52 seconds
