Detecting adapter sequence for read1...
No adapter detected for read1

Detecting adapter sequence for read2...
No adapter detected for read2

Read1 before filtering:
total reads: 1620192
total bases: 235547165
Q20 bases: 234329673(99.4831%)
Q30 bases: 228665725(97.0785%)
Q40 bases: 0(0%)

Read2 before filtering:
total reads: 1620192
total bases: 235560289
Q20 bases: 234054760(99.3609%)
Q30 bases: 228974938(97.2044%)
Q40 bases: 0(0%)

Read1 after filtering:
total reads: 1596550
total bases: 233556850
Q20 bases: 232685553(99.6269%)
Q30 bases: 227484563(97.4001%)
Q40 bases: 0(0%)

Read2 after filtering:
total reads: 1596550
total bases: 233464067
Q20 bases: 232533936(99.6016%)
Q30 bases: 227987244(97.6541%)
Q40 bases: 0(0%)

Filtering result:
reads passed filter: 3193100
reads failed due to low quality: 10714
reads failed due to too many N: 0
reads failed due to too short: 36570
reads failed due to adapter dimer: 0
reads with adapter trimmed: 2754
bases trimmed due to adapters: 38060

Duplication rate: 9.99159%

Insert size peak (evaluated by paired-end reads): 259

JSON report: fastp/SRR38287116_fastp.json
HTML report: fastp/SRR38287116_fastp.html

fastp --detect_adapter_for_pe -i 2145788_S2_L001_R1_001.fastq.gz -I 2145788_S2_L001_R2_001.fastq.gz -o fastp/SRR38287116_fastp_R1.fastq.gz -O fastp/SRR38287116_fastp_R2.fastq.gz --unpaired1 SRR38287116_1U.fastq.gz --unpaired2 SRR38287116_2U.fastq.gz --detect_adapter_for_pe -g -5 20 -3 20 --length_required 50 -h fastp/SRR38287116_fastp.html -j fastp/SRR38287116_fastp.json 
fastp v1.1.0, time used: 68 seconds
