Detecting adapter sequence for read1...
No adapter detected for read1

Detecting adapter sequence for read2...
No adapter detected for read2

Read1 before filtering:
total reads: 871525
total bases: 122613934
Q20 bases: 122014167(99.5108%)
Q30 bases: 119251122(97.2574%)
Q40 bases: 0(0%)

Read2 before filtering:
total reads: 871525
total bases: 122628223
Q20 bases: 121691018(99.2357%)
Q30 bases: 118838080(96.9092%)
Q40 bases: 0(0%)

Read1 after filtering:
total reads: 844905
total bases: 120850372
Q20 bases: 120445569(99.665%)
Q30 bases: 117974509(97.6203%)
Q40 bases: 0(0%)

Read2 after filtering:
total reads: 844905
total bases: 120759905
Q20 bases: 120218353(99.5515%)
Q30 bases: 117717244(97.4804%)
Q40 bases: 0(0%)

Filtering result:
reads passed filter: 1689810
reads failed due to low quality: 7074
reads failed due to too many N: 0
reads failed due to too short: 46164
reads failed due to adapter dimer: 2
reads with adapter trimmed: 1846
bases trimmed due to adapters: 18075

Duplication rate: 7.60116%

Insert size peak (evaluated by paired-end reads): 44

JSON report: fastp/SRR38121707_fastp.json
HTML report: fastp/SRR38121707_fastp.html

fastp --detect_adapter_for_pe -i 2145568_S24_L001_R1_001.fastq.gz -I 2145568_S24_L001_R2_001.fastq.gz -o fastp/SRR38121707_fastp_R1.fastq.gz -O fastp/SRR38121707_fastp_R2.fastq.gz --unpaired1 SRR38121707_1U.fastq.gz --unpaired2 SRR38121707_2U.fastq.gz --detect_adapter_for_pe -g -5 20 -3 20 --length_required 50 -h fastp/SRR38121707_fastp.html -j fastp/SRR38121707_fastp.json 
fastp v1.1.0, time used: 60 seconds
