0
SRR38287114.contigs.fa.ref,Len:1761725,GC:38.5087
SRR38121706.contigs.fa,Len:1785097,GC:38.1662
SRR38121698.contigs.fa,Len:1772068,GC:38.4374
SRR38121707.contigs.fa,Len:1819931,GC:38.0592
SRR38287103.contigs.fa,Len:1893755,GC:38.1674
SRR38287114.contigs.fa,Len:1768855,GC:38.5087
SRR38121715.contigs.fa,Len:1824190,GC:38.3017
SRR38287116.contigs.fa,Len:1868982,GC:38.1209
SRR38287102.contigs.fa,Len:1858224,GC:38.1947
SRR38121699.contigs.fa,Len:1826866,GC:38.3072
SRR38287110.contigs.fa,Len:1785129,GC:38.1662
SRR38198055.contigs.fa,Len:1721292,GC:38.3503
SRR38121708.contigs.fa,Len:1795989,GC:38.3456
SRR38287106.contigs.fa,Len:1759403,GC:38.3711
SRR38198054.contigs.fa,Len:1828026,GC:38.3975
SRR38121709.contigs.fa,Len:1746317,GC:38.3269
SRR38287101.contigs.fa,Len:1757731,GC:38.3713
SRR38287112.contigs.fa,Len:1758025,GC:38.3105
SRR38287113.contigs.fa,Len:1735803,GC:38.3898
SRR38287109.contigs.fa,Len:1826916,GC:38.3094
SRR38121710.contigs.fa,Len:1858517,GC:38.318
SRR38287100.contigs.fa,Len:1745205,GC:38.3709
SRR38198053.contigs.fa,Len:1826348,GC:38.3054
SRR38287105.contigs.fa,Len:1821568,GC:38.1679
SRR38287115.contigs.fa,Len:1759762,GC:38.3177
SRR38287107.contigs.fa,Len:1760088,GC:38.322
SRR38198052.contigs.fa,Len:1866696,GC:38.1175
SRR38121713.contigs.fa,Len:1824800,GC:38.3034
SRR38287117.contigs.fa,Len:1820862,GC:38.171
SRR38287111.contigs.fa,Len:1713718,GC:38.3749
SRR38287108.contigs.fa,Len:1819288,GC:38.0626
SRR38121695.contigs.fa,Len:1923547,GC:38.3419
SRR38121697.contigs.fa,Len:1752114,GC:38.339
SRR38287104.contigs.fa,Len:1756959,GC:38.3707
SRR38121700.contigs.fa,Len:1891187,GC:38.1381
SRR38121702.contigs.fa,Len:1863396,GC:38.1828
SRR38121704.contigs.fa,Len:1801824,GC:38.3741
SRR38121711.contigs.fa,Len:1719537,GC:38.3444
SRR38121712.contigs.fa,Len:1847498,GC:38.1913
SRR38121714.contigs.fa,Len:1846871,GC:38.3147
SRR38121696.contigs.fa,Len:1719311,GC:38.3427
SRR38121703.contigs.fa,Len:1857867,GC:38.4358
        Finished processing input sequences, elapsed time: 4 seconds

                 compressed suffix graph construction elapsed time: 0 seconds

                 MUM anchor search elapsed time: 15 seconds

        Finished recursive MUM search, elapsed time: 1 seconds

        Finished filtering spurious matches, elapsed time: 1 seconds

        LCBs created, elapsed time: 0 seconds

        Output files updated, elapsed time: 27 seconds

        See log file for further details. Total processing time: 50 seconds 

