[shovill] Hello stranger
[shovill] You ran: /shovill/shovill-1.1.0/bin/shovill --R1 2146863_S1_L001_R1_001.fastq.gz --R2 2146863_S1_L001_R2_001.fastq.gz --minlen 500 --gsize 1800000 --mincov 10.0 --assembler skesa --cpus 6 --ram 36 --outdir ./SRR38198055_shovill_output --force
[shovill] This is shovill 1.1.0
[shovill] Written by Torsten Seemann
[shovill] Homepage is https://github.com/tseemann/shovill
[shovill] Operating system is linux
[shovill] Perl version is v5.22.1
[shovill] Machine has 112 CPU cores and 503.32 GB RAM
[shovill] Using bwa - /bwa/bwa-0.7.17/bwa | Version: 0.7.17-r1188
[shovill] Using flash - /flash/FLASH-1.2.11/flash | FLASH v1.2.11
[shovill] Using java - /usr/bin/java | openjdk version "9-internal"
[shovill] Using kmc - /kmc/kmc | K-Mer Counter (KMC) ver. 3.1.1 (2019-05-19)
[shovill] Using lighter - /Lighter-1.1.1/lighter | Lighter v1.1.1
[shovill] Using megahit - /megahit/megahit_v1.1.4_LINUX_CPUONLY_x86_64-bin/megahit | MEGAHIT v1.1.3
[shovill] Using megahit_toolkit - /megahit/megahit_v1.1.4_LINUX_CPUONLY_x86_64-bin/megahit_toolkit | v1.1.3
[shovill] Using pigz - /usr/bin/pigz | pigz 2.3.1
[shovill] Using pilon - /pilon/pilon | Pilon version 1.22 Wed Mar 15 16:38:30 2017 -0400
[shovill] Using samclip - /samclip/samclip | samclip 0.4.0
[shovill] Using samtools - /usr/local/bin/samtools | Version: 1.10 (using htslib 1.10)
[shovill] Using seqtk - /usr/local/bin/seqtk | Version: 1.3-r106
[shovill] Using skesa - /skesa/skesa | SKESA v.2.3.0
[shovill] Using spades.py - /SPAdes-3.14.1-Linux/bin/spades.py | SPAdes genome assembler v3.14.1
[shovill] Using trimmomatic - /trimmomatic/trimmomatic | 0.38
[shovill] Using velvetg - /velvet/velvet-1.2.10/velvetg | Version 1.2.10
[shovill] Using velveth - /velvet/velvet-1.2.10/velveth | Version 1.2.10
[shovill] Found spades version: 003014000
[shovill] Using tempdir: /tmp/X6RUn5npIP
[shovill] Changing into folder: /Volumes/NGS_2/Bioinformatics/eriny/aphl_hackathon_2026/work/dc/3d5b9a42d3e026465426c00423cacc/SRR38198055_shovill_output
[shovill] Collecting raw read statistics with 'seqtk'
[shovill] Running: seqtk fqchk -q3 \/Volumes\/NGS_2\/pulsenet_and_arln\/UT\-SH00792\-260414\/reads\/2146863_S1_L001_R1_001\.fastq\.gz >/tmp/LUjPmqLSps 2>&1 | sed 's/^/[seqtk] /' | tee -a shovill.log
[shovill] Read stats: min_len = 35
[shovill] Read stats: avg_len = 144
[shovill] Read stats: max_len = 151
[shovill] Read stats: total_bp = 290862356
[shovill] Using genome size 1800000 bp
[shovill] Estimated sequencing depth: 161 x
[shovill] No read depth reduction requested or necessary.
[shovill] Appending -Xmx36g to _JAVA_OPTIONS
[shovill] Running: ln -sf \/Volumes\/NGS_2\/pulsenet_and_arln\/UT\-SH00792\-260414\/reads\/2146863_S1_L001_R1_001\.fastq\.gz R1.fq.gz 2>&1 | sed 's/^/[ln] /' | tee -a shovill.log
[shovill] Running: ln -sf \/Volumes\/NGS_2\/pulsenet_and_arln\/UT\-SH00792\-260414\/reads\/2146863_S1_L001_R2_001\.fastq\.gz R2.fq.gz 2>&1 | sed 's/^/[ln] /' | tee -a shovill.log
[shovill] Average read length looks like 144 bp
[shovill] Setting k-mer range to (31 .. 108)
[shovill] Estimated K-mers: 31 51 71 91 [kn=5, ks=20, kmin=31, kmax=108]
[shovill] Using kmers: 31,51,71,91
[shovill] Correcting reads with 'Lighter'
[shovill] Running: lighter -od . -r R1.fq.gz -r R2.fq.gz -K 32 1800000 -t 6 -maxcor 1 2>&1 | sed 's/^/[lighter] /' | tee -a shovill.log
[lighter] [2026-05-01 18:26:36] =============Start====================
[lighter] [2026-05-01 18:26:36] Scanning the input files to infer alpha(sampling rate)
[lighter] [2026-05-01 18:26:39] Average coverage is 161.597 and alpha is 0.043
[lighter] [2026-05-01 18:26:40] Bad quality threshold is "8"
[lighter] [2026-05-01 18:26:45] Finish sampling kmers
[lighter] [2026-05-01 18:26:45] Bloom filter A's false positive rate: 0.002153
[lighter] [2026-05-01 18:26:54] Finish storing trusted kmers
[lighter] [2026-05-01 18:27:03] Finish error correction
[lighter] Processed 2025792 reads:
[lighter] 	1922911 are error-free
[lighter] 	Corrected 122915 bases(1.194730 corrections for reads with errors)
[lighter] 	Trimmed 0 reads with average trimmed bases 0.000000
[lighter] 	Discard 0 reads
[shovill] Overlapping/stitching PE reads with 'FLASH'
[shovill] Running: flash -m 20 -M 151 -d . -o flash -z -t 6 R1.cor.fq.gz R2.cor.fq.gz 2>&1 | sed 's/^//' | tee -a shovill.log
[FLASH] Starting FLASH v1.2.11
[FLASH] Fast Length Adjustment of SHort reads
[FLASH]  
[FLASH] Input files:
[FLASH]     R1.cor.fq.gz
[FLASH]     R2.cor.fq.gz
[FLASH]  
[FLASH] Output files:
[FLASH]     ./flash.extendedFrags.fastq.gz
[FLASH]     ./flash.notCombined_1.fastq.gz
[FLASH]     ./flash.notCombined_2.fastq.gz
[FLASH]     ./flash.hist
[FLASH]     ./flash.histogram
[FLASH]  
[FLASH] Parameters:
[FLASH]     Min overlap:           20
[FLASH]     Max overlap:           151
[FLASH]     Max mismatch density:  0.250000
[FLASH]     Allow "outie" pairs:   false
[FLASH]     Cap mismatch quals:    false
[FLASH]     Combiner threads:      6
[FLASH]     Input format:          FASTQ, phred_offset=33
[FLASH]     Output format:         FASTQ, phred_offset=33, gzip
[FLASH]  
[FLASH] Starting reader and writer threads
[FLASH] Starting 6 combiner threads
[FLASH] Processed 25000 read pairs
[FLASH] Processed 50000 read pairs
[FLASH] Processed 75000 read pairs
[FLASH] Processed 100000 read pairs
[FLASH] Processed 125000 read pairs
[FLASH] Processed 150000 read pairs
[FLASH] Processed 175000 read pairs
[FLASH] Processed 200000 read pairs
[FLASH] Processed 225000 read pairs
[FLASH] Processed 250000 read pairs
[FLASH] Processed 275000 read pairs
[FLASH] Processed 300000 read pairs
[FLASH] Processed 325000 read pairs
[FLASH] Processed 350000 read pairs
[FLASH] Processed 375000 read pairs
[FLASH] Processed 400000 read pairs
[FLASH] Processed 425000 read pairs
[FLASH] Processed 450000 read pairs
[FLASH] Processed 475000 read pairs
[FLASH] Processed 500000 read pairs
[FLASH] Processed 525000 read pairs
[FLASH] Processed 550000 read pairs
[FLASH] Processed 575000 read pairs
[FLASH] Processed 600000 read pairs
[FLASH] Processed 625000 read pairs
[FLASH] Processed 650000 read pairs
[FLASH] Processed 675000 read pairs
[FLASH] Processed 700000 read pairs
[FLASH] Processed 725000 read pairs
[FLASH] Processed 750000 read pairs
[FLASH] Processed 775000 read pairs
[FLASH] Processed 800000 read pairs
[FLASH] Processed 825000 read pairs
[FLASH] Processed 850000 read pairs
[FLASH] Processed 875000 read pairs
[FLASH] Processed 900000 read pairs
[FLASH] Processed 925000 read pairs
[FLASH] Processed 950000 read pairs
[FLASH] Processed 975000 read pairs
[FLASH] Processed 1000000 read pairs
[FLASH] Processed 1012896 read pairs
[FLASH]  
[FLASH] Read combination statistics:
[FLASH]     Total pairs:      1012896
[FLASH]     Combined pairs:   287281
[FLASH]     Uncombined pairs: 725615
[FLASH]     Percent combined: 28.36%
[FLASH]  
[FLASH] Writing histogram files.
[FLASH]  
[FLASH] FLASH v1.2.11 complete!
[FLASH] 22.351 seconds elapsed
[shovill] Assembling reads with 'skesa'
[shovill] Running: skesa --gz  --fastq flash.extendedFrags.fastq.gz --fastq flash.notCombined_1.fastq.gz,flash.notCombined_2.fastq.gz --use_paired_ends --contigs_out skesa.fasta --min_contig 1 --memory 36 --cores 6 --vector_percent 1 2>&1 | sed 's/^/[skesa] /' | tee -a shovill.log
[skesa] skesa --gz --fastq flash.extendedFrags.fastq.gz --fastq flash.notCombined_1.fastq.gz,flash.notCombined_2.fastq.gz --use_paired_ends --contigs_out skesa.fasta --min_contig 1 --memory 36 --cores 6 --vector_percent 1 
[skesa] 
[skesa] WARNING: option --gz is deprecated - gzipped files are now recognized automatically
[skesa] Total mates: 1738511 Paired reads: 725615
[skesa] Reads acquired in  12.176924s wall, 11.720000s user + 0.090000s system = 11.810000s CPU (97.0%)
[skesa] Adapters clip is disabled
[skesa] 
[skesa] Kmer len: 21
[skesa] Raw kmers: 231347549 Memory needed (GB): 4.44187 Memory available (GB): 33.8663 1 cycle(s) will be performed
[skesa] Distinct kmers: 1727919
[skesa] Kmer count in  7.421946s wall, 38.810000s user + 3.140000s system = 41.950000s CPU (565.2%)
[skesa] Uniq kmers merging in  0.064158s wall, 0.100000s user + 0.040000s system = 0.140000s CPU (218.2%)
[skesa] WARNING: --min_count changed from 2 to 4 because of high coverage for genome size 1462738
[skesa] WARNING: --max_kmer_count 10 to 18 because of high coverage for genome size 1462738
[skesa] Kmers branching in  0.523999s wall, 2.470000s user + 0.000000s system = 2.470000s CPU (471.4%)
[skesa] 
[skesa] Average read length: 153
[skesa] Genome size estimate: 1462738
[skesa] 
[skesa] Kmer: 21 Graph size: 1715936 Contigs in: 0
[skesa] Valley: 27
[skesa] 
[skesa] Mark used kmers in  0.000001s wall, 0.000000s user + 0.000000s system = 0.000000s CPU (n/a%)
[skesa] Kmers in multiple/single contigs: 0 0
[skesa] Fragments before: 361 1707750
[skesa] Fragments after: 333 1707730
[skesa] New seeds: 273
[skesa] New seeds in  0.535248s wall, 3.110000s user + 0.010000s system = 3.120000s CPU (582.9%)
[skesa] Fragments before: 546 11466
[skesa] Fragments after: 546 11466
[skesa] Connectors: 0 Extenders: 546
[skesa] Connections and extensions in  0.087211s wall, 0.460000s user + 0.000000s system = 0.460000s CPU (527.5%)
[skesa] Contigs out: 273 Genome: 1698512 N50: 17907 L50: 33
[skesa] Assembled in  0.631668s wall, 3.580000s user + 0.010000s system = 3.590000s CPU (568.3%)
[skesa] 
[skesa] 
[skesa] Kmer len: 135
[skesa] Raw kmers: 38827169 Memory needed (GB): 2.23644 Memory available (GB): 33.8369 1 cycle(s) will be performed
[skesa] Distinct kmers: 1716660
[skesa] Kmer count in  3.181347s wall, 11.400000s user + 0.850000s system = 12.250000s CPU (385.1%)
[skesa] Uniq kmers merging in  0.174754s wall, 0.170000s user + 0.180000s system = 0.350000s CPU (200.3%)
[skesa] 
[skesa] Average count: 126.108 Max kmer: 135
[skesa] Connected: 9504 ambiguously connected: 292 from 10000 mate pairs
[skesa] Connect pairs in  6.316387s wall, 35.520000s user + 0.080000s system = 35.600000s CPU (563.6%)
[skesa] 
[skesa] N50 for inserts: 476
[skesa] 
[skesa] Seed kmers: 0
[skesa] Cleaned reads: 207010
[skesa] Reads for connection: 113432
[skesa] Internal reads: 11711
[skesa] Reads cleaned in  0.664014s wall, 3.340000s user + 0.150000s system = 3.490000s CPU (525.6%)
[skesa] 
[skesa] Kmer len: 31
[skesa] Raw kmers: 25589980 Memory needed (GB): 0.491328 Memory available (GB): 33.9557 1 cycle(s) will be performed
[skesa] Distinct kmers: 327193
[skesa] Kmer count in  0.706732s wall, 3.910000s user + 0.140000s system = 4.050000s CPU (573.1%)
[skesa] Uniq kmers merging in  0.019166s wall, 0.030000s user + 0.010000s system = 0.040000s CPU (208.7%)
[skesa] Kmers branching in  0.078344s wall, 0.390000s user + 0.010000s system = 0.400000s CPU (510.6%)
[skesa] Kmer: 31 Graph size: 327193 Contigs in: 273
[skesa] Valley: 78
[skesa] 
[skesa] Mark used kmers in  0.078293s wall, 0.460000s user + 0.000000s system = 0.460000s CPU (587.5%)
[skesa] Kmers in multiple/single contigs: 0 302796
[skesa] Fragments before: 410 19222
[skesa] Fragments after: 397 19222
[skesa] New seeds: 7
[skesa] New seeds in  0.068531s wall, 0.350000s user + 0.000000s system = 0.350000s CPU (510.7%)
[skesa] Fragments before: 560 17144
[skesa] Fragments after: 385 17144
[skesa] Connectors: 175 Extenders: 210
[skesa] Connections and extensions in  0.121074s wall, 0.550000s user + 0.020000s system = 0.570000s CPU (470.8%)
[skesa] Contigs out: 105 Genome: 1705161 N50: 88577 L50: 8
[skesa] Assembled in  0.272279s wall, 1.370000s user + 0.020000s system = 1.390000s CPU (510.5%)
[skesa] 
[skesa] Seed kmers: 0
[skesa] Cleaned reads: 90569
[skesa] Reads for connection: 53688
[skesa] Internal reads: 4159
[skesa] Reads cleaned in  0.395852s wall, 1.860000s user + 0.040000s system = 1.900000s CPU (480.0%)
[skesa] 
[skesa] Kmer len: 43
[skesa] Raw kmers: 10143524 Memory needed (GB): 0.292133 Memory available (GB): 33.9585 1 cycle(s) will be performed
[skesa] Distinct kmers: 115494
[skesa] Kmer count in  0.343862s wall, 1.850000s user + 0.080000s system = 1.930000s CPU (561.3%)
[skesa] Uniq kmers merging in  0.005817s wall, 0.010000s user + 0.000000s system = 0.010000s CPU (171.9%)
[skesa] Kmers branching in  0.031648s wall, 0.150000s user + 0.000000s system = 0.150000s CPU (474.0%)
[skesa] Kmer: 43 Graph size: 115494 Contigs in: 105
[skesa] Valley: 61
[skesa] 
[skesa] Mark used kmers in  0.086168s wall, 0.430000s user + 0.000000s system = 0.430000s CPU (499.0%)
[skesa] Kmers in multiple/single contigs: 0 100685
[skesa] Fragments before: 201 10426
[skesa] Fragments after: 194 10426
[skesa] New seeds: 4
[skesa] New seeds in  0.033443s wall, 0.160000s user + 0.000000s system = 0.160000s CPU (478.4%)
[skesa] Fragments before: 218 9138
[skesa] Fragments after: 191 9138
[skesa] Connectors: 27 Extenders: 164
[skesa] Connections and extensions in  0.134856s wall, 0.560000s user + 0.000000s system = 0.560000s CPU (415.3%)
[skesa] Contigs out: 82 Genome: 1708031 N50: 99291 L50: 7
[skesa] Assembled in  0.257356s wall, 1.150000s user + 0.000000s system = 1.150000s CPU (446.9%)
[skesa] 
[skesa] Seed kmers: 0
[skesa] Cleaned reads: 71991
[skesa] Reads for connection: 43508
[skesa] Internal reads: 3361
[skesa] Reads cleaned in  0.354577s wall, 1.710000s user + 0.020000s system = 1.730000s CPU (487.9%)
[skesa] 
[skesa] Kmer len: 55
[skesa] Raw kmers: 7245292 Memory needed (GB): 0.208664 Memory available (GB): 33.9569 1 cycle(s) will be performed
[skesa] Distinct kmers: 84471
[skesa] Kmer count in  0.251659s wall, 1.350000s user + 0.010000s system = 1.360000s CPU (540.4%)
[skesa] Uniq kmers merging in  0.006493s wall, 0.020000s user + 0.000000s system = 0.020000s CPU (308.0%)
[skesa] Kmers branching in  0.021083s wall, 0.100000s user + 0.000000s system = 0.100000s CPU (474.3%)
[skesa] Kmer: 55 Graph size: 84471 Contigs in: 82
[skesa] Valley: 55
[skesa] 
[skesa] Mark used kmers in  0.078884s wall, 0.420000s user + 0.000000s system = 0.420000s CPU (532.4%)
[skesa] Kmers in multiple/single contigs: 0 71777
[skesa] Fragments before: 170 8655
[skesa] Fragments after: 163 8655
[skesa] New seeds: 0
[skesa] New seeds in  0.026462s wall, 0.130000s user + 0.000000s system = 0.130000s CPU (491.3%)
[skesa] Fragments before: 164 7773
[skesa] Fragments after: 153 7773
[skesa] Connectors: 11 Extenders: 142
[skesa] Connections and extensions in  0.119287s wall, 0.570000s user + 0.000000s system = 0.570000s CPU (477.8%)
[skesa] Contigs out: 71 Genome: 1709032 N50: 123140 L50: 6
[skesa] Assembled in  0.226743s wall, 1.120000s user + 0.000000s system = 1.120000s CPU (494.0%)
[skesa] 
[skesa] Seed kmers: 0
[skesa] Cleaned reads: 63586
[skesa] Reads for connection: 38922
[skesa] Internal reads: 2890
[skesa] Reads cleaned in  0.331253s wall, 1.570000s user + 0.030000s system = 1.600000s CPU (483.0%)
[skesa] 
[skesa] Kmer len: 67
[skesa] Raw kmers: 5680867 Memory needed (GB): 0.218145 Memory available (GB): 33.9553 1 cycle(s) will be performed
[skesa] Distinct kmers: 71532
[skesa] Kmer count in  0.225429s wall, 1.170000s user + 0.000000s system = 1.170000s CPU (519.0%)
[skesa] Uniq kmers merging in  0.009101s wall, 0.010000s user + 0.000000s system = 0.010000s CPU (109.9%)
[skesa] Kmers branching in  0.019981s wall, 0.100000s user + 0.000000s system = 0.100000s CPU (500.5%)
[skesa] Kmer: 67 Graph size: 71532 Contigs in: 71
[skesa] Valley: 50
[skesa] 
[skesa] Mark used kmers in  0.078741s wall, 0.420000s user + 0.010000s system = 0.430000s CPU (546.1%)
[skesa] Kmers in multiple/single contigs: 0 58859
[skesa] Fragments before: 149 8474
[skesa] Fragments after: 141 8474
[skesa] New seeds: 0
[skesa] New seeds in  0.020759s wall, 0.100000s user + 0.000000s system = 0.100000s CPU (481.7%)
[skesa] Fragments before: 140 7379
[skesa] Fragments after: 133 7379
[skesa] Connectors: 7 Extenders: 126
[skesa] Connections and extensions in  0.116059s wall, 0.540000s user + 0.000000s system = 0.540000s CPU (465.3%)
[skesa] Contigs out: 63 Genome: 1709609 N50: 123140 L50: 6
[skesa] Assembled in  0.217175s wall, 1.060000s user + 0.010000s system = 1.070000s CPU (492.7%)
[skesa] 
[skesa] Seed kmers: 0
[skesa] Cleaned reads: 57312
[skesa] Reads for connection: 35820
[skesa] Internal reads: 2576
[skesa] Reads cleaned in  0.346809s wall, 1.570000s user + 0.010000s system = 1.580000s CPU (455.6%)
[skesa] 
[skesa] Kmer len: 77
[skesa] Raw kmers: 4580730 Memory needed (GB): 0.1759 Memory available (GB): 33.9534 1 cycle(s) will be performed
[skesa] Distinct kmers: 61472
[skesa] Kmer count in  0.179639s wall, 0.930000s user + 0.000000s system = 0.930000s CPU (517.7%)
[skesa] Uniq kmers merging in  0.005213s wall, 0.010000s user + 0.010000s system = 0.020000s CPU (383.7%)
[skesa] Kmers branching in  0.014939s wall, 0.080000s user + 0.000000s system = 0.080000s CPU (535.5%)
[skesa] Kmer: 77 Graph size: 61472 Contigs in: 63
[skesa] Valley: 40
[skesa] 
[skesa] Mark used kmers in  0.083008s wall, 0.420000s user + 0.000000s system = 0.420000s CPU (506.0%)
[skesa] Kmers in multiple/single contigs: 0 48702
[skesa] Fragments before: 135 8425
[skesa] Fragments after: 128 8425
[skesa] New seeds: 0
[skesa] New seeds in  0.020394s wall, 0.100000s user + 0.000000s system = 0.100000s CPU (490.3%)
[skesa] Fragments before: 124 7265
[skesa] Fragments after: 119 7265
[skesa] Connectors: 5 Extenders: 114
[skesa] Connections and extensions in  0.116125s wall, 0.550000s user + 0.000000s system = 0.550000s CPU (473.6%)
[skesa] Contigs out: 57 Genome: 1710250 N50: 123140 L50: 6
[skesa] Assembled in  0.220915s wall, 1.070000s user + 0.000000s system = 1.070000s CPU (484.3%)
[skesa] 
[skesa] Seed kmers: 0
[skesa] Cleaned reads: 54908
[skesa] Reads for connection: 33962
[skesa] Internal reads: 2576
[skesa] Reads cleaned in  0.322249s wall, 1.420000s user + 0.020000s system = 1.440000s CPU (446.9%)
[skesa] 
[skesa] Kmer len: 89
[skesa] Raw kmers: 3750975 Memory needed (GB): 0.144037 Memory available (GB): 33.9515 1 cycle(s) will be performed
[skesa] Distinct kmers: 57282
[skesa] Kmer count in  0.167208s wall, 0.780000s user + 0.000000s system = 0.780000s CPU (466.5%)
[skesa] Uniq kmers merging in  0.005970s wall, 0.020000s user + 0.000000s system = 0.020000s CPU (335.0%)
[skesa] Kmers branching in  0.015234s wall, 0.080000s user + 0.000000s system = 0.080000s CPU (525.1%)
[skesa] Kmer: 89 Graph size: 57282 Contigs in: 57
[skesa] Valley: 34
[skesa] 
[skesa] Mark used kmers in  0.081248s wall, 0.400000s user + 0.010000s system = 0.410000s CPU (504.6%)
[skesa] Kmers in multiple/single contigs: 0 44301
[skesa] Fragments before: 120 7916
[skesa] Fragments after: 113 7916
[skesa] New seeds: 0
[skesa] New seeds in  0.018788s wall, 0.090000s user + 0.000000s system = 0.090000s CPU (479.0%)
[skesa] Fragments before: 106 6697
[skesa] Fragments after: 105 6697
[skesa] Connectors: 1 Extenders: 104
[skesa] Connections and extensions in  0.138250s wall, 0.560000s user + 0.000000s system = 0.560000s CPU (405.1%)
[skesa] Contigs out: 52 Genome: 1710116 N50: 123140 L50: 6
[skesa] Assembled in  0.239578s wall, 1.050000s user + 0.010000s system = 1.060000s CPU (442.4%)
[skesa] 
[skesa] Seed kmers: 0
[skesa] Cleaned reads: 53936
[skesa] Reads for connection: 33574
[skesa] Internal reads: 2546
[skesa] Reads cleaned in  0.312531s wall, 1.390000s user + 0.020000s system = 1.410000s CPU (451.2%)
[skesa] 
[skesa] Kmer len: 101
[skesa] Raw kmers: 3060158 Memory needed (GB): 0.146888 Memory available (GB): 33.9497 1 cycle(s) will be performed
[skesa] Distinct kmers: 54684
[skesa] Kmer count in  0.151709s wall, 0.710000s user + 0.000000s system = 0.710000s CPU (468.0%)
[skesa] Uniq kmers merging in  0.005197s wall, 0.010000s user + 0.010000s system = 0.020000s CPU (384.8%)
[skesa] Kmers branching in  0.014883s wall, 0.080000s user + 0.000000s system = 0.080000s CPU (537.5%)
[skesa] Kmer: 101 Graph size: 54684 Contigs in: 52
[skesa] Valley: 27
[skesa] 
[skesa] Mark used kmers in  0.088248s wall, 0.460000s user + 0.000000s system = 0.460000s CPU (521.3%)
[skesa] Kmers in multiple/single contigs: 0 40757
[skesa] Fragments before: 125 8608
[skesa] Fragments after: 110 8608
[skesa] New seeds: 0
[skesa] New seeds in  0.020211s wall, 0.080000s user + 0.000000s system = 0.080000s CPU (395.8%)
[skesa] Fragments before: 100 6851
[skesa] Fragments after: 98 6851
[skesa] Connectors: 2 Extenders: 96
[skesa] Connections and extensions in  0.120006s wall, 0.590000s user + 0.000000s system = 0.590000s CPU (491.6%)
[skesa] Contigs out: 48 Genome: 1710122 N50: 123140 L50: 6
[skesa] Assembled in  0.229857s wall, 1.130000s user + 0.000000s system = 1.130000s CPU (491.6%)
[skesa] 
[skesa] Seed kmers: 0
[skesa] Cleaned reads: 52001
[skesa] Reads for connection: 32804
[skesa] Internal reads: 2435
[skesa] Reads cleaned in  0.340791s wall, 1.480000s user + 0.030000s system = 1.510000s CPU (443.1%)
[skesa] 
[skesa] Kmer len: 111
[skesa] Raw kmers: 2449568 Memory needed (GB): 0.117579 Memory available (GB): 33.9476 1 cycle(s) will be performed
[skesa] Distinct kmers: 50215
[skesa] Kmer count in  0.122343s wall, 0.560000s user + 0.000000s system = 0.560000s CPU (457.7%)
[skesa] Uniq kmers merging in  0.002387s wall, 0.000000s user + 0.000000s system = 0.000000s CPU (n/a%)
[skesa] Kmers branching in  0.019408s wall, 0.070000s user + 0.000000s system = 0.070000s CPU (360.7%)
[skesa] Kmer: 111 Graph size: 50215 Contigs in: 48
[skesa] Valley: 21
[skesa] 
[skesa] Mark used kmers in  0.101653s wall, 0.480000s user + 0.000000s system = 0.480000s CPU (472.2%)
[skesa] Kmers in multiple/single contigs: 0 35757
[skesa] Fragments before: 114 8841
[skesa] Fragments after: 104 8841
[skesa] New seeds: 0
[skesa] New seeds in  0.019034s wall, 0.090000s user + 0.000000s system = 0.090000s CPU (472.8%)
[skesa] Fragments before: 96 7417
[skesa] Fragments after: 93 7417
[skesa] Connectors: 3 Extenders: 90
[skesa] Connections and extensions in  0.151085s wall, 0.610000s user + 0.000000s system = 0.610000s CPU (403.7%)
[skesa] Contigs out: 45 Genome: 1710912 N50: 132618 L50: 5
[skesa] Assembled in  0.272214s wall, 1.180000s user + 0.000000s system = 1.180000s CPU (433.5%)
[skesa] 
[skesa] Seed kmers: 0
[skesa] Cleaned reads: 49066
[skesa] Reads for connection: 31264
[skesa] Internal reads: 2253
[skesa] Reads cleaned in  0.340905s wall, 1.350000s user + 0.030000s system = 1.380000s CPU (404.8%)
[skesa] 
[skesa] Kmer len: 123
[skesa] Raw kmers: 1733682 Memory needed (GB): 0.0832167 Memory available (GB): 33.9457 1 cycle(s) will be performed
[skesa] Distinct kmers: 43883
[skesa] Kmer count in  0.102638s wall, 0.390000s user + 0.000000s system = 0.390000s CPU (380.0%)
[skesa] Uniq kmers merging in  0.002764s wall, 0.000000s user + 0.010000s system = 0.010000s CPU (361.8%)
[skesa] Kmers branching in  0.012532s wall, 0.060000s user + 0.000000s system = 0.060000s CPU (478.8%)
[skesa] Kmer: 123 Graph size: 43883 Contigs in: 45
[skesa] Valley: 16
[skesa] 
[skesa] Mark used kmers in  0.092453s wall, 0.450000s user + 0.000000s system = 0.450000s CPU (486.7%)
[skesa] Kmers in multiple/single contigs: 0 29652
[skesa] Fragments before: 115 8766
[skesa] Fragments after: 101 8766
[skesa] New seeds: 0
[skesa] New seeds in  0.020463s wall, 0.090000s user + 0.000000s system = 0.090000s CPU (439.8%)
[skesa] Fragments before: 86 6851
[skesa] Fragments after: 86 6851
[skesa] Connectors: 0 Extenders: 86
[skesa] Connections and extensions in  0.146262s wall, 0.590000s user + 0.000000s system = 0.590000s CPU (403.4%)
[skesa] Contigs out: 43 Genome: 1710848 N50: 132618 L50: 5
[skesa] Assembled in  0.259994s wall, 1.130000s user + 0.000000s system = 1.130000s CPU (434.6%)
[skesa] 
[skesa] Seed kmers: 0
[skesa] Cleaned reads: 48703
[skesa] Reads for connection: 31174
[skesa] Internal reads: 2279
[skesa] Reads cleaned in  0.307659s wall, 1.250000s user + 0.020000s system = 1.270000s CPU (412.8%)
[skesa] 
[skesa] Kmer len: 135
[skesa] Raw kmers: 1149644 Memory needed (GB): 0.0662195 Memory available (GB): 33.9439 1 cycle(s) will be performed
[skesa] Distinct kmers: 39854
[skesa] Kmer count in  0.092076s wall, 0.330000s user + 0.010000s system = 0.340000s CPU (369.3%)
[skesa] Uniq kmers merging in  0.003748s wall, 0.000000s user + 0.000000s system = 0.000000s CPU (n/a%)
[skesa] Kmers branching in  0.011522s wall, 0.060000s user + 0.000000s system = 0.060000s CPU (520.8%)
[skesa] Kmer: 135 Graph size: 39854 Contigs in: 43
[skesa] Valley: 0
[skesa] 
[skesa] Mark used kmers in  0.094142s wall, 0.480000s user + 0.000000s system = 0.480000s CPU (509.9%)
[skesa] Kmers in multiple/single contigs: 0 24855
[skesa] Fragments before: 97 8862
[skesa] Fragments after: 85 8862
[skesa] New seeds: 0
[skesa] New seeds in  0.022292s wall, 0.090000s user + 0.000000s system = 0.090000s CPU (403.7%)
[skesa] Fragments before: 76 7307
[skesa] Fragments after: 75 7307
[skesa] Connectors: 1 Extenders: 74
[skesa] Connections and extensions in  0.159626s wall, 0.620000s user + 0.000000s system = 0.620000s CPU (388.4%)
[skesa] Contigs out: 37 Genome: 1710537 N50: 132618 L50: 5
[skesa] Assembled in  0.276993s wall, 1.190000s user + 0.000000s system = 1.190000s CPU (429.6%)
[skesa] 
[skesa] Seed kmers: 0
[skesa] Cleaned reads: 48126
[skesa] Reads for connection: 30802
[skesa] Internal reads: 2410
[skesa] Reads cleaned in  0.322574s wall, 1.330000s user + 0.030000s system = 1.360000s CPU (421.6%)
[skesa] 
[skesa] Connecting mate pairs using kmer length: 21
[skesa] Connected: 7372 ambiguously connected: 6912 from 15401 mate pairs
[skesa] Connect pairs in  23.616415s wall, 108.410000s user + 0.100000s system = 108.510000s CPU (459.5%)
[skesa] 
[skesa] Connecting mate pairs using kmer length: 31
[skesa] Connected: 1430 ambiguously connected: 5473 from 6912 mate pairs
[skesa] Connect pairs in  4.203808s wall, 19.940000s user + 0.010000s system = 19.950000s CPU (474.6%)
[skesa] 
[skesa] Connecting mate pairs using kmer length: 43
[skesa] Connected: 436 ambiguously connected: 5020 from 5473 mate pairs
[skesa] Connect pairs in  1.640797s wall, 7.220000s user + 0.010000s system = 7.230000s CPU (440.6%)
[skesa] 
[skesa] Connecting mate pairs using kmer length: 55
[skesa] Connected: 115 ambiguously connected: 4892 from 5020 mate pairs
[skesa] Connect pairs in  1.414244s wall, 6.430000s user + 0.010000s system = 6.440000s CPU (455.4%)
[skesa] 
[skesa] Connecting mate pairs using kmer length: 67
[skesa] Connected: 704 ambiguously connected: 4177 from 4892 mate pairs
[skesa] Connect pairs in  1.764745s wall, 8.170000s user + 0.010000s system = 8.180000s CPU (463.5%)
[skesa] 
[skesa] Connecting mate pairs using kmer length: 77
[skesa] Connected: 64 ambiguously connected: 4089 from 4177 mate pairs
[skesa] Connect pairs in  1.083520s wall, 5.150000s user + 0.000000s system = 5.150000s CPU (475.3%)
[skesa] 
[skesa] Connecting mate pairs using kmer length: 89
[skesa] Connected: 0 ambiguously connected: 4073 from 4089 mate pairs
[skesa] Connect pairs in  1.075380s wall, 5.100000s user + 0.000000s system = 5.100000s CPU (474.3%)
[skesa] 
[skesa] Connecting mate pairs using kmer length: 101
[skesa] Connected: 54 ambiguously connected: 3942 from 4073 mate pairs
[skesa] Connect pairs in  1.404316s wall, 6.530000s user + 0.010000s system = 6.540000s CPU (465.7%)
[skesa] 
[skesa] Connecting mate pairs using kmer length: 111
[skesa] Connected: 146 ambiguously connected: 3744 from 3942 mate pairs
[skesa] Connect pairs in  1.332932s wall, 6.180000s user + 0.000000s system = 6.180000s CPU (463.6%)
[skesa] 
[skesa] Connecting mate pairs using kmer length: 123
[skesa] Connected: 128 ambiguously connected: 3483 from 3744 mate pairs
[skesa] Connect pairs in  1.232337s wall, 5.810000s user + 0.000000s system = 5.810000s CPU (471.5%)
[skesa] 
[skesa] Connecting mate pairs using kmer length: 135
[skesa] Connected: 281 ambiguously connected: 2991 from 3483 mate pairs
[skesa] Connect pairs in  1.431845s wall, 6.510000s user + 0.000000s system = 6.510000s CPU (454.7%)
[skesa] Totally connected: 10730
[skesa] Added notconnected: 5982
[skesa] 
[skesa] Kmer len: 167
[skesa] Raw kmers: 6682977 Memory needed (GB): 0.449096 Memory available (GB): 33.9403 1 cycle(s) will be performed
[skesa] Distinct kmers: 49557
[skesa] Kmer count in  0.376650s wall, 1.760000s user + 0.090000s system = 1.850000s CPU (491.2%)
[skesa] Uniq kmers merging in  0.006047s wall, 0.000000s user + 0.010000s system = 0.010000s CPU (165.4%)
[skesa] Kmers branching in  0.023182s wall, 0.100000s user + 0.000000s system = 0.100000s CPU (431.4%)
[skesa] Kmer: 167 Graph size: 49557 Contigs in: 37
[skesa] Valley: 87
[skesa] 
[skesa] Mark used kmers in  0.107120s wall, 0.530000s user + 0.000000s system = 0.530000s CPU (494.8%)
[skesa] Kmers in multiple/single contigs: 0 33754
[skesa] Fragments before: 68 9509
[skesa] Fragments after: 63 9509
[skesa] New seeds: 0
[skesa] New seeds in  0.018014s wall, 0.080000s user + 0.000000s system = 0.080000s CPU (444.1%)
[skesa] Fragments before: 70 10366
[skesa] Fragments after: 67 10366
[skesa] Connectors: 3 Extenders: 64
[skesa] Connections and extensions in  0.170768s wall, 0.590000s user + 0.010000s system = 0.600000s CPU (351.4%)
[skesa] Contigs out: 32 Genome: 1712476 N50: 132618 L50: 5
[skesa] Assembled in  0.296593s wall, 1.200000s user + 0.010000s system = 1.210000s CPU (408.0%)
[skesa] 
[skesa] 
[skesa] Kmer len: 321
[skesa] Raw kmers: 3902242 Memory needed (GB): 0.449538 Memory available (GB): 33.9375 1 cycle(s) will be performed
[skesa] Distinct kmers: 47190
[skesa] Kmer count in  0.320868s wall, 1.490000s user + 0.120000s system = 1.610000s CPU (501.8%)
[skesa] Uniq kmers merging in  0.006089s wall, 0.000000s user + 0.010000s system = 0.010000s CPU (164.2%)
[skesa] Kmers branching in  0.019173s wall, 0.100000s user + 0.000000s system = 0.100000s CPU (521.6%)
[skesa] Kmer: 321 Graph size: 47190 Contigs in: 32
[skesa] Valley: 35
[skesa] 
[skesa] Mark used kmers in  0.129038s wall, 0.610000s user + 0.000000s system = 0.610000s CPU (472.7%)
[skesa] Kmers in multiple/single contigs: 0 28223
[skesa] Fragments before: 61 14198
[skesa] Fragments after: 53 14198
[skesa] New seeds: 0
[skesa] New seeds in  0.025637s wall, 0.100000s user + 0.000000s system = 0.100000s CPU (390.1%)
[skesa] Fragments before: 58 14348
[skesa] Fragments after: 54 14348
[skesa] Connectors: 4 Extenders: 50
[skesa] Connections and extensions in  0.144705s wall, 0.600000s user + 0.040000s system = 0.640000s CPU (442.3%)
[skesa] Contigs out: 25 Genome: 1714228 N50: 132619 L50: 5
[skesa] Assembled in  0.300159s wall, 1.310000s user + 0.040000s system = 1.350000s CPU (449.8%)
[skesa] 
[skesa] 
[skesa] Kmer len: 475
[skesa] Raw kmers: 1811092 Memory needed (GB): 0.278184 Memory available (GB): 33.9329 1 cycle(s) will be performed
[skesa] Distinct kmers: 42007
[skesa] Kmer count in  0.180262s wall, 0.810000s user + 0.070000s system = 0.880000s CPU (488.2%)
[skesa] Uniq kmers merging in  0.004506s wall, 0.010000s user + 0.000000s system = 0.010000s CPU (221.9%)
[skesa] Kmers branching in  0.019314s wall, 0.100000s user + 0.000000s system = 0.100000s CPU (517.8%)
[skesa] Kmer: 475 Graph size: 42007 Contigs in: 25
[skesa] Valley: 16
[skesa] 
[skesa] Mark used kmers in  0.154750s wall, 0.700000s user + 0.000000s system = 0.700000s CPU (452.3%)
[skesa] Kmers in multiple/single contigs: 0 23881
[skesa] Fragments before: 61 14008
[skesa] Fragments after: 47 14008
[skesa] New seeds: 0
[skesa] New seeds in  0.029860s wall, 0.100000s user + 0.000000s system = 0.100000s CPU (334.9%)
[skesa] Fragments before: 48 13362
[skesa] Fragments after: 47 13362
[skesa] Connectors: 1 Extenders: 46
[skesa] Connections and extensions in  0.167687s wall, 0.670000s user + 0.010000s system = 0.680000s CPU (405.5%)
[skesa] Contigs out: 23 Genome: 1714472 N50: 132619 L50: 5
[skesa] Assembled in  0.353346s wall, 1.470000s user + 0.010000s system = 1.480000s CPU (418.9%)
[skesa] 
[skesa] DONE
[shovill] Checking for assembly errors in skesa.fasta
[shovill] Running: bwa index skesa.fasta 2>&1 | sed 's/^/[bwa-index] /' | tee -a shovill.log
[bwa-index] [bwa_index] Pack FASTA... 0.01 sec
[bwa-index] [bwa_index] Construct BWT for the packed sequence...
[bwa-index] [bwa_index] 0.33 seconds elapse.
[bwa-index] [bwa_index] Update BWT... 0.01 sec
[bwa-index] [bwa_index] Pack forward-only FASTA... 0.01 sec
[bwa-index] [bwa_index] Construct SA from BWT and Occ... 0.11 sec
[bwa-index] [main] Version: 0.7.17-r1188
[bwa-index] [main] CMD: bwa index skesa.fasta
[bwa-index] [main] Real time: 53.583 sec; CPU: 0.468 sec
[shovill] Running: samtools faidx skesa.fasta 2>&1 | sed 's/^/[faidx] /' | tee -a shovill.log
[shovill] Running: (bwa mem -v 3 -x intractg -t 6 skesa.fasta R1.fq.gz R2.fq.gz | samclip --ref skesa.fasta.fai | samtools sort --threads 1 -m 18432m --reference skesa.fasta -T /tmp/X6RUn5npIP -o shovill.bam) 2>&1 | sed 's/^/[bwa+samtools-sort] /' | tee -a shovill.log
[bwa+samtools-sort] [samclip] samclip 0.4.0 by Torsten Seemann (@torstenseemann)
[bwa+samtools-sort] [samclip] Loading: skesa.fasta.fai
[bwa+samtools-sort] [samclip] Found 23 sequences in skesa.fasta.fai
[bwa+samtools-sort] [M::bwa_idx_load_from_disk] read 0 ALT contigs
[bwa+samtools-sort] [M::process] read 418420 sequences (60000125 bp)...
[bwa+samtools-sort] [M::process] read 417696 sequences (60000100 bp)...
[bwa+samtools-sort] [M::mem_pestat] # candidate unique pairs for (FF, FR, RF, RR): (15, 206216, 0, 13)
[bwa+samtools-sort] [M::mem_pestat] analyzing insert size distribution for orientation FF...
[bwa+samtools-sort] [M::mem_pestat] (25, 50, 75) percentile: (653, 770, 863)
[bwa+samtools-sort] [M::mem_pestat] low and high boundaries for computing mean and std.dev: (233, 1283)
[bwa+samtools-sort] [M::mem_pestat] mean and std.dev: (718.53, 225.27)
[bwa+samtools-sort] [M::mem_pestat] low and high boundaries for proper pairs: (1, 1620)
[bwa+samtools-sort] [M::mem_pestat] analyzing insert size distribution for orientation FR...
[bwa+samtools-sort] [M::mem_pestat] (25, 50, 75) percentile: (249, 375, 482)
[bwa+samtools-sort] [M::mem_pestat] low and high boundaries for computing mean and std.dev: (1, 948)
[bwa+samtools-sort] [M::mem_pestat] mean and std.dev: (370.45, 177.07)
[bwa+samtools-sort] [M::mem_pestat] low and high boundaries for proper pairs: (1, 1181)
[bwa+samtools-sort] [M::mem_pestat] skip orientation RF as there are not enough pairs
[bwa+samtools-sort] [M::mem_pestat] analyzing insert size distribution for orientation RR...
[bwa+samtools-sort] [M::mem_pestat] (25, 50, 75) percentile: (622, 728, 917)
[bwa+samtools-sort] [M::mem_pestat] low and high boundaries for computing mean and std.dev: (32, 1507)
[bwa+samtools-sort] [M::mem_pestat] mean and std.dev: (741.00, 200.89)
[bwa+samtools-sort] [M::mem_pestat] low and high boundaries for proper pairs: (1, 1802)
[bwa+samtools-sort] [M::mem_pestat] skip orientation FF
[bwa+samtools-sort] [M::mem_pestat] skip orientation RR
[bwa+samtools-sort] [M::mem_process_seqs] Processed 418420 reads in 13.415 CPU sec, 2.180 real sec
[bwa+samtools-sort] [samclip] Processed 100000 records...
[bwa+samtools-sort] [samclip] Processed 200000 records...
[bwa+samtools-sort] [samclip] Processed 300000 records...
[bwa+samtools-sort] [samclip] Processed 400000 records...
[bwa+samtools-sort] [M::process] read 417748 sequences (60000000 bp)...
[bwa+samtools-sort] [M::mem_pestat] # candidate unique pairs for (FF, FR, RF, RR): (17, 205832, 0, 13)
[bwa+samtools-sort] [M::mem_pestat] analyzing insert size distribution for orientation FF...
[bwa+samtools-sort] [M::mem_pestat] (25, 50, 75) percentile: (617, 670, 894)
[bwa+samtools-sort] [M::mem_pestat] low and high boundaries for computing mean and std.dev: (63, 1448)
[bwa+samtools-sort] [M::mem_pestat] mean and std.dev: (676.19, 207.22)
[bwa+samtools-sort] [M::mem_pestat] low and high boundaries for proper pairs: (1, 1725)
[bwa+samtools-sort] [M::mem_pestat] analyzing insert size distribution for orientation FR...
[bwa+samtools-sort] [M::mem_pestat] (25, 50, 75) percentile: (254, 381, 488)
[bwa+samtools-sort] [M::mem_pestat] low and high boundaries for computing mean and std.dev: (1, 956)
[bwa+samtools-sort] [M::mem_pestat] mean and std.dev: (376.10, 178.89)
[bwa+samtools-sort] [M::mem_pestat] low and high boundaries for proper pairs: (1, 1190)
[bwa+samtools-sort] [M::mem_pestat] skip orientation RF as there are not enough pairs
[bwa+samtools-sort] [M::mem_pestat] analyzing insert size distribution for orientation RR...
[bwa+samtools-sort] [M::mem_pestat] (25, 50, 75) percentile: (627, 676, 870)
[bwa+samtools-sort] [M::mem_pestat] low and high boundaries for computing mean and std.dev: (141, 1356)
[bwa+samtools-sort] [M::mem_pestat] mean and std.dev: (724.85, 168.21)
[bwa+samtools-sort] [M::mem_pestat] low and high boundaries for proper pairs: (1, 1599)
[bwa+samtools-sort] [M::mem_pestat] skip orientation FF
[bwa+samtools-sort] [M::mem_pestat] skip orientation RR
[bwa+samtools-sort] [M::mem_process_seqs] Processed 417696 reads in 16.208 CPU sec, 2.604 real sec
[bwa+samtools-sort] [samclip] Processed 500000 records...
[bwa+samtools-sort] [samclip] Processed 600000 records...
[bwa+samtools-sort] [samclip] Processed 700000 records...
[bwa+samtools-sort] [samclip] Processed 800000 records...
[bwa+samtools-sort] [M::process] read 417672 sequences (60000032 bp)...
[bwa+samtools-sort] [M::mem_pestat] # candidate unique pairs for (FF, FR, RF, RR): (15, 205782, 0, 24)
[bwa+samtools-sort] [M::mem_pestat] analyzing insert size distribution for orientation FF...
[bwa+samtools-sort] [M::mem_pestat] (25, 50, 75) percentile: (763, 851, 1249)
[bwa+samtools-sort] [M::mem_pestat] low and high boundaries for computing mean and std.dev: (1, 2221)
[bwa+samtools-sort] [M::mem_pestat] mean and std.dev: (769.58, 243.52)
[bwa+samtools-sort] [M::mem_pestat] low and high boundaries for proper pairs: (1, 2707)
[bwa+samtools-sort] [M::mem_pestat] analyzing insert size distribution for orientation FR...
[bwa+samtools-sort] [M::mem_pestat] (25, 50, 75) percentile: (256, 381, 490)
[bwa+samtools-sort] [M::mem_pestat] low and high boundaries for computing mean and std.dev: (1, 958)
[bwa+samtools-sort] [M::mem_pestat] mean and std.dev: (377.14, 179.52)
[bwa+samtools-sort] [M::mem_pestat] low and high boundaries for proper pairs: (1, 1192)
[bwa+samtools-sort] [M::mem_pestat] skip orientation RF as there are not enough pairs
[bwa+samtools-sort] [M::mem_pestat] analyzing insert size distribution for orientation RR...
[bwa+samtools-sort] [M::mem_pestat] (25, 50, 75) percentile: (649, 797, 1008)
[bwa+samtools-sort] [M::mem_pestat] low and high boundaries for computing mean and std.dev: (1, 1726)
[bwa+samtools-sort] [M::mem_pestat] mean and std.dev: (733.14, 224.62)
[bwa+samtools-sort] [M::mem_pestat] low and high boundaries for proper pairs: (1, 2085)
[bwa+samtools-sort] [M::mem_pestat] skip orientation FF
[bwa+samtools-sort] [M::mem_pestat] skip orientation RR
[bwa+samtools-sort] [M::mem_process_seqs] Processed 417748 reads in 18.670 CPU sec, 2.929 real sec
[bwa+samtools-sort] [samclip] Processed 900000 records...
[bwa+samtools-sort] [samclip] Processed 1000000 records...
[bwa+samtools-sort] [samclip] Processed 1100000 records...
[bwa+samtools-sort] [samclip] Processed 1200000 records...
[bwa+samtools-sort] [M::process] read 354256 sequences (50873770 bp)...
[bwa+samtools-sort] [M::mem_pestat] # candidate unique pairs for (FF, FR, RF, RR): (19, 205694, 0, 12)
[bwa+samtools-sort] [M::mem_pestat] analyzing insert size distribution for orientation FF...
[bwa+samtools-sort] [M::mem_pestat] (25, 50, 75) percentile: (598, 681, 892)
[bwa+samtools-sort] [M::mem_pestat] low and high boundaries for computing mean and std.dev: (10, 1480)
[bwa+samtools-sort] [M::mem_pestat] mean and std.dev: (713.28, 179.57)
[bwa+samtools-sort] [M::mem_pestat] low and high boundaries for proper pairs: (1, 1774)
[bwa+samtools-sort] [M::mem_pestat] analyzing insert size distribution for orientation FR...
[bwa+samtools-sort] [M::mem_pestat] (25, 50, 75) percentile: (256, 382, 490)
[bwa+samtools-sort] [M::mem_pestat] low and high boundaries for computing mean and std.dev: (1, 958)
[bwa+samtools-sort] [M::mem_pestat] mean and std.dev: (377.53, 179.73)
[bwa+samtools-sort] [M::mem_pestat] low and high boundaries for proper pairs: (1, 1192)
[bwa+samtools-sort] [M::mem_pestat] skip orientation RF as there are not enough pairs
[bwa+samtools-sort] [M::mem_pestat] analyzing insert size distribution for orientation RR...
[bwa+samtools-sort] [M::mem_pestat] (25, 50, 75) percentile: (523, 580, 644)
[bwa+samtools-sort] [M::mem_pestat] low and high boundaries for computing mean and std.dev: (281, 886)
[bwa+samtools-sort] [M::mem_pestat] mean and std.dev: (556.55, 105.17)
[bwa+samtools-sort] [M::mem_pestat] low and high boundaries for proper pairs: (136, 1007)
[bwa+samtools-sort] [M::mem_pestat] skip orientation FF
[bwa+samtools-sort] [M::mem_pestat] skip orientation RR
[bwa+samtools-sort] [M::mem_process_seqs] Processed 417672 reads in 16.094 CPU sec, 2.573 real sec
[bwa+samtools-sort] [samclip] Processed 1300000 records...
[bwa+samtools-sort] [samclip] Processed 1400000 records...
[bwa+samtools-sort] [samclip] Processed 1500000 records...
[bwa+samtools-sort] [samclip] Processed 1600000 records...
[bwa+samtools-sort] [M::mem_pestat] # candidate unique pairs for (FF, FR, RF, RR): (13, 174554, 0, 4)
[bwa+samtools-sort] [M::mem_pestat] analyzing insert size distribution for orientation FF...
[bwa+samtools-sort] [M::mem_pestat] (25, 50, 75) percentile: (584, 662, 864)
[bwa+samtools-sort] [M::mem_pestat] low and high boundaries for computing mean and std.dev: (24, 1424)
[bwa+samtools-sort] [M::mem_pestat] mean and std.dev: (688.77, 222.24)
[bwa+samtools-sort] [M::mem_pestat] low and high boundaries for proper pairs: (1, 1704)
[bwa+samtools-sort] [M::mem_pestat] analyzing insert size distribution for orientation FR...
[bwa+samtools-sort] [M::mem_pestat] (25, 50, 75) percentile: (255, 380, 488)
[bwa+samtools-sort] [M::mem_pestat] low and high boundaries for computing mean and std.dev: (1, 954)
[bwa+samtools-sort] [M::mem_pestat] mean and std.dev: (375.62, 178.53)
[bwa+samtools-sort] [M::mem_pestat] low and high boundaries for proper pairs: (1, 1187)
[bwa+samtools-sort] [M::mem_pestat] skip orientation RF as there are not enough pairs
[bwa+samtools-sort] [M::mem_pestat] skip orientation RR as there are not enough pairs
[bwa+samtools-sort] [M::mem_pestat] skip orientation FF
[bwa+samtools-sort] [M::mem_process_seqs] Processed 354256 reads in 12.379 CPU sec, 2.036 real sec
[bwa+samtools-sort] [samclip] Processed 1700000 records...
[bwa+samtools-sort] [samclip] Processed 1800000 records...
[bwa+samtools-sort] [samclip] Processed 1900000 records...
[bwa+samtools-sort] [samclip] Processed 2000000 records...
[bwa+samtools-sort] [main] Version: 0.7.17-r1188
[bwa+samtools-sort] [main] CMD: bwa mem -v 3 -x intractg -t 6 skesa.fasta R1.fq.gz R2.fq.gz
[bwa+samtools-sort] [main] Real time: 14.775 sec; CPU: 77.833 sec
[bwa+samtools-sort] [samclip] Total SAM records 2028369, removed 13671, allowed 33562, passed 2014698
[bwa+samtools-sort] [samclip] Header contained 24 lines
[bwa+samtools-sort] [samclip] Done.
[shovill] Running: samtools index shovill.bam 2>&1 | sed 's/^/[samtools-index] /' | tee -a shovill.log
[shovill] Correcting errors in skesa.fasta
[shovill] Running: pilon --genome skesa.fasta --frags shovill.bam --minmq 60 --minqual 3 --fix bases --output pilon --threads 6 --changes --mindepth 0.25 2>&1 | sed 's/^/[pilon] /' | tee -a shovill.log
[pilon] Pilon version 1.22 Wed Mar 15 16:38:30 2017 -0400
[pilon] Genome: skesa.fasta
[pilon] Fixing snps, indels
[pilon] Input genome size: 1714472
[pilon] Processing Contig_15_328.018:1-1548
[pilon] Processing Contig_12_130.593:1-143328
[pilon] Processing Contig_9_129.705:1-123703
[pilon] Processing Contig_8_189.809:1-1420
[pilon] Processing Contig_5_130.649:1-132619
[pilon] Processing Contig_1_134.757:1-170591
[pilon] Contig_8_189.809:1-1420 log:
[pilon] frags shovill.bam: coverage 148
[pilon] Total Reads: 2466, Coverage: 148, minDepth: 37
[pilon] Confirmed 1409 of 1420 bases (99.23%)
[pilon] Corrected 0 snps; 0 ambiguous bases; corrected 0 small insertions totaling 0 bases, 0 small deletions totaling 0 bases
[pilon] Contig_15_328.018:1-1548 log:
[pilon] frags shovill.bam: coverage 270
[pilon] Total Reads: 4572, Coverage: 270, minDepth: 68
[pilon] Confirmed 1507 of 1548 bases (97.35%)
[pilon] Corrected 0 snps; 0 ambiguous bases; corrected 0 small insertions totaling 0 bases, 0 small deletions totaling 0 bases
[pilon] Finished processing Contig_8_189.809:1-1420
[pilon] Finished processing Contig_15_328.018:1-1548
[pilon] Processing Contig_2_133.433:1-49791
[pilon] Contig_2_133.433:1-49791 log:
[pilon] frags shovill.bam: coverage 143
[pilon] Total Reads: 58299, Coverage: 143, minDepth: 36
[pilon] Confirmed 49791 of 49791 bases (100.00%)
[pilon] Corrected 0 snps; 0 ambiguous bases; corrected 0 small insertions totaling 0 bases, 0 small deletions totaling 0 bases
[pilon] Finished processing Contig_2_133.433:1-49791
[pilon] Processing Contig_3_134.315:1-71412
[pilon] Contig_9_129.705:1-123703 log:
[pilon] frags shovill.bam: coverage 138
[pilon] Total Reads: 139602, Coverage: 138, minDepth: 35
[pilon] Confirmed 123565 of 123703 bases (99.89%)
[pilon] Corrected 0 snps; 0 ambiguous bases; corrected 0 small insertions totaling 0 bases, 0 small deletions totaling 0 bases
[pilon] Finished processing Contig_9_129.705:1-123703
[pilon] Processing Contig_6_290.082:1-801
[pilon] Processing Contig_22_129.248:1-81202
[pilon] Contig_3_134.315:1-71412 log:
[pilon] frags shovill.bam: coverage 143
[pilon] Total Reads: 83675, Coverage: 143, minDepth: 36
[pilon] Confirmed 71357 of 71412 bases (99.92%)
[pilon] Corrected 0 snps; 0 ambiguous bases; corrected 0 small insertions totaling 0 bases, 0 small deletions totaling 0 bases
[pilon] Finished processing Contig_3_134.315:1-71412
[pilon] Processing Contig_17_223.936:1-13517
[pilon] Contig_6_290.082:1-801 log:
[pilon] frags shovill.bam: coverage 186
[pilon] Total Reads: 2009, Coverage: 186, minDepth: 47
[pilon] Confirmed 801 of 801 bases (100.00%)
[pilon] Corrected 0 snps; 0 ambiguous bases; corrected 0 small insertions totaling 0 bases, 0 small deletions totaling 0 bases
[pilon] Finished processing Contig_6_290.082:1-801
[pilon] Processing Contig_13_128.921:1-249935
[pilon] Contig_1_134.757:1-170591 log:
[pilon] frags shovill.bam: coverage 144
[pilon] Total Reads: 201024, Coverage: 144, minDepth: 36
[pilon] Confirmed 170591 of 170591 bases (100.00%)
[pilon] Corrected 0 snps; 0 ambiguous bases; corrected 0 small insertions totaling 0 bases, 0 small deletions totaling 0 bases
[pilon] Finished processing Contig_1_134.757:1-170591
[pilon] Processing Contig_19_131.297:1-37465
[pilon] Contig_5_130.649:1-132619 log:
[pilon] frags shovill.bam: coverage 140
[pilon] Total Reads: 151645, Coverage: 140, minDepth: 35
[pilon] Confirmed 132603 of 132619 bases (99.99%)
[pilon] Corrected 0 snps; 0 ambiguous bases; corrected 0 small insertions totaling 0 bases, 0 small deletions totaling 0 bases
[pilon] Finished processing Contig_5_130.649:1-132619
[pilon] Processing Contig_10_133.336:1-85562
[pilon] Contig_12_130.593:1-143328 log:
[pilon] frags shovill.bam: coverage 140
[pilon] Total Reads: 163483, Coverage: 140, minDepth: 35
[pilon] Confirmed 143270 of 143328 bases (99.96%)
[pilon] Corrected 0 snps; 0 ambiguous bases; corrected 0 small insertions totaling 0 bases, 0 small deletions totaling 0 bases
[pilon] Finished processing Contig_12_130.593:1-143328
[pilon] Processing Contig_11_128.424:1-269239
[pilon] Contig_17_223.936:1-13517 log:
[pilon] frags shovill.bam: coverage 233
[pilon] Total Reads: 26356, Coverage: 233, minDepth: 58
[pilon] Confirmed 13517 of 13517 bases (100.00%)
[pilon] Corrected 0 snps; 0 ambiguous bases; corrected 0 small insertions totaling 0 bases, 0 small deletions totaling 0 bases
[pilon] Finished processing Contig_17_223.936:1-13517
[pilon] Processing Contig_14_906.385:1-723
[pilon] Contig_14_906.385:1-723 log:
[pilon] frags shovill.bam: coverage 682
[pilon] Total Reads: 6433, Coverage: 682, minDepth: 171
[pilon] Confirmed 723 of 723 bases (100.00%)
[pilon] Corrected 0 snps; 0 ambiguous bases; corrected 0 small insertions totaling 0 bases, 0 small deletions totaling 0 bases
[pilon] Finished processing Contig_14_906.385:1-723
[pilon] Processing Contig_7_136.95:1-89907
[pilon] Contig_19_131.297:1-37465 log:
[pilon] frags shovill.bam: coverage 139
[pilon] Total Reads: 42766, Coverage: 139, minDepth: 35
[pilon] Confirmed 37465 of 37465 bases (100.00%)
[pilon] Corrected 0 snps; 0 ambiguous bases; corrected 0 small insertions totaling 0 bases, 0 small deletions totaling 0 bases
[pilon] Finished processing Contig_19_131.297:1-37465
[pilon] Contig_22_129.248:1-81202 log:
[pilon] frags shovill.bam: coverage 136
[pilon] Total Reads: 90495, Coverage: 136, minDepth: 34
[pilon] Confirmed 80974 of 81202 bases (99.72%)
[pilon] Corrected 0 snps; 0 ambiguous bases; corrected 0 small insertions totaling 0 bases, 0 small deletions totaling 0 bases
[pilon] Finished processing Contig_22_129.248:1-81202
[pilon] Processing Contig_23_131.825:1-106957
[pilon] Contig_10_133.336:1-85562 log:
[pilon] frags shovill.bam: coverage 142
[pilon] Total Reads: 99781, Coverage: 142, minDepth: 36
[pilon] Confirmed 85561 of 85562 bases (100.00%)
[pilon] Corrected 0 snps; 0 ambiguous bases; corrected 0 small insertions totaling 0 bases, 0 small deletions totaling 0 bases
[pilon] Finished processing Contig_10_133.336:1-85562
[pilon] Processing Contig_4_843.657:1-4369
[pilon] Contig_7_136.95:1-89907 log:
[pilon] frags shovill.bam: coverage 147
[pilon] Total Reads: 107546, Coverage: 147, minDepth: 37
[pilon] Confirmed 89907 of 89907 bases (100.00%)
[pilon] Corrected 0 snps; 0 ambiguous bases; corrected 0 small insertions totaling 0 bases, 0 small deletions totaling 0 bases
[pilon] Finished processing Contig_7_136.95:1-89907
[pilon] Processing Contig_20_345.298:1-991
[pilon] Contig_4_843.657:1-4369 log:
[pilon] frags shovill.bam: coverage 868
[pilon] Total Reads: 33376, Coverage: 868, minDepth: 217
[pilon] Confirmed 4369 of 4369 bases (100.00%)
[pilon] Corrected 0 snps; 0 ambiguous bases; corrected 0 small insertions totaling 0 bases, 0 small deletions totaling 0 bases
[pilon] Finished processing Contig_4_843.657:1-4369
[pilon] Contig_20_345.298:1-991 log:
[pilon] frags shovill.bam: coverage 248
[pilon] Total Reads: 3251, Coverage: 248, minDepth: 62
[pilon] Confirmed 991 of 991 bases (100.00%)
[pilon] Corrected 0 snps; 0 ambiguous bases; corrected 0 small insertions totaling 0 bases, 0 small deletions totaling 0 bases
[pilon] Finished processing Contig_20_345.298:1-991
[pilon] Processing Contig_21_141.72:1-8864
[pilon] Contig_23_131.825:1-106957 log:
[pilon] frags shovill.bam: coverage 142
[pilon] Total Reads: 123596, Coverage: 142, minDepth: 36
[pilon] Confirmed 106957 of 106957 bases (100.00%)
[pilon] Corrected 0 snps; 0 ambiguous bases; corrected 0 small insertions totaling 0 bases, 0 small deletions totaling 0 bases
[pilon] Finished processing Contig_23_131.825:1-106957
[pilon] Contig_21_141.72:1-8864 log:
[pilon] frags shovill.bam: coverage 132
[pilon] Total Reads: 10676, Coverage: 132, minDepth: 33
[pilon] Confirmed 8810 of 8864 bases (99.39%)
[pilon] Corrected 0 snps; 0 ambiguous bases; corrected 0 small insertions totaling 0 bases, 0 small deletions totaling 0 bases
[pilon] Finished processing Contig_21_141.72:1-8864
[pilon] Contig_13_128.921:1-249935 log:
[pilon] frags shovill.bam: coverage 138
[pilon] Total Reads: 280178, Coverage: 138, minDepth: 35
[pilon] Confirmed 249921 of 249935 bases (99.99%)
[pilon] Corrected 0 snps; 0 ambiguous bases; corrected 0 small insertions totaling 0 bases, 0 small deletions totaling 0 bases
[pilon] Finished processing Contig_13_128.921:1-249935
[pilon] Processing Contig_16_138.388:1-31361
[pilon] Contig_11_128.424:1-269239 log:
[pilon] frags shovill.bam: coverage 137
[pilon] Total Reads: 300764, Coverage: 137, minDepth: 34
[pilon] Confirmed 269015 of 269239 bases (99.92%)
[pilon] Corrected 0 snps; 0 ambiguous bases; corrected 0 small insertions totaling 0 bases, 0 small deletions totaling 0 bases
[pilon] Finished processing Contig_11_128.424:1-269239
[pilon] Processing Contig_18_131.374:1-39167
[pilon] Contig_16_138.388:1-31361 log:
[pilon] frags shovill.bam: coverage 147
[pilon] Total Reads: 37937, Coverage: 147, minDepth: 37
[pilon] Confirmed 31361 of 31361 bases (100.00%)
[pilon] Corrected 0 snps; 0 ambiguous bases; corrected 0 small insertions totaling 0 bases, 0 small deletions totaling 0 bases
[pilon] Finished processing Contig_16_138.388:1-31361
[pilon] Contig_18_131.374:1-39167 log:
[pilon] frags shovill.bam: coverage 137
[pilon] Total Reads: 43964, Coverage: 137, minDepth: 34
[pilon] Confirmed 39065 of 39167 bases (99.74%)
[pilon] Corrected 0 snps; 0 ambiguous bases; corrected 0 small insertions totaling 0 bases, 0 small deletions totaling 0 bases
[pilon] Finished processing Contig_18_131.374:1-39167
[pilon] Writing Contig_1_134.757:1-170591 changes to pilon.changes
[pilon] Writing updated Contig_1_134.757_pilon to pilon.fasta
[pilon] Writing Contig_2_133.433:1-49791 changes to pilon.changes
[pilon] Writing updated Contig_2_133.433_pilon to pilon.fasta
[pilon] Writing Contig_3_134.315:1-71412 changes to pilon.changes
[pilon] Writing updated Contig_3_134.315_pilon to pilon.fasta
[pilon] Writing Contig_4_843.657:1-4369 changes to pilon.changes
[pilon] Writing updated Contig_4_843.657_pilon to pilon.fasta
[pilon] Writing Contig_5_130.649:1-132619 changes to pilon.changes
[pilon] Writing updated Contig_5_130.649_pilon to pilon.fasta
[pilon] Writing Contig_6_290.082:1-801 changes to pilon.changes
[pilon] Writing updated Contig_6_290.082_pilon to pilon.fasta
[pilon] Writing Contig_7_136.95:1-89907 changes to pilon.changes
[pilon] Writing updated Contig_7_136.95_pilon to pilon.fasta
[pilon] Writing Contig_8_189.809:1-1420 changes to pilon.changes
[pilon] Writing updated Contig_8_189.809_pilon to pilon.fasta
[pilon] Writing Contig_9_129.705:1-123703 changes to pilon.changes
[pilon] Writing updated Contig_9_129.705_pilon to pilon.fasta
[pilon] Writing Contig_10_133.336:1-85562 changes to pilon.changes
[pilon] Writing updated Contig_10_133.336_pilon to pilon.fasta
[pilon] Writing Contig_11_128.424:1-269239 changes to pilon.changes
[pilon] Writing updated Contig_11_128.424_pilon to pilon.fasta
[pilon] Writing Contig_12_130.593:1-143328 changes to pilon.changes
[pilon] Writing updated Contig_12_130.593_pilon to pilon.fasta
[pilon] Writing Contig_13_128.921:1-249935 changes to pilon.changes
[pilon] Writing updated Contig_13_128.921_pilon to pilon.fasta
[pilon] Writing Contig_14_906.385:1-723 changes to pilon.changes
[pilon] Writing updated Contig_14_906.385_pilon to pilon.fasta
[pilon] Writing Contig_15_328.018:1-1548 changes to pilon.changes
[pilon] Writing updated Contig_15_328.018_pilon to pilon.fasta
[pilon] Writing Contig_16_138.388:1-31361 changes to pilon.changes
[pilon] Writing updated Contig_16_138.388_pilon to pilon.fasta
[pilon] Writing Contig_17_223.936:1-13517 changes to pilon.changes
[pilon] Writing updated Contig_17_223.936_pilon to pilon.fasta
[pilon] Writing Contig_18_131.374:1-39167 changes to pilon.changes
[pilon] Writing updated Contig_18_131.374_pilon to pilon.fasta
[pilon] Writing Contig_19_131.297:1-37465 changes to pilon.changes
[pilon] Writing updated Contig_19_131.297_pilon to pilon.fasta
[pilon] Writing Contig_20_345.298:1-991 changes to pilon.changes
[pilon] Writing updated Contig_20_345.298_pilon to pilon.fasta
[pilon] Writing Contig_21_141.72:1-8864 changes to pilon.changes
[pilon] Writing updated Contig_21_141.72_pilon to pilon.fasta
[pilon] Writing Contig_22_129.248:1-81202 changes to pilon.changes
[pilon] Writing updated Contig_22_129.248_pilon to pilon.fasta
[pilon] Writing Contig_23_131.825:1-106957 changes to pilon.changes
[pilon] Writing updated Contig_23_131.825_pilon to pilon.fasta
[pilon] Mean frags coverage: 143
[pilon] Mean total coverage: 143
[shovill] Repaired 0 contigs from skesa.fasta at 0 positions.
[shovill] Assembly is 1714472, estimated genome size was 1800000 (-4.75%)
[shovill] Note: skesa does not produce a graph file
[shovill] Walltime used: 3 min 53 sec
[shovill] Results in: /Volumes/NGS_2/Bioinformatics/eriny/aphl_hackathon_2026/work/dc/3d5b9a42d3e026465426c00423cacc/SRR38198055_shovill_output
[shovill] Final assembly contigs: /Volumes/NGS_2/Bioinformatics/eriny/aphl_hackathon_2026/work/dc/3d5b9a42d3e026465426c00423cacc/SRR38198055_shovill_output/contigs.fa
[shovill] It contains 23 (min=500) contigs totalling 1714472 bp.
[shovill] The shovill manual is at https://github.com/tseemann/shovill/blob/master/README.md
[shovill] Done.
