[shovill] Hello stranger
[shovill] You ran: /shovill/shovill-1.1.0/bin/shovill --R1 2146856_S4_L001_R1_001.fastq.gz --R2 2146856_S4_L001_R2_001.fastq.gz --minlen 500 --gsize 1800000 --mincov 10.0 --assembler skesa --cpus 6 --ram 36 --outdir ./SRR38121702_shovill_output --force
[shovill] This is shovill 1.1.0
[shovill] Written by Torsten Seemann
[shovill] Homepage is https://github.com/tseemann/shovill
[shovill] Operating system is linux
[shovill] Perl version is v5.22.1
[shovill] Machine has 112 CPU cores and 503.32 GB RAM
[shovill] Using bwa - /bwa/bwa-0.7.17/bwa | Version: 0.7.17-r1188
[shovill] Using flash - /flash/FLASH-1.2.11/flash | FLASH v1.2.11
[shovill] Using java - /usr/bin/java | openjdk version "9-internal"
[shovill] Using kmc - /kmc/kmc | K-Mer Counter (KMC) ver. 3.1.1 (2019-05-19)
[shovill] Using lighter - /Lighter-1.1.1/lighter | Lighter v1.1.1
[shovill] Using megahit - /megahit/megahit_v1.1.4_LINUX_CPUONLY_x86_64-bin/megahit | MEGAHIT v1.1.3
[shovill] Using megahit_toolkit - /megahit/megahit_v1.1.4_LINUX_CPUONLY_x86_64-bin/megahit_toolkit | v1.1.3
[shovill] Using pigz - /usr/bin/pigz | pigz 2.3.1
[shovill] Using pilon - /pilon/pilon | Pilon version 1.22 Wed Mar 15 16:38:30 2017 -0400
[shovill] Using samclip - /samclip/samclip | samclip 0.4.0
[shovill] Using samtools - /usr/local/bin/samtools | Version: 1.10 (using htslib 1.10)
[shovill] Using seqtk - /usr/local/bin/seqtk | Version: 1.3-r106
[shovill] Using skesa - /skesa/skesa | SKESA v.2.3.0
[shovill] Using spades.py - /SPAdes-3.14.1-Linux/bin/spades.py | SPAdes genome assembler v3.14.1
[shovill] Using trimmomatic - /trimmomatic/trimmomatic | 0.38
[shovill] Using velvetg - /velvet/velvet-1.2.10/velvetg | Version 1.2.10
[shovill] Using velveth - /velvet/velvet-1.2.10/velveth | Version 1.2.10
[shovill] Found spades version: 003014000
[shovill] Using tempdir: /tmp/iOKT50_xlj
[shovill] Changing into folder: /Volumes/NGS_2/Bioinformatics/eriny/aphl_hackathon_2026/work/9c/d9f427d4d673d87d580b221fa464bf/SRR38121702_shovill_output
[shovill] Collecting raw read statistics with 'seqtk'
[shovill] Running: seqtk fqchk -q3 \/Volumes\/NGS_2\/pulsenet_and_arln\/UT\-SH00281\-260409\/reads\/2146856_S4_L001_R1_001\.fastq\.gz >/tmp/KOxE8J_AEl 2>&1 | sed 's/^/[seqtk] /' | tee -a shovill.log
[shovill] Read stats: avg_len = 143
[shovill] Read stats: total_bp = 297916618
[shovill] Read stats: max_len = 151
[shovill] Read stats: min_len = 35
[shovill] Using genome size 1800000 bp
[shovill] Estimated sequencing depth: 165 x
[shovill] No read depth reduction requested or necessary.
[shovill] Appending -Xmx36g to _JAVA_OPTIONS
[shovill] Running: ln -sf \/Volumes\/NGS_2\/pulsenet_and_arln\/UT\-SH00281\-260409\/reads\/2146856_S4_L001_R1_001\.fastq\.gz R1.fq.gz 2>&1 | sed 's/^/[ln] /' | tee -a shovill.log
[shovill] Running: ln -sf \/Volumes\/NGS_2\/pulsenet_and_arln\/UT\-SH00281\-260409\/reads\/2146856_S4_L001_R2_001\.fastq\.gz R2.fq.gz 2>&1 | sed 's/^/[ln] /' | tee -a shovill.log
[shovill] Average read length looks like 143 bp
[shovill] Setting k-mer range to (31 .. 107)
[shovill] Estimated K-mers: 31 51 71 91 [kn=5, ks=20, kmin=31, kmax=107]
[shovill] Using kmers: 31,51,71,91
[shovill] Correcting reads with 'Lighter'
[shovill] Running: lighter -od . -r R1.fq.gz -r R2.fq.gz -K 32 1800000 -t 6 -maxcor 1 2>&1 | sed 's/^/[lighter] /' | tee -a shovill.log
[lighter] [2026-05-01 18:26:27] =============Start====================
[lighter] [2026-05-01 18:26:27] Scanning the input files to infer alpha(sampling rate)
[lighter] [2026-05-01 18:26:30] Average coverage is 165.516 and alpha is 0.042
[lighter] [2026-05-01 18:26:32] Bad quality threshold is "7"
[lighter] [2026-05-01 18:26:36] Finish sampling kmers
[lighter] [2026-05-01 18:26:36] Bloom filter A's false positive rate: 0.003257
[lighter] [2026-05-01 18:26:47] Finish storing trusted kmers
[lighter] [2026-05-01 18:26:56] Finish error correction
[lighter] Processed 2087646 reads:
[lighter] 	1955857 are error-free
[lighter] 	Corrected 156306 bases(1.186032 corrections for reads with errors)
[lighter] 	Trimmed 0 reads with average trimmed bases 0.000000
[lighter] 	Discard 0 reads
[shovill] Overlapping/stitching PE reads with 'FLASH'
[shovill] Running: flash -m 20 -M 151 -d . -o flash -z -t 6 R1.cor.fq.gz R2.cor.fq.gz 2>&1 | sed 's/^//' | tee -a shovill.log
[FLASH] Starting FLASH v1.2.11
[FLASH] Fast Length Adjustment of SHort reads
[FLASH]  
[FLASH] Input files:
[FLASH]     R1.cor.fq.gz
[FLASH]     R2.cor.fq.gz
[FLASH]  
[FLASH] Output files:
[FLASH]     ./flash.extendedFrags.fastq.gz
[FLASH]     ./flash.notCombined_1.fastq.gz
[FLASH]     ./flash.notCombined_2.fastq.gz
[FLASH]     ./flash.hist
[FLASH]     ./flash.histogram
[FLASH]  
[FLASH] Parameters:
[FLASH]     Min overlap:           20
[FLASH]     Max overlap:           151
[FLASH]     Max mismatch density:  0.250000
[FLASH]     Allow "outie" pairs:   false
[FLASH]     Cap mismatch quals:    false
[FLASH]     Combiner threads:      6
[FLASH]     Input format:          FASTQ, phred_offset=33
[FLASH]     Output format:         FASTQ, phred_offset=33, gzip
[FLASH]  
[FLASH] Starting reader and writer threads
[FLASH] Starting 6 combiner threads
[FLASH] Processed 25000 read pairs
[FLASH] Processed 50000 read pairs
[FLASH] Processed 75000 read pairs
[FLASH] Processed 100000 read pairs
[FLASH] Processed 125000 read pairs
[FLASH] Processed 150000 read pairs
[FLASH] Processed 175000 read pairs
[FLASH] Processed 200000 read pairs
[FLASH] Processed 225000 read pairs
[FLASH] Processed 250000 read pairs
[FLASH] Processed 275000 read pairs
[FLASH] Processed 300000 read pairs
[FLASH] Processed 325000 read pairs
[FLASH] Processed 350000 read pairs
[FLASH] Processed 375000 read pairs
[FLASH] Processed 400000 read pairs
[FLASH] Processed 425000 read pairs
[FLASH] Processed 450000 read pairs
[FLASH] Processed 475000 read pairs
[FLASH] Processed 500000 read pairs
[FLASH] Processed 525000 read pairs
[FLASH] Processed 550000 read pairs
[FLASH] Processed 575000 read pairs
[FLASH] Processed 600000 read pairs
[FLASH] Processed 625000 read pairs
[FLASH] Processed 650000 read pairs
[FLASH] Processed 675000 read pairs
[FLASH] Processed 700000 read pairs
[FLASH] Processed 725000 read pairs
[FLASH] Processed 750000 read pairs
[FLASH] Processed 775000 read pairs
[FLASH] Processed 800000 read pairs
[FLASH] Processed 825000 read pairs
[FLASH] Processed 850000 read pairs
[FLASH] Processed 875000 read pairs
[FLASH] Processed 900000 read pairs
[FLASH] Processed 925000 read pairs
[FLASH] Processed 950000 read pairs
[FLASH] Processed 975000 read pairs
[FLASH] Processed 1000000 read pairs
[FLASH] Processed 1025000 read pairs
[FLASH] Processed 1043823 read pairs
[FLASH]  
[FLASH] Read combination statistics:
[FLASH]     Total pairs:      1043823
[FLASH]     Combined pairs:   353506
[FLASH]     Uncombined pairs: 690317
[FLASH]     Percent combined: 33.87%
[FLASH]  
[FLASH] Writing histogram files.
[FLASH]  
[FLASH] FLASH v1.2.11 complete!
[FLASH] 17.642 seconds elapsed
[shovill] Assembling reads with 'skesa'
[shovill] Running: skesa --gz  --fastq flash.extendedFrags.fastq.gz --fastq flash.notCombined_1.fastq.gz,flash.notCombined_2.fastq.gz --use_paired_ends --contigs_out skesa.fasta --min_contig 1 --memory 36 --cores 6 --vector_percent 1 2>&1 | sed 's/^/[skesa] /' | tee -a shovill.log
[skesa] skesa --gz --fastq flash.extendedFrags.fastq.gz --fastq flash.notCombined_1.fastq.gz,flash.notCombined_2.fastq.gz --use_paired_ends --contigs_out skesa.fasta --min_contig 1 --memory 36 --cores 6 --vector_percent 1 
[skesa] 
[skesa] WARNING: option --gz is deprecated - gzipped files are now recognized automatically
[skesa] Total mates: 1734140 Paired reads: 690317
[skesa] Reads acquired in  12.208438s wall, 11.570000s user + 0.090000s system = 11.660000s CPU (95.5%)
[skesa] Adapters clip is disabled
[skesa] 
[skesa] Kmer len: 21
[skesa] Raw kmers: 233002229 Memory needed (GB): 4.47364 Memory available (GB): 33.8689 1 cycle(s) will be performed
[skesa] Distinct kmers: 1867835
[skesa] Kmer count in  7.663288s wall, 39.710000s user + 3.360000s system = 43.070000s CPU (562.0%)
[skesa] Uniq kmers merging in  0.076491s wall, 0.070000s user + 0.080000s system = 0.150000s CPU (196.1%)
[skesa] WARNING: --min_count changed from 2 to 3 because of high coverage for genome size 1576790
[skesa] WARNING: --max_kmer_count 10 to 17 because of high coverage for genome size 1576790
[skesa] Kmers branching in  0.625500s wall, 3.010000s user + 0.000000s system = 3.010000s CPU (481.2%)
[skesa] 
[skesa] Average read length: 154
[skesa] Genome size estimate: 1576790
[skesa] 
[skesa] Kmer: 21 Graph size: 1858658 Contigs in: 0
[skesa] Valley: 26
[skesa] 
[skesa] Mark used kmers in  0.000001s wall, 0.000000s user + 0.000000s system = 0.000000s CPU (n/a%)
[skesa] Kmers in multiple/single contigs: 0 0
[skesa] Fragments before: 439 1846698
[skesa] Fragments after: 416 1846698
[skesa] New seeds: 325
[skesa] New seeds in  0.637908s wall, 3.590000s user + 0.000000s system = 3.590000s CPU (562.8%)
[skesa] Fragments before: 650 13650
[skesa] Fragments after: 650 13650
[skesa] Connectors: 0 Extenders: 650
[skesa] Connections and extensions in  0.104809s wall, 0.540000s user + 0.000000s system = 0.540000s CPU (515.2%)
[skesa] Contigs out: 325 Genome: 1834108 N50: 19429 L50: 31
[skesa] Assembled in  0.753572s wall, 4.140000s user + 0.000000s system = 4.140000s CPU (549.4%)
[skesa] 
[skesa] 
[skesa] Kmer len: 135
[skesa] Raw kmers: 41879038 Memory needed (GB): 2.41223 Memory available (GB): 33.8372 1 cycle(s) will be performed
[skesa] Distinct kmers: 1862893
[skesa] Kmer count in  3.679021s wall, 12.680000s user + 1.000000s system = 13.680000s CPU (371.8%)
[skesa] Uniq kmers merging in  0.222033s wall, 0.150000s user + 0.220000s system = 0.370000s CPU (166.6%)
[skesa] 
[skesa] Average count: 117.925 Max kmer: 135
[skesa] Connected: 9468 ambiguously connected: 311 from 10000 mate pairs
[skesa] Connect pairs in  6.859020s wall, 40.630000s user + 0.020000s system = 40.650000s CPU (592.7%)
[skesa] 
[skesa] N50 for inserts: 439
[skesa] 
[skesa] Seed kmers: 0
[skesa] Cleaned reads: 199535
[skesa] Reads for connection: 106296
[skesa] Internal reads: 10958
[skesa] Reads cleaned in  0.850719s wall, 4.100000s user + 0.080000s system = 4.180000s CPU (491.3%)
[skesa] 
[skesa] Kmer len: 31
[skesa] Raw kmers: 24938032 Memory needed (GB): 0.47881 Memory available (GB): 33.9541 1 cycle(s) will be performed
[skesa] Distinct kmers: 335283
[skesa] Kmer count in  0.701178s wall, 3.870000s user + 0.120000s system = 3.990000s CPU (569.0%)
[skesa] Uniq kmers merging in  0.023656s wall, 0.030000s user + 0.020000s system = 0.050000s CPU (211.4%)
[skesa] Kmers branching in  0.082374s wall, 0.400000s user + 0.000000s system = 0.400000s CPU (485.6%)
[skesa] Kmer: 31 Graph size: 335283 Contigs in: 325
[skesa] Valley: 71
[skesa] 
[skesa] Mark used kmers in  0.090413s wall, 0.500000s user + 0.000000s system = 0.500000s CPU (553.0%)
[skesa] Kmers in multiple/single contigs: 0 302374
[skesa] Fragments before: 502 26500
[skesa] Fragments after: 486 26500
[skesa] New seeds: 15
[skesa] New seeds in  0.078424s wall, 0.400000s user + 0.000000s system = 0.400000s CPU (510.0%)
[skesa] Fragments before: 680 21875
[skesa] Fragments after: 464 21875
[skesa] Connectors: 216 Extenders: 248
[skesa] Connections and extensions in  0.141394s wall, 0.630000s user + 0.020000s system = 0.650000s CPU (459.7%)
[skesa] Contigs out: 124 Genome: 1844561 N50: 51120 L50: 8
[skesa] Assembled in  0.315299s wall, 1.530000s user + 0.020000s system = 1.550000s CPU (491.6%)
[skesa] 
[skesa] Seed kmers: 0
[skesa] Cleaned reads: 88977
[skesa] Reads for connection: 49026
[skesa] Internal reads: 4444
[skesa] Reads cleaned in  0.415848s wall, 2.030000s user + 0.040000s system = 2.070000s CPU (497.8%)
[skesa] 
[skesa] Kmer len: 43
[skesa] Raw kmers: 10087627 Memory needed (GB): 0.290524 Memory available (GB): 33.9562 1 cycle(s) will be performed
[skesa] Distinct kmers: 132775
[skesa] Kmer count in  0.344023s wall, 1.890000s user + 0.040000s system = 1.930000s CPU (561.0%)
[skesa] Uniq kmers merging in  0.012343s wall, 0.020000s user + 0.000000s system = 0.020000s CPU (162.0%)
[skesa] Kmers branching in  0.034140s wall, 0.180000s user + 0.000000s system = 0.180000s CPU (527.2%)
[skesa] Kmer: 43 Graph size: 132775 Contigs in: 124
[skesa] Valley: 65
[skesa] 
[skesa] Mark used kmers in  0.090061s wall, 0.490000s user + 0.000000s system = 0.490000s CPU (544.1%)
[skesa] Kmers in multiple/single contigs: 0 113628
[skesa] Fragments before: 237 13306
[skesa] Fragments after: 229 13306
[skesa] New seeds: 6
[skesa] New seeds in  0.037792s wall, 0.190000s user + 0.000000s system = 0.190000s CPU (502.8%)
[skesa] Fragments before: 260 10822
[skesa] Fragments after: 220 10822
[skesa] Connectors: 40 Extenders: 180
[skesa] Connections and extensions in  0.181670s wall, 0.640000s user + 0.000000s system = 0.640000s CPU (352.3%)
[skesa] Contigs out: 90 Genome: 1847956 N50: 80563 L50: 7
[skesa] Assembled in  0.312882s wall, 1.320000s user + 0.000000s system = 1.320000s CPU (421.9%)
[skesa] 
[skesa] Seed kmers: 0
[skesa] Cleaned reads: 70024
[skesa] Reads for connection: 39262
[skesa] Internal reads: 3497
[skesa] Reads cleaned in  0.391297s wall, 1.810000s user + 0.040000s system = 1.850000s CPU (472.8%)
[skesa] 
[skesa] Kmer len: 55
[skesa] Raw kmers: 7150924 Memory needed (GB): 0.205947 Memory available (GB): 33.9542 1 cycle(s) will be performed
[skesa] Distinct kmers: 99736
[skesa] Kmer count in  0.256055s wall, 1.320000s user + 0.010000s system = 1.330000s CPU (519.4%)
[skesa] Uniq kmers merging in  0.007695s wall, 0.020000s user + 0.000000s system = 0.020000s CPU (259.9%)
[skesa] Kmers branching in  0.025570s wall, 0.120000s user + 0.000000s system = 0.120000s CPU (469.3%)
[skesa] Kmer: 55 Graph size: 99736 Contigs in: 90
[skesa] Valley: 55
[skesa] 
[skesa] Mark used kmers in  0.093272s wall, 0.470000s user + 0.000000s system = 0.470000s CPU (503.9%)
[skesa] Kmers in multiple/single contigs: 0 83437
[skesa] Fragments before: 169 10972
[skesa] Fragments after: 164 10972
[skesa] New seeds: 4
[skesa] New seeds in  0.030275s wall, 0.140000s user + 0.000000s system = 0.140000s CPU (462.4%)
[skesa] Fragments before: 188 9392
[skesa] Fragments after: 161 9392
[skesa] Connectors: 27 Extenders: 134
[skesa] Connections and extensions in  0.174609s wall, 0.690000s user + 0.000000s system = 0.690000s CPU (395.2%)
[skesa] Contigs out: 67 Genome: 1850773 N50: 91575 L50: 7
[skesa] Assembled in  0.300680s wall, 1.300000s user + 0.000000s system = 1.300000s CPU (432.4%)
[skesa] 
[skesa] Seed kmers: 0
[skesa] Cleaned reads: 54640
[skesa] Reads for connection: 31004
[skesa] Internal reads: 2785
[skesa] Reads cleaned in  0.367477s wall, 1.640000s user + 0.010000s system = 1.650000s CPU (449.0%)
[skesa] 
[skesa] Kmer len: 67
[skesa] Raw kmers: 4969235 Memory needed (GB): 0.190819 Memory available (GB): 33.9527 1 cycle(s) will be performed
[skesa] Distinct kmers: 76197
[skesa] Kmer count in  0.206415s wall, 1.110000s user + 0.010000s system = 1.120000s CPU (542.6%)
[skesa] Uniq kmers merging in  0.011292s wall, 0.000000s user + 0.000000s system = 0.000000s CPU (n/a%)
[skesa] Kmers branching in  0.020078s wall, 0.100000s user + 0.000000s system = 0.100000s CPU (498.1%)
[skesa] Kmer: 67 Graph size: 76197 Contigs in: 67
[skesa] Valley: 48
[skesa] 
[skesa] Mark used kmers in  0.094157s wall, 0.470000s user + 0.000000s system = 0.470000s CPU (499.2%)
[skesa] Kmers in multiple/single contigs: 0 62380
[skesa] Fragments before: 142 8767
[skesa] Fragments after: 135 8767
[skesa] New seeds: 0
[skesa] New seeds in  0.024137s wall, 0.110000s user + 0.000000s system = 0.110000s CPU (455.7%)
[skesa] Fragments before: 134 7630
[skesa] Fragments after: 126 7630
[skesa] Connectors: 8 Extenders: 118
[skesa] Connections and extensions in  0.150171s wall, 0.630000s user + 0.000000s system = 0.630000s CPU (419.5%)
[skesa] Contigs out: 59 Genome: 1851794 N50: 96951 L50: 6
[skesa] Assembled in  0.270234s wall, 1.220000s user + 0.000000s system = 1.220000s CPU (451.5%)
[skesa] 
[skesa] Seed kmers: 0
[skesa] Cleaned reads: 48929
[skesa] Reads for connection: 27838
[skesa] Internal reads: 2505
[skesa] Reads cleaned in  0.347729s wall, 1.550000s user + 0.040000s system = 1.590000s CPU (457.3%)
[skesa] 
[skesa] Kmer len: 77
[skesa] Raw kmers: 3996761 Memory needed (GB): 0.153476 Memory available (GB): 33.9506 1 cycle(s) will be performed
[skesa] Distinct kmers: 67843
[skesa] Kmer count in  0.177753s wall, 0.860000s user + 0.010000s system = 0.870000s CPU (489.4%)
[skesa] Uniq kmers merging in  0.004650s wall, 0.010000s user + 0.000000s system = 0.010000s CPU (215.0%)
[skesa] Kmers branching in  0.016783s wall, 0.080000s user + 0.000000s system = 0.080000s CPU (476.7%)
[skesa] Kmer: 77 Graph size: 67843 Contigs in: 59
[skesa] Valley: 37
[skesa] 
[skesa] Mark used kmers in  0.084629s wall, 0.460000s user + 0.000000s system = 0.460000s CPU (543.5%)
[skesa] Kmers in multiple/single contigs: 0 54404
[skesa] Fragments before: 122 8380
[skesa] Fragments after: 113 8380
[skesa] New seeds: 0
[skesa] New seeds in  0.023089s wall, 0.110000s user + 0.000000s system = 0.110000s CPU (476.4%)
[skesa] Fragments before: 112 7299
[skesa] Fragments after: 103 7299
[skesa] Connectors: 9 Extenders: 94
[skesa] Connections and extensions in  0.171159s wall, 0.640000s user + 0.000000s system = 0.640000s CPU (373.9%)
[skesa] Contigs out: 47 Genome: 1852916 N50: 102670 L50: 6
[skesa] Assembled in  0.280420s wall, 1.210000s user + 0.000000s system = 1.210000s CPU (431.5%)
[skesa] 
[skesa] Seed kmers: 0
[skesa] Cleaned reads: 42288
[skesa] Reads for connection: 24288
[skesa] Internal reads: 2169
[skesa] Reads cleaned in  0.332106s wall, 1.440000s user + 0.030000s system = 1.470000s CPU (442.6%)
[skesa] 
[skesa] Kmer len: 89
[skesa] Raw kmers: 2970325 Memory needed (GB): 0.11406 Memory available (GB): 33.9488 1 cycle(s) will be performed
[skesa] Distinct kmers: 55175
[skesa] Kmer count in  0.126832s wall, 0.630000s user + 0.000000s system = 0.630000s CPU (496.7%)
[skesa] Uniq kmers merging in  0.004690s wall, 0.010000s user + 0.000000s system = 0.010000s CPU (213.2%)
[skesa] Kmers branching in  0.015188s wall, 0.080000s user + 0.000000s system = 0.080000s CPU (526.7%)
[skesa] Kmer: 89 Graph size: 55175 Contigs in: 47
[skesa] Valley: 31
[skesa] 
[skesa] Mark used kmers in  0.088263s wall, 0.450000s user + 0.000000s system = 0.450000s CPU (509.8%)
[skesa] Kmers in multiple/single contigs: 0 42588
[skesa] Fragments before: 108 7816
[skesa] Fragments after: 97 7816
[skesa] New seeds: 0
[skesa] New seeds in  0.017702s wall, 0.080000s user + 0.000000s system = 0.080000s CPU (451.9%)
[skesa] Fragments before: 90 6240
[skesa] Fragments after: 89 6240
[skesa] Connectors: 1 Extenders: 88
[skesa] Connections and extensions in  0.149004s wall, 0.640000s user + 0.000000s system = 0.640000s CPU (429.5%)
[skesa] Contigs out: 44 Genome: 1853364 N50: 106340 L50: 6
[skesa] Assembled in  0.256233s wall, 1.170000s user + 0.000000s system = 1.170000s CPU (456.6%)
[skesa] 
[skesa] Seed kmers: 0
[skesa] Cleaned reads: 41046
[skesa] Reads for connection: 23570
[skesa] Internal reads: 2174
[skesa] Reads cleaned in  0.344458s wall, 1.370000s user + 0.030000s system = 1.400000s CPU (406.4%)
[skesa] 
[skesa] Kmer len: 101
[skesa] Raw kmers: 2410069 Memory needed (GB): 0.115683 Memory available (GB): 33.9471 1 cycle(s) will be performed
[skesa] Distinct kmers: 52302
[skesa] Kmer count in  0.129550s wall, 0.590000s user + 0.010000s system = 0.600000s CPU (463.1%)
[skesa] Uniq kmers merging in  0.005134s wall, 0.010000s user + 0.000000s system = 0.010000s CPU (194.8%)
[skesa] Kmers branching in  0.013826s wall, 0.070000s user + 0.000000s system = 0.070000s CPU (506.3%)
[skesa] Kmer: 101 Graph size: 52302 Contigs in: 44
[skesa] Valley: 24
[skesa] 
[skesa] Mark used kmers in  0.112809s wall, 0.520000s user + 0.000000s system = 0.520000s CPU (461.0%)
[skesa] Kmers in multiple/single contigs: 0 39354
[skesa] Fragments before: 100 7770
[skesa] Fragments after: 92 7770
[skesa] New seeds: 0
[skesa] New seeds in  0.019291s wall, 0.090000s user + 0.000000s system = 0.090000s CPU (466.5%)
[skesa] Fragments before: 88 6318
[skesa] Fragments after: 85 6318
[skesa] Connectors: 3 Extenders: 82
[skesa] Connections and extensions in  0.152499s wall, 0.670000s user + 0.010000s system = 0.680000s CPU (445.9%)
[skesa] Contigs out: 41 Genome: 1853684 N50: 115204 L50: 5
[skesa] Assembled in  0.285942s wall, 1.280000s user + 0.010000s system = 1.290000s CPU (451.1%)
[skesa] 
[skesa] Seed kmers: 0
[skesa] Cleaned reads: 38569
[skesa] Reads for connection: 22524
[skesa] Internal reads: 2033
[skesa] Reads cleaned in  0.361174s wall, 1.450000s user + 0.020000s system = 1.470000s CPU (407.0%)
[skesa] 
[skesa] Kmer len: 111
[skesa] Raw kmers: 1897281 Memory needed (GB): 0.0910695 Memory available (GB): 33.9451 1 cycle(s) will be performed
[skesa] Distinct kmers: 46609
[skesa] Kmer count in  0.104227s wall, 0.460000s user + 0.000000s system = 0.460000s CPU (441.3%)
[skesa] Uniq kmers merging in  0.005039s wall, 0.010000s user + 0.010000s system = 0.020000s CPU (396.9%)
[skesa] Kmers branching in  0.015254s wall, 0.080000s user + 0.000000s system = 0.080000s CPU (524.4%)
[skesa] Kmer: 111 Graph size: 46609 Contigs in: 41
[skesa] Valley: 18
[skesa] 
[skesa] Mark used kmers in  0.097949s wall, 0.490000s user + 0.000000s system = 0.490000s CPU (500.3%)
[skesa] Kmers in multiple/single contigs: 0 33582
[skesa] Fragments before: 94 7607
[skesa] Fragments after: 87 7607
[skesa] New seeds: 0
[skesa] New seeds in  0.019129s wall, 0.090000s user + 0.000000s system = 0.090000s CPU (470.5%)
[skesa] Fragments before: 80 5989
[skesa] Fragments after: 80 5989
[skesa] Connectors: 0 Extenders: 80
[skesa] Connections and extensions in  0.156093s wall, 0.650000s user + 0.000000s system = 0.650000s CPU (416.4%)
[skesa] Contigs out: 40 Genome: 1853577 N50: 115204 L50: 5
[skesa] Assembled in  0.274361s wall, 1.230000s user + 0.000000s system = 1.230000s CPU (448.3%)
[skesa] 
[skesa] Seed kmers: 0
[skesa] Cleaned reads: 38308
[skesa] Reads for connection: 22524
[skesa] Internal reads: 2032
[skesa] Reads cleaned in  0.341345s wall, 1.370000s user + 0.020000s system = 1.390000s CPU (407.2%)
[skesa] 
[skesa] Kmer len: 123
[skesa] Raw kmers: 1439062 Memory needed (GB): 0.069075 Memory available (GB): 33.9432 1 cycle(s) will be performed
[skesa] Distinct kmers: 44392
[skesa] Kmer count in  0.092190s wall, 0.370000s user + 0.000000s system = 0.370000s CPU (401.3%)
[skesa] Uniq kmers merging in  0.004845s wall, 0.010000s user + 0.000000s system = 0.010000s CPU (206.4%)
[skesa] Kmers branching in  0.014575s wall, 0.060000s user + 0.010000s system = 0.070000s CPU (480.3%)
[skesa] Kmer: 123 Graph size: 44392 Contigs in: 40
[skesa] Valley: 14
[skesa] 
[skesa] Mark used kmers in  0.093617s wall, 0.470000s user + 0.000000s system = 0.470000s CPU (502.0%)
[skesa] Kmers in multiple/single contigs: 0 30437
[skesa] Fragments before: 100 9308
[skesa] Fragments after: 89 9308
[skesa] New seeds: 0
[skesa] New seeds in  0.020468s wall, 0.090000s user + 0.000000s system = 0.090000s CPU (439.7%)
[skesa] Fragments before: 80 6772
[skesa] Fragments after: 78 6772
[skesa] Connectors: 2 Extenders: 76
[skesa] Connections and extensions in  0.150152s wall, 0.710000s user + 0.000000s system = 0.710000s CPU (472.9%)
[skesa] Contigs out: 38 Genome: 1853953 N50: 221649 L50: 4
[skesa] Assembled in  0.265375s wall, 1.270000s user + 0.000000s system = 1.270000s CPU (478.6%)
[skesa] 
[skesa] Seed kmers: 0
[skesa] Cleaned reads: 36430
[skesa] Reads for connection: 21642
[skesa] Internal reads: 1944
[skesa] Reads cleaned in  0.303361s wall, 1.240000s user + 0.030000s system = 1.270000s CPU (418.6%)
[skesa] 
[skesa] Kmer len: 135
[skesa] Raw kmers: 944501 Memory needed (GB): 0.0544033 Memory available (GB): 33.9415 1 cycle(s) will be performed
[skesa] Distinct kmers: 38047
[skesa] Kmer count in  0.075119s wall, 0.280000s user + 0.000000s system = 0.280000s CPU (372.7%)
[skesa] Uniq kmers merging in  0.005822s wall, 0.010000s user + 0.000000s system = 0.010000s CPU (171.8%)
[skesa] Kmers branching in  0.012918s wall, 0.070000s user + 0.000000s system = 0.070000s CPU (541.9%)
[skesa] Kmer: 135 Graph size: 38047 Contigs in: 38
[skesa] Valley: 0
[skesa] 
[skesa] Mark used kmers in  0.102814s wall, 0.520000s user + 0.000000s system = 0.520000s CPU (505.8%)
[skesa] Kmers in multiple/single contigs: 0 23992
[skesa] Fragments before: 87 9206
[skesa] Fragments after: 77 9206
[skesa] New seeds: 2
[skesa] New seeds in  0.019425s wall, 0.080000s user + 0.000000s system = 0.080000s CPU (411.8%)
[skesa] Fragments before: 76 7231
[skesa] Fragments after: 73 7231
[skesa] Connectors: 3 Extenders: 70
[skesa] Connections and extensions in  0.187188s wall, 0.660000s user + 0.010000s system = 0.670000s CPU (357.9%)
[skesa] Contigs out: 35 Genome: 1854955 N50: 221814 L50: 4
[skesa] Assembled in  0.310325s wall, 1.260000s user + 0.010000s system = 1.270000s CPU (409.2%)
[skesa] 
[skesa] Seed kmers: 0
[skesa] Cleaned reads: 35334
[skesa] Reads for connection: 20464
[skesa] Internal reads: 1995
[skesa] Reads cleaned in  0.312899s wall, 1.350000s user + 0.020000s system = 1.370000s CPU (437.8%)
[skesa] 
[skesa] Connecting mate pairs using kmer length: 21
[skesa] Connected: 4356 ambiguously connected: 5279 from 10232 mate pairs
[skesa] Connect pairs in  12.665301s wall, 59.690000s user + 0.090000s system = 59.780000s CPU (472.0%)
[skesa] 
[skesa] Connecting mate pairs using kmer length: 31
[skesa] Connected: 1449 ambiguously connected: 3827 from 5279 mate pairs
[skesa] Connect pairs in  2.662838s wall, 12.150000s user + 0.010000s system = 12.160000s CPU (456.7%)
[skesa] 
[skesa] Connecting mate pairs using kmer length: 43
[skesa] Connected: 337 ambiguously connected: 3485 from 3827 mate pairs
[skesa] Connect pairs in  1.005204s wall, 4.570000s user + 0.000000s system = 4.570000s CPU (454.6%)
[skesa] 
[skesa] Connecting mate pairs using kmer length: 55
[skesa] Connected: 85 ambiguously connected: 3398 from 3485 mate pairs
[skesa] Connect pairs in  0.828684s wall, 3.850000s user + 0.000000s system = 3.850000s CPU (464.6%)
[skesa] 
[skesa] Connecting mate pairs using kmer length: 67
[skesa] Connected: 459 ambiguously connected: 2936 from 3398 mate pairs
[skesa] Connect pairs in  1.104863s wall, 5.070000s user + 0.000000s system = 5.070000s CPU (458.9%)
[skesa] 
[skesa] Connecting mate pairs using kmer length: 77
[skesa] Connected: 55 ambiguously connected: 2875 from 2936 mate pairs
[skesa] Connect pairs in  0.731638s wall, 3.230000s user + 0.000000s system = 3.230000s CPU (441.5%)
[skesa] 
[skesa] Connecting mate pairs using kmer length: 89
[skesa] Connected: 425 ambiguously connected: 2439 from 2875 mate pairs
[skesa] Connect pairs in  0.881573s wall, 3.790000s user + 0.000000s system = 3.790000s CPU (429.9%)
[skesa] 
[skesa] Connecting mate pairs using kmer length: 101
[skesa] Connected: 270 ambiguously connected: 2125 from 2439 mate pairs
[skesa] Connect pairs in  0.885131s wall, 3.980000s user + 0.000000s system = 3.980000s CPU (449.7%)
[skesa] 
[skesa] Connecting mate pairs using kmer length: 111
[skesa] Connected: 151 ambiguously connected: 1954 from 2125 mate pairs
[skesa] Connect pairs in  0.734719s wall, 3.220000s user + 0.010000s system = 3.230000s CPU (439.6%)
[skesa] 
[skesa] Connecting mate pairs using kmer length: 123
[skesa] Connected: 149 ambiguously connected: 1734 from 1954 mate pairs
[skesa] Connect pairs in  0.659157s wall, 3.030000s user + 0.000000s system = 3.030000s CPU (459.7%)
[skesa] 
[skesa] Connecting mate pairs using kmer length: 135
[skesa] Connected: 142 ambiguously connected: 1490 from 1734 mate pairs
[skesa] Connect pairs in  0.659599s wall, 2.840000s user + 0.000000s system = 2.840000s CPU (430.6%)
[skesa] Totally connected: 7878
[skesa] Added notconnected: 2980
[skesa] 
[skesa] Kmer len: 167
[skesa] Raw kmers: 4611970 Memory needed (GB): 0.309924 Memory available (GB): 33.9387 1 cycle(s) will be performed
[skesa] Distinct kmers: 43730
[skesa] Kmer count in  0.246161s wall, 1.210000s user + 0.030000s system = 1.240000s CPU (503.7%)
[skesa] Uniq kmers merging in  0.004978s wall, 0.000000s user + 0.000000s system = 0.000000s CPU (n/a%)
[skesa] Kmers branching in  0.014988s wall, 0.070000s user + 0.000000s system = 0.070000s CPU (467.0%)
[skesa] Kmer: 167 Graph size: 43730 Contigs in: 35
[skesa] Valley: 54
[skesa] 
[skesa] Mark used kmers in  0.106485s wall, 0.580000s user + 0.000000s system = 0.580000s CPU (544.7%)
[skesa] Kmers in multiple/single contigs: 0 30607
[skesa] Fragments before: 76 10629
[skesa] Fragments after: 67 10629
[skesa] New seeds: 0
[skesa] New seeds in  0.019992s wall, 0.080000s user + 0.000000s system = 0.080000s CPU (400.2%)
[skesa] Fragments before: 68 9642
[skesa] Fragments after: 63 9642
[skesa] Connectors: 5 Extenders: 58
[skesa] Connections and extensions in  0.205351s wall, 0.730000s user + 0.010000s system = 0.740000s CPU (360.4%)
[skesa] Contigs out: 30 Genome: 1856241 N50: 223749 L50: 4
[skesa] Assembled in  0.332319s wall, 1.390000s user + 0.010000s system = 1.400000s CPU (421.3%)
[skesa] 
[skesa] 
[skesa] Kmer len: 303
[skesa] Raw kmers: 2967780 Memory needed (GB): 0.313398 Memory available (GB): 33.9362 1 cycle(s) will be performed
[skesa] Distinct kmers: 41311
[skesa] Kmer count in  0.239545s wall, 1.040000s user + 0.030000s system = 1.070000s CPU (446.7%)
[skesa] Uniq kmers merging in  0.005424s wall, 0.010000s user + 0.000000s system = 0.010000s CPU (184.4%)
[skesa] Kmers branching in  0.015842s wall, 0.080000s user + 0.000000s system = 0.080000s CPU (505.0%)
[skesa] Kmer: 303 Graph size: 41311 Contigs in: 30
[skesa] Valley: 42
[skesa] 
[skesa] Mark used kmers in  0.131758s wall, 0.680000s user + 0.000000s system = 0.680000s CPU (516.1%)
[skesa] Kmers in multiple/single contigs: 0 26023
[skesa] Fragments before: 62 13023
[skesa] Fragments after: 48 13023
[skesa] New seeds: 0
[skesa] New seeds in  0.022839s wall, 0.100000s user + 0.000000s system = 0.100000s CPU (437.8%)
[skesa] Fragments before: 47 12534
[skesa] Fragments after: 45 12534
[skesa] Connectors: 2 Extenders: 43
[skesa] Connections and extensions in  0.186078s wall, 0.830000s user + 0.030000s system = 0.860000s CPU (462.2%)
[skesa] Contigs out: 22 Genome: 1857078 N50: 223749 L50: 4
[skesa] Assembled in  0.341086s wall, 1.610000s user + 0.030000s system = 1.640000s CPU (480.8%)
[skesa] 
[skesa] 
[skesa] Kmer len: 439
[skesa] Raw kmers: 1658637 Memory needed (GB): 0.238844 Memory available (GB): 33.9325 1 cycle(s) will be performed
[skesa] Distinct kmers: 37682
[skesa] Kmer count in  0.182620s wall, 0.760000s user + 0.040000s system = 0.800000s CPU (438.1%)
[skesa] Uniq kmers merging in  0.002954s wall, 0.000000s user + 0.010000s system = 0.010000s CPU (338.6%)
[skesa] Kmers branching in  0.018232s wall, 0.090000s user + 0.000000s system = 0.090000s CPU (493.6%)
[skesa] Kmer: 439 Graph size: 37682 Contigs in: 22
[skesa] Valley: 23
[skesa] 
[skesa] Mark used kmers in  0.154628s wall, 0.750000s user + 0.000000s system = 0.750000s CPU (485.0%)
[skesa] Kmers in multiple/single contigs: 0 22615
[skesa] Fragments before: 55 13713
[skesa] Fragments after: 45 13713
[skesa] New seeds: 0
[skesa] New seeds in  0.029263s wall, 0.100000s user + 0.000000s system = 0.100000s CPU (341.7%)
[skesa] Fragments before: 41 12924
[skesa] Fragments after: 41 12924
[skesa] Connectors: 0 Extenders: 41
[skesa] Connections and extensions in  0.208710s wall, 0.880000s user + 0.010000s system = 0.890000s CPU (426.4%)
[skesa] Contigs out: 22 Genome: 1857664 N50: 223749 L50: 4
[skesa] Assembled in  0.393340s wall, 1.730000s user + 0.010000s system = 1.740000s CPU (442.4%)
[skesa] 
[skesa] DONE
[shovill] Checking for assembly errors in skesa.fasta
[shovill] Running: bwa index skesa.fasta 2>&1 | sed 's/^/[bwa-index] /' | tee -a shovill.log
[bwa-index] [bwa_index] Pack FASTA... 0.01 sec
[bwa-index] [bwa_index] Construct BWT for the packed sequence...
[bwa-index] [bwa_index] 0.40 seconds elapse.
[bwa-index] [bwa_index] Update BWT... 0.01 sec
[bwa-index] [bwa_index] Pack forward-only FASTA... 0.01 sec
[bwa-index] [bwa_index] Construct SA from BWT and Occ... 0.16 sec
[bwa-index] [main] Version: 0.7.17-r1188
[bwa-index] [main] CMD: bwa index skesa.fasta
[bwa-index] [main] Real time: 1.926 sec; CPU: 0.592 sec
[shovill] Running: samtools faidx skesa.fasta 2>&1 | sed 's/^/[faidx] /' | tee -a shovill.log
[shovill] Running: (bwa mem -v 3 -x intractg -t 6 skesa.fasta R1.fq.gz R2.fq.gz | samclip --ref skesa.fasta.fai | samtools sort --threads 1 -m 18432m --reference skesa.fasta -T /tmp/iOKT50_xlj -o shovill.bam) 2>&1 | sed 's/^/[bwa+samtools-sort] /' | tee -a shovill.log
[bwa+samtools-sort] [samclip] samclip 0.4.0 by Torsten Seemann (@torstenseemann)
[bwa+samtools-sort] [samclip] Loading: skesa.fasta.fai
[bwa+samtools-sort] [samclip] Found 22 sequences in skesa.fasta.fai
[bwa+samtools-sort] [M::bwa_idx_load_from_disk] read 0 ALT contigs
[bwa+samtools-sort] [M::process] read 421420 sequences (60000019 bp)...
[bwa+samtools-sort] [M::process] read 420718 sequences (60000004 bp)...
[bwa+samtools-sort] [M::mem_pestat] # candidate unique pairs for (FF, FR, RF, RR): (0, 208311, 0, 0)
[bwa+samtools-sort] [M::mem_pestat] skip orientation FF as there are not enough pairs
[bwa+samtools-sort] [M::mem_pestat] analyzing insert size distribution for orientation FR...
[bwa+samtools-sort] [M::mem_pestat] (25, 50, 75) percentile: (224, 341, 441)
[bwa+samtools-sort] [M::mem_pestat] low and high boundaries for computing mean and std.dev: (1, 875)
[bwa+samtools-sort] [M::mem_pestat] mean and std.dev: (337.17, 160.41)
[bwa+samtools-sort] [M::mem_pestat] low and high boundaries for proper pairs: (1, 1092)
[bwa+samtools-sort] [M::mem_pestat] skip orientation RF as there are not enough pairs
[bwa+samtools-sort] [M::mem_pestat] skip orientation RR as there are not enough pairs
[bwa+samtools-sort] [M::mem_process_seqs] Processed 421420 reads in 13.899 CPU sec, 2.264 real sec
[bwa+samtools-sort] [samclip] Processed 100000 records...
[bwa+samtools-sort] [samclip] Processed 200000 records...
[bwa+samtools-sort] [samclip] Processed 300000 records...
[bwa+samtools-sort] [samclip] Processed 400000 records...
[bwa+samtools-sort] [M::process] read 420162 sequences (60000156 bp)...
[bwa+samtools-sort] [M::mem_pestat] # candidate unique pairs for (FF, FR, RF, RR): (0, 208065, 1, 0)
[bwa+samtools-sort] [M::mem_pestat] skip orientation FF as there are not enough pairs
[bwa+samtools-sort] [M::mem_pestat] analyzing insert size distribution for orientation FR...
[bwa+samtools-sort] [M::mem_pestat] (25, 50, 75) percentile: (228, 345, 444)
[bwa+samtools-sort] [M::mem_pestat] low and high boundaries for computing mean and std.dev: (1, 876)
[bwa+samtools-sort] [M::mem_pestat] mean and std.dev: (340.91, 161.40)
[bwa+samtools-sort] [M::mem_pestat] low and high boundaries for proper pairs: (1, 1092)
[bwa+samtools-sort] [M::mem_pestat] skip orientation RF as there are not enough pairs
[bwa+samtools-sort] [M::mem_pestat] skip orientation RR as there are not enough pairs
[bwa+samtools-sort] [M::mem_process_seqs] Processed 420718 reads in 14.498 CPU sec, 2.296 real sec
[bwa+samtools-sort] [samclip] Processed 500000 records...
[bwa+samtools-sort] [samclip] Processed 600000 records...
[bwa+samtools-sort] [samclip] Processed 700000 records...
[bwa+samtools-sort] [samclip] Processed 800000 records...
[bwa+samtools-sort] [M::mem_pestat] # candidate unique pairs for (FF, FR, RF, RR): (0, 207678, 0, 0)
[bwa+samtools-sort] [M::mem_pestat] skip orientation FF as there are not enough pairs
[bwa+samtools-sort] [M::mem_pestat] analyzing insert size distribution for orientation FR...
[bwa+samtools-sort] [M::mem_pestat] (25, 50, 75) percentile: (229, 346, 445)
[bwa+samtools-sort] [M::mem_pestat] low and high boundaries for computing mean and std.dev: (1, 877)
[bwa+samtools-sort] [M::mem_pestat] mean and std.dev: (341.88, 161.31)
[bwa+samtools-sort] [M::mem_pestat] low and high boundaries for proper pairs: (1, 1093)
[bwa+samtools-sort] [M::mem_pestat] skip orientation RF as there are not enough pairs
[bwa+samtools-sort] [M::mem_pestat] skip orientation RR as there are not enough pairs
[bwa+samtools-sort] [M::process] read 419560 sequences (60000014 bp)...
[bwa+samtools-sort] [M::mem_process_seqs] Processed 420162 reads in 16.093 CPU sec, 2.526 real sec
[bwa+samtools-sort] [samclip] Processed 900000 records...
[bwa+samtools-sort] [samclip] Processed 1000000 records...
[bwa+samtools-sort] [samclip] Processed 1100000 records...
[bwa+samtools-sort] [samclip] Processed 1200000 records...
[bwa+samtools-sort] [M::process] read 405786 sequences (57927747 bp)...
[bwa+samtools-sort] [M::mem_pestat] # candidate unique pairs for (FF, FR, RF, RR): (1, 207380, 0, 1)
[bwa+samtools-sort] [M::mem_pestat] skip orientation FF as there are not enough pairs
[bwa+samtools-sort] [M::mem_pestat] analyzing insert size distribution for orientation FR...
[bwa+samtools-sort] [M::mem_pestat] (25, 50, 75) percentile: (231, 348, 447)
[bwa+samtools-sort] [M::mem_pestat] low and high boundaries for computing mean and std.dev: (1, 879)
[bwa+samtools-sort] [M::mem_pestat] mean and std.dev: (343.89, 161.59)
[bwa+samtools-sort] [M::mem_pestat] low and high boundaries for proper pairs: (1, 1095)
[bwa+samtools-sort] [M::mem_pestat] skip orientation RF as there are not enough pairs
[bwa+samtools-sort] [M::mem_pestat] skip orientation RR as there are not enough pairs
[bwa+samtools-sort] [M::mem_process_seqs] Processed 419560 reads in 15.582 CPU sec, 2.501 real sec
[bwa+samtools-sort] [samclip] Processed 1300000 records...
[bwa+samtools-sort] [samclip] Processed 1400000 records...
[bwa+samtools-sort] [samclip] Processed 1500000 records...
[bwa+samtools-sort] [samclip] Processed 1600000 records...
[bwa+samtools-sort] [M::mem_pestat] # candidate unique pairs for (FF, FR, RF, RR): (0, 200619, 1, 0)
[bwa+samtools-sort] [M::mem_pestat] skip orientation FF as there are not enough pairs
[bwa+samtools-sort] [M::mem_pestat] analyzing insert size distribution for orientation FR...
[bwa+samtools-sort] [M::mem_pestat] (25, 50, 75) percentile: (229, 346, 445)
[bwa+samtools-sort] [M::mem_pestat] low and high boundaries for computing mean and std.dev: (1, 877)
[bwa+samtools-sort] [M::mem_pestat] mean and std.dev: (341.87, 161.34)
[bwa+samtools-sort] [M::mem_pestat] low and high boundaries for proper pairs: (1, 1093)
[bwa+samtools-sort] [M::mem_pestat] skip orientation RF as there are not enough pairs
[bwa+samtools-sort] [M::mem_pestat] skip orientation RR as there are not enough pairs
[bwa+samtools-sort] [M::mem_process_seqs] Processed 405786 reads in 15.885 CPU sec, 2.619 real sec
[bwa+samtools-sort] [samclip] Processed 1700000 records...
[bwa+samtools-sort] [samclip] Processed 1800000 records...
[bwa+samtools-sort] [samclip] Processed 1900000 records...
[bwa+samtools-sort] [samclip] Processed 2000000 records...
[bwa+samtools-sort] [main] Version: 0.7.17-r1188
[bwa+samtools-sort] [main] CMD: bwa mem -v 3 -x intractg -t 6 skesa.fasta R1.fq.gz R2.fq.gz
[bwa+samtools-sort] [main] Real time: 14.439 sec; CPU: 77.088 sec
[bwa+samtools-sort] [samclip] Total SAM records 2090045, removed 15945, allowed 38205, passed 2074100
[bwa+samtools-sort] [samclip] Header contained 23 lines
[bwa+samtools-sort] [samclip] Done.
[shovill] Running: samtools index shovill.bam 2>&1 | sed 's/^/[samtools-index] /' | tee -a shovill.log
[shovill] Correcting errors in skesa.fasta
[shovill] Running: pilon --genome skesa.fasta --frags shovill.bam --minmq 60 --minqual 3 --fix bases --output pilon --threads 6 --changes --mindepth 0.25 2>&1 | sed 's/^/[pilon] /' | tee -a shovill.log
[pilon] Pilon version 1.22 Wed Mar 15 16:38:30 2017 -0400
[pilon] Genome: skesa.fasta
[pilon] Fixing snps, indels
[pilon] Input genome size: 1857664
[pilon] Processing Contig_9_122.782:1-243153
[pilon] Processing Contig_22_126.431:1-79808
[pilon] Processing Contig_16_124.545:1-32817
[pilon] Processing Contig_11_193.884:1-468
[pilon] Processing Contig_7_125.87:1-34898
[pilon] Processing Contig_3_118.643:1-29818
[pilon] Contig_11_193.884:1-468 log:
[pilon] frags shovill.bam: coverage 102
[pilon] Total Reads: 855, Coverage: 102, minDepth: 26
[pilon] Confirmed 467 of 468 bases (99.79%)
[pilon] Corrected 0 snps; 0 ambiguous bases; corrected 0 small insertions totaling 0 bases, 0 small deletions totaling 0 bases
[pilon] Finished processing Contig_11_193.884:1-468
[pilon] Contig_3_118.643:1-29818 log:
[pilon] frags shovill.bam: coverage 129
[pilon] Total Reads: 31667, Coverage: 129, minDepth: 32
[pilon] Confirmed 29797 of 29818 bases (99.93%)
[pilon] Corrected 0 snps; 0 ambiguous bases; corrected 0 small insertions totaling 0 bases, 0 small deletions totaling 0 bases
[pilon] Finished processing Contig_3_118.643:1-29818
[pilon] Processing Contig_1_125.766:1-210093
[pilon] Contig_16_124.545:1-32817 log:
[pilon] frags shovill.bam: coverage 134
[pilon] Total Reads: 36305, Coverage: 134, minDepth: 34
[pilon] Confirmed 32774 of 32817 bases (99.87%)
[pilon] Corrected 0 snps; 0 ambiguous bases; corrected 0 small insertions totaling 0 bases, 0 small deletions totaling 0 bases
[pilon] Finished processing Contig_16_124.545:1-32817
[pilon] Processing Contig_4_124.377:1-91575
[pilon] Contig_7_125.87:1-34898 log:
[pilon] frags shovill.bam: coverage 132
[pilon] Total Reads: 38685, Coverage: 132, minDepth: 33
[pilon] Confirmed 34670 of 34898 bases (99.35%)
[pilon] Corrected 0 snps; 0 ambiguous bases; corrected 0 small insertions totaling 0 bases, 0 small deletions totaling 0 bases
[pilon] Finished processing Contig_7_125.87:1-34898
[pilon] Processing Contig_10_119.473:1-295267
[pilon] Contig_22_126.431:1-79808 log:
[pilon] frags shovill.bam: coverage 137
[pilon] Total Reads: 89651, Coverage: 137, minDepth: 34
[pilon] Confirmed 79614 of 79808 bases (99.76%)
[pilon] Corrected 0 snps; 0 ambiguous bases; corrected 0 small insertions totaling 0 bases, 0 small deletions totaling 0 bases
[pilon] Finished processing Contig_22_126.431:1-79808
[pilon] Processing Contig_8_814.421:1-5156
[pilon] Contig_9_122.782:1-243153 log:
[pilon] frags shovill.bam: coverage 134
[pilon] Total Reads: 267415, Coverage: 134, minDepth: 34
[pilon] Confirmed 243140 of 243153 bases (99.99%)
[pilon] Corrected 0 snps; 0 ambiguous bases; corrected 0 small insertions totaling 0 bases, 0 small deletions totaling 0 bases
[pilon] Finished processing Contig_9_122.782:1-243153
[pilon] Processing Contig_21_516.738:1-691
[pilon] Contig_8_814.421:1-5156 log:
[pilon] frags shovill.bam: coverage 866
[pilon] Total Reads: 38807, Coverage: 866, minDepth: 217
[pilon] Confirmed 5156 of 5156 bases (100.00%)
[pilon] Corrected 0 snps; 0 ambiguous bases; corrected 0 small insertions totaling 0 bases, 0 small deletions totaling 0 bases
[pilon] Finished processing Contig_8_814.421:1-5156
[pilon] Processing Contig_12_142.673:1-3379
[pilon] Contig_4_124.377:1-91575 log:
[pilon] frags shovill.bam: coverage 135
[pilon] Total Reads: 101269, Coverage: 135, minDepth: 34
[pilon] Confirmed 91575 of 91575 bases (100.00%)
[pilon] Corrected 0 snps; 0 ambiguous bases; corrected 0 small insertions totaling 0 bases, 0 small deletions totaling 0 bases
[pilon] Finished processing Contig_4_124.377:1-91575
[pilon] Processing Contig_20_259.62:1-828
[pilon] Contig_21_516.738:1-691 log:
[pilon] frags shovill.bam: coverage 394
[pilon] Total Reads: 3612, Coverage: 394, minDepth: 99
[pilon] Confirmed 690 of 691 bases (99.86%)
[pilon] Corrected 0 snps; 0 ambiguous bases; corrected 0 small insertions totaling 0 bases, 0 small deletions totaling 0 bases
[pilon] Finished processing Contig_21_516.738:1-691
[pilon] Processing Contig_19_396.688:1-500
[pilon] Contig_12_142.673:1-3379 log:
[pilon] frags shovill.bam: coverage 117
[pilon] Total Reads: 3867, Coverage: 117, minDepth: 29
[pilon] Confirmed 3182 of 3379 bases (94.17%)
[pilon] Corrected 0 snps; 0 ambiguous bases; corrected 0 small insertions totaling 0 bases, 0 small deletions totaling 0 bases
[pilon] Finished processing Contig_12_142.673:1-3379
[pilon] Processing Contig_17_128.433:1-66243
[pilon] Contig_20_259.62:1-828 log:
[pilon] frags shovill.bam: coverage 192
[pilon] Total Reads: 2102, Coverage: 192, minDepth: 48
[pilon] Confirmed 828 of 828 bases (100.00%)
[pilon] Corrected 0 snps; 0 ambiguous bases; corrected 0 small insertions totaling 0 bases, 0 small deletions totaling 0 bases
[pilon] Finished processing Contig_20_259.62:1-828
[pilon] Processing Contig_5_126.344:1-92544
[pilon] Contig_19_396.688:1-500 log:
[pilon] frags shovill.bam: coverage 231
[pilon] Total Reads: 2150, Coverage: 231, minDepth: 58
[pilon] Confirmed 500 of 500 bases (100.00%)
[pilon] Corrected 0 snps; 0 ambiguous bases; corrected 0 small insertions totaling 0 bases, 0 small deletions totaling 0 bases
[pilon] Finished processing Contig_19_396.688:1-500
[pilon] Processing Contig_15_231.944:1-538
[pilon] Contig_1_125.766:1-210093 log:
[pilon] frags shovill.bam: coverage 136
[pilon] Total Reads: 233679, Coverage: 136, minDepth: 34
[pilon] Confirmed 210093 of 210093 bases (100.00%)
[pilon] Corrected 0 snps; 0 ambiguous bases; corrected 0 small insertions totaling 0 bases, 0 small deletions totaling 0 bases
[pilon] Finished processing Contig_1_125.766:1-210093
[pilon] Processing Contig_6_122.979:1-279046
[pilon] Contig_15_231.944:1-538 log:
[pilon] frags shovill.bam: coverage 144
[pilon] Total Reads: 1262, Coverage: 144, minDepth: 36
[pilon] Confirmed 538 of 538 bases (100.00%)
[pilon] Corrected 0 snps; 0 ambiguous bases; corrected 0 small insertions totaling 0 bases, 0 small deletions totaling 0 bases
[pilon] Finished processing Contig_15_231.944:1-538
[pilon] Processing Contig_13_117.369:1-16053
[pilon] Contig_17_128.433:1-66243 log:
[pilon] frags shovill.bam: coverage 138
[pilon] Total Reads: 75292, Coverage: 138, minDepth: 35
[pilon] Confirmed 66229 of 66243 bases (99.98%)
[pilon] Corrected 0 snps; 0 ambiguous bases; corrected 0 small insertions totaling 0 bases, 0 small deletions totaling 0 bases
[pilon] Finished processing Contig_17_128.433:1-66243
[pilon] Contig_13_117.369:1-16053 log:
[pilon] frags shovill.bam: coverage 126
[pilon] Total Reads: 16999, Coverage: 126, minDepth: 32
[pilon] Confirmed 16035 of 16053 bases (99.89%)
[pilon] Corrected 0 snps; 0 ambiguous bases; corrected 0 small insertions totaling 0 bases, 0 small deletions totaling 0 bases
[pilon] Finished processing Contig_13_117.369:1-16053
[pilon] Processing Contig_18_126.053:1-35355
[pilon] Contig_5_126.344:1-92544 log:
[pilon] frags shovill.bam: coverage 137
[pilon] Total Reads: 103814, Coverage: 137, minDepth: 34
[pilon] Confirmed 92528 of 92544 bases (99.98%)
[pilon] Corrected 0 snps; 0 ambiguous bases; corrected 0 small insertions totaling 0 bases, 0 small deletions totaling 0 bases
[pilon] Finished processing Contig_5_126.344:1-92544
[pilon] Processing Contig_14_122.162:1-115685
[pilon] Contig_10_119.473:1-295267 log:
[pilon] frags shovill.bam: coverage 130
[pilon] Total Reads: 312853, Coverage: 130, minDepth: 33
[pilon] Confirmed 295033 of 295267 bases (99.92%)
[pilon] Corrected 0 snps; 0 ambiguous bases; corrected 0 small insertions totaling 0 bases, 0 small deletions totaling 0 bases
[pilon] Finished processing Contig_10_119.473:1-295267
[pilon] Processing Contig_2_121.218:1-223749
[pilon] Contig_18_126.053:1-35355 log:
[pilon] frags shovill.bam: coverage 137
[pilon] Total Reads: 39988, Coverage: 137, minDepth: 34
[pilon] Confirmed 35355 of 35355 bases (100.00%)
[pilon] Corrected 0 snps; 0 ambiguous bases; corrected 0 small insertions totaling 0 bases, 0 small deletions totaling 0 bases
[pilon] Finished processing Contig_18_126.053:1-35355
[pilon] Contig_14_122.162:1-115685 log:
[pilon] frags shovill.bam: coverage 133
[pilon] Total Reads: 125722, Coverage: 133, minDepth: 33
[pilon] Confirmed 115659 of 115685 bases (99.98%)
[pilon] Corrected 0 snps; 0 ambiguous bases; corrected 0 small insertions totaling 0 bases, 0 small deletions totaling 0 bases
[pilon] Finished processing Contig_14_122.162:1-115685
[pilon] Contig_6_122.979:1-279046 log:
[pilon] frags shovill.bam: coverage 134
[pilon] Total Reads: 305836, Coverage: 134, minDepth: 34
[pilon] Confirmed 279038 of 279046 bases (100.00%)
[pilon] Corrected 0 snps; 0 ambiguous bases; corrected 0 small insertions totaling 0 bases, 0 small deletions totaling 0 bases
[pilon] Finished processing Contig_6_122.979:1-279046
[pilon] Contig_2_121.218:1-223749 log:
[pilon] frags shovill.bam: coverage 131
[pilon] Total Reads: 240794, Coverage: 131, minDepth: 33
[pilon] Confirmed 223747 of 223749 bases (100.00%)
[pilon] Corrected 0 snps; 0 ambiguous bases; corrected 0 small insertions totaling 0 bases, 0 small deletions totaling 0 bases
[pilon] Finished processing Contig_2_121.218:1-223749
[pilon] Writing Contig_1_125.766:1-210093 changes to pilon.changes
[pilon] Writing updated Contig_1_125.766_pilon to pilon.fasta
[pilon] Writing Contig_2_121.218:1-223749 changes to pilon.changes
[pilon] Writing updated Contig_2_121.218_pilon to pilon.fasta
[pilon] Writing Contig_3_118.643:1-29818 changes to pilon.changes
[pilon] Writing updated Contig_3_118.643_pilon to pilon.fasta
[pilon] Writing Contig_4_124.377:1-91575 changes to pilon.changes
[pilon] Writing updated Contig_4_124.377_pilon to pilon.fasta
[pilon] Writing Contig_5_126.344:1-92544 changes to pilon.changes
[pilon] Writing updated Contig_5_126.344_pilon to pilon.fasta
[pilon] Writing Contig_6_122.979:1-279046 changes to pilon.changes
[pilon] Writing updated Contig_6_122.979_pilon to pilon.fasta
[pilon] Writing Contig_7_125.87:1-34898 changes to pilon.changes
[pilon] Writing updated Contig_7_125.87_pilon to pilon.fasta
[pilon] Writing Contig_8_814.421:1-5156 changes to pilon.changes
[pilon] Writing updated Contig_8_814.421_pilon to pilon.fasta
[pilon] Writing Contig_9_122.782:1-243153 changes to pilon.changes
[pilon] Writing updated Contig_9_122.782_pilon to pilon.fasta
[pilon] Writing Contig_10_119.473:1-295267 changes to pilon.changes
[pilon] Writing updated Contig_10_119.473_pilon to pilon.fasta
[pilon] Writing Contig_11_193.884:1-468 changes to pilon.changes
[pilon] Writing updated Contig_11_193.884_pilon to pilon.fasta
[pilon] Writing Contig_12_142.673:1-3379 changes to pilon.changes
[pilon] Writing updated Contig_12_142.673_pilon to pilon.fasta
[pilon] Writing Contig_13_117.369:1-16053 changes to pilon.changes
[pilon] Writing updated Contig_13_117.369_pilon to pilon.fasta
[pilon] Writing Contig_14_122.162:1-115685 changes to pilon.changes
[pilon] Writing updated Contig_14_122.162_pilon to pilon.fasta
[pilon] Writing Contig_15_231.944:1-538 changes to pilon.changes
[pilon] Writing updated Contig_15_231.944_pilon to pilon.fasta
[pilon] Writing Contig_16_124.545:1-32817 changes to pilon.changes
[pilon] Writing updated Contig_16_124.545_pilon to pilon.fasta
[pilon] Writing Contig_17_128.433:1-66243 changes to pilon.changes
[pilon] Writing updated Contig_17_128.433_pilon to pilon.fasta
[pilon] Writing Contig_18_126.053:1-35355 changes to pilon.changes
[pilon] Writing updated Contig_18_126.053_pilon to pilon.fasta
[pilon] Writing Contig_19_396.688:1-500 changes to pilon.changes
[pilon] Writing updated Contig_19_396.688_pilon to pilon.fasta
[pilon] Writing Contig_20_259.62:1-828 changes to pilon.changes
[pilon] Writing updated Contig_20_259.62_pilon to pilon.fasta
[pilon] Writing Contig_21_516.738:1-691 changes to pilon.changes
[pilon] Writing updated Contig_21_516.738_pilon to pilon.fasta
[pilon] Writing Contig_22_126.431:1-79808 changes to pilon.changes
[pilon] Writing updated Contig_22_126.431_pilon to pilon.fasta
[pilon] Mean frags coverage: 136
[pilon] Mean total coverage: 136
[shovill] Repaired 0 contigs from skesa.fasta at 0 positions.
[shovill] Removing short contig (< 500 bp): Contig_11_193.884_pilon
[shovill] Assembly is 1857196, estimated genome size was 1800000 (+3.18%)
[shovill] Note: skesa does not produce a graph file
[shovill] Walltime used: 3 min 1 sec
[shovill] Results in: /Volumes/NGS_2/Bioinformatics/eriny/aphl_hackathon_2026/work/9c/d9f427d4d673d87d580b221fa464bf/SRR38121702_shovill_output
[shovill] Final assembly contigs: /Volumes/NGS_2/Bioinformatics/eriny/aphl_hackathon_2026/work/9c/d9f427d4d673d87d580b221fa464bf/SRR38121702_shovill_output/contigs.fa
[shovill] It contains 21 (min=500) contigs totalling 1857196 bp.
[shovill] Use Bandage to inspect the .gfa/.fastg assembly graph: https://rrwick.github.io/Bandage/
[shovill] Done.
