
WARNING: The number of threads is currently set to 1
You can specify the number of threads to run via -T numberOfThreads
NumberOfThreads must be set to an integer value greater than 1

RAxML, will now set the number of threads automatically to 2 !

Warning, you specified a working directory via "-w"
Keep in mind that RAxML only accepts absolute path names, not relative ones!

RAxML can't, parse the alignment file as phylip file 
it will now try to parse it as FASTA file



IMPORTANT WARNING: Sequences SRR38287114.contigs.fa.ref and SRR38287114.contigs.fa are exactly identical


IMPORTANT WARNING: Sequences SRR38121706.contigs.fa and SRR38287110.contigs.fa are exactly identical


IMPORTANT WARNING: Sequences SRR38121707.contigs.fa and SRR38287108.contigs.fa are exactly identical


IMPORTANT WARNING: Sequences SRR38121715.contigs.fa and SRR38121713.contigs.fa are exactly identical


IMPORTANT WARNING: Sequences SRR38198055.contigs.fa and SRR38121711.contigs.fa are exactly identical


IMPORTANT WARNING: Sequences SRR38198055.contigs.fa and SRR38121696.contigs.fa are exactly identical


IMPORTANT WARNING: Sequences SRR38287101.contigs.fa and SRR38287104.contigs.fa are exactly identical

IMPORTANT WARNING
Found 7 sequences that are exactly identical to other sequences in the alignment.
Normally they should be excluded from the analysis.

Just in case you might need it, an alignment file with 
sequence duplicates removed is printed to file ./parsnp_output/parsnp.snps.mblocks.reduced


Using BFGS method to optimize GTR rate parameters, to disable this specify "--no-bfgs" 


This is the RAxML Master Pthread

This is RAxML Worker Pthread Number: 1


This is RAxML version 8.2.12 released by Alexandros Stamatakis on May 2018.

With greatly appreciated code contributions by:
Andre Aberer      (HITS)
Simon Berger      (HITS)
Alexey Kozlov     (HITS)
Kassian Kobert    (HITS)
David Dao         (KIT and HITS)
Sarah Lutteropp   (KIT and HITS)
Nick Pattengale   (Sandia)
Wayne Pfeiffer    (SDSC)
Akifumi S. Tanabe (NRIFS)
Charlie Taylor    (UF)


Alignment has 17752 distinct alignment patterns

Proportion of gaps and completely undetermined characters in this alignment: 0.00%

RAxML rapid hill-climbing mode

Using 1 distinct models/data partitions with joint branch length optimization


Executing 1 inferences on the original alignment using 1 distinct randomized MP trees

All free model parameters will be estimated by RAxML
ML estimate of 25 per site rate categories

Likelihood of final tree will be evaluated and optimized under GAMMA

GAMMA Model parameters will be estimated up to an accuracy of 0.1000000000 Log Likelihood units

Partition: 0
Alignment Patterns: 17752
Name: No Name Provided
DataType: DNA
Substitution Matrix: GTR




RAxML was called as follows:

raxmlHPC-PTHREADS -m GTRCAT -p 12345 -T 1 -s ./parsnp_output/parsnp.snps.mblocks -w /tmp/tmpds5vz0sm -n OUTPUT 


Partition: 0 with name: No Name Provided
Base frequencies: 0.226 0.283 0.264 0.228 

Inference[0]: Time 17.764175 CAT-based likelihood -538949.419205, best rearrangement setting 5


Conducting final model optimizations on all 1 trees under GAMMA-based models ....

Inference[0] final GAMMA-based Likelihood: -573779.200698 tree written to file /tmp/tmpds5vz0sm/RAxML_result.OUTPUT


Starting final GAMMA-based thorough Optimization on tree 0 likelihood -573779.200698 .... 

Final GAMMA-based Score of best tree -573662.840928

Program execution info written to /tmp/tmpds5vz0sm/RAxML_info.OUTPUT
Best-scoring ML tree written to: /tmp/tmpds5vz0sm/RAxML_bestTree.OUTPUT

Overall execution time: 55.519291 secs or 0.015422 hours or 0.000643 days

